\BOOKMARK [0][-]{chapter.1}{Chapter\0401\040\040Introduction}{}% 1
\BOOKMARK [0][-]{chapter.2}{Chapter\0402\040\040Basic\040Concepts\040and\040Backgrounds}{}% 2
\BOOKMARK [1][-]{section.2.1}{2.1\040Data\040Center\040Network}{chapter.2}% 3
\BOOKMARK [1][-]{section.2.2}{2.2\040Concepts\040of\040SDN\040and\040OpenFlow}{chapter.2}% 4
\BOOKMARK [2][-]{subsection.2.2.1}{2.2.1\040The\040Element\040of\040SDN}{section.2.2}% 5
\BOOKMARK [2][-]{subsection.2.2.2}{2.2.2\040The\040Structure\040of\040OpenFlow}{section.2.2}% 6
\BOOKMARK [1][-]{section.2.3}{2.3\040Principles\040of\040Load\040Balance}{chapter.2}% 7
\BOOKMARK [2][-]{subsection.2.3.1}{2.3.1\040Classification\040of\040Load\040Balance}{section.2.3}% 8
\BOOKMARK [2][-]{subsection.2.3.2}{2.3.2\040Challenges\040of\040Load\040Balance}{section.2.3}% 9
\BOOKMARK [1][-]{section.2.4}{2.4\040OpenFlow\040Protocols}{chapter.2}% 10
\BOOKMARK [2][-]{subsection.2.4.1}{2.4.1\040Controller-to-switch\040Messages}{section.2.4}% 11
\BOOKMARK [2][-]{subsection.2.4.2}{2.4.2\040Symmetric\040Messages}{section.2.4}% 12
\BOOKMARK [2][-]{subsection.2.4.3}{2.4.3\040Asynchronous\040Messages}{section.2.4}% 13
\BOOKMARK [2][-]{subsection.2.4.4}{2.4.4\040Communication\040Process}{section.2.4}% 14
\BOOKMARK [2][-]{subsection.2.4.5}{2.4.5\040Role\040of\040controllers\040in\040a\040multiple\040controller\040situation}{section.2.4}% 15
\BOOKMARK [2][-]{subsection.2.4.6}{2.4.6\040Evolvement\040of\040OpenFlow\040Versions}{section.2.4}% 16
\BOOKMARK [1][-]{section.2.5}{2.5\040Controllers\040used\040in\040OpenFlow\040network}{chapter.2}% 17
\BOOKMARK [2][-]{subsection.2.5.1}{2.5.1\040Introduction\040to\040Ryu}{section.2.5}% 18
\BOOKMARK [2][-]{subsection.2.5.2}{2.5.2\040Other\040popular\040controllers}{section.2.5}% 19
\BOOKMARK [0][-]{chapter.3}{Chapter\0403\040\040Problem\040Statement}{}% 20
\BOOKMARK [0][-]{chapter.4}{Chapter\0404\040\040Algorithm\040Design}{}% 21
\BOOKMARK [1][-]{section.4.1}{4.1\040Centralized\040Migration}{chapter.4}% 22
\BOOKMARK [2][-]{subsection.4.1.1}{4.1.1\040Centralized\040Initialization}{section.4.1}% 23
\BOOKMARK [2][-]{subsection.4.1.2}{4.1.2\040Naive\040Centralized\040Migration}{section.4.1}% 24
\BOOKMARK [2][-]{subsection.4.1.3}{4.1.3\040Centralized\040Migration\040with\040Capacity\040Limits}{section.4.1}% 25
\BOOKMARK [2][-]{subsection.4.1.4}{4.1.4\040Centralized\040Migration\040with\040Switch\040Priority}{section.4.1}% 26
\BOOKMARK [1][-]{section.4.2}{4.2\040Distributed\040Migration}{chapter.4}% 27
\BOOKMARK [0][-]{chapter.5}{Chapter\0405\040\040Performance\040Evaluation}{}% 28
\BOOKMARK [1][-]{section.5.1}{5.1\040Experiment\040Environment}{chapter.5}% 29
\BOOKMARK [1][-]{section.5.2}{5.2\040Centralized\040Scheme\040VS\040Distributed\040Scheme}{chapter.5}% 30
\BOOKMARK [1][-]{section.5.3}{5.3\040Different\040Centralized\040Schemes}{chapter.5}% 31
\BOOKMARK [0][-]{chapter.6}{Chapter\0406\040\040Further\040Discussion}{}% 32
\BOOKMARK [0][-]{chapter.7}{Chapter\0407\040\040Related\040Works}{}% 33
\BOOKMARK [0][-]{chapter.8}{Chapter\0408\040\040Conclusion}{}% 34
\BOOKMARK [0][-]{appendix*.6}{REFERENCES}{}% 35
\BOOKMARK [0][-]{appendix*.7}{ACKNOWLEDGMENTS}{}% 36
