866
846
852
623
485
142
283
999
502
95
361
445
150
790
608
662
414
956
795
792
868
51
614
801
533
653
319
143
133
182
559
667
331
671
137
427
650
161
209
741
140
560
1
630
265
185
29
370
304
871
855
474
986
967
581
580
255
10
526
674
804
58
796
386
202
79
569
70
369
181
408
768
123
246
555
35
250
100
471
224
832
218
584
422
951
933
80
317
121
194
773
390
230
430
482
617
670
798
715
481
323
294
574
985
64
292
141
758
786
808
424
820
813
571
17
136
263
233
118
756
447
260
972
273
326
119
913
593
383
673
28
355
466
156
891
393
922
439
772
904
549
562
640
817
60
494
483
527
742
746
92
41
689
781
491
375
134
381
724
751
464
205
435
210
840
321
440
357
845
139
15
7
420
914
358
84
200
953
363
18
963
849
923
164
564
886
234
977
602
893
108
909
992
163
636
637
586
409
227
642
838
988
921
77
463
889
48
47
431
501
989
59
767
575
995
267
350
858
306
769
52
327
764
288
528
851
42
920
865
91
203
730
253
543
266
669
94
612
351
394
476
346
521
735
222
90
906
499
522
982
545
201
861
177
310
176
154
376
652
129
434
591
971
903
406
973
663
797
149
215
872
9
664
626
448
605
687
825
1000
30
870
240
717
550
631
268
225
219
396
729
353
703
656
657
169
639
888
33
384
103
853
425
391
646
651
325
167
842
880
552
197
480
736
592
583
433
75
342
244
600
815
170
755
917
4
125
495
655
39
452
503
675
601
924
766
829
207
509
505
901
536
520
261
688
238
839
284
683
83
401
25
512
459
692
738
799
819
978
844
547
949
700
883
23
944
411
900
308
128
598
611
762
13
282
916
783
432
419
722
437
948
828
958
475
107
102
132
378
983
37
269
110
965
171
38
130
360
16
648
217
3
186
705
106
749
938
530
835
262
442
254
330
894
666
784
458
726
743
418
469
322
216
468
372
50
82
812
300
704
668
19
55
929
570
596
892
884
157
324
248
672
392
73
11
168
281
66
885
707
680
945
737
606
776
473
416
309
682
625
836
690
12
565
628
710
43
76
345
290
780
101
896
97
478
492
881
647
827
558
438
45
534
979
212
793
153
714
981
556
823
686
517
706
610
744
365
685
387
193
603
701
237
498
678
88
454
966
897
824
173
69
446
214
627
313
573
377
172
563
998
622
31
619
814
721
968
546
274
428
732
347
644
354
641
338
124
189
328
496
24
854
805
940
725
166
777
693
312
518
457
587
843
479
875
926
120
116
962
952
620
994
557
371
335
467
429
453
112
510
444
529
147
720
629
158
599
765
572
336
235
343
723
850
32
594
976
62
719
36
869
49
946
187
78
426
993
890
57
228
754
511
109
753
311
89
26
857
348
506
791
927
716
6
950
397
165
919
712
388
537
833
541
183
72
20
539
532
2
588
421
514
895
135
487
385
113
318
404
615
504
85
61
356
21
561
577
279
739
782
301
146
484
333
220
585
785
931
398
932
774
259
490
276
206
184
696
367
990
551
525
542
597
415
221
734
299
99
211
679
760
190
553
863
382
733
660
302
138
373
837
613
821
519
22
936
305
915
271
289
264
911
53
111
643
87
131
160
590
126
864
359
208
450
14
178
280
882
188
412
961
275
618
231
251
748
960
455
252
285
497
661
270
794
352
405
307
816
68
293
609
74
567
778
213
578
402
935
810
460
344
488
71
364
709
848
247
711
395
859
368
162
770
941
535
831
554
856
874
954
195
410
436
441
677
873
277
516
878
970
286
489
918
847
298
81
691
806
180
258
296
456
449
104
907
40
278
991
841
809
908
822
731
582
803
727
862
524
152
340
665
115
996
807
752
513
523
538
417
969
947
174
616
380
576
589
747
702
997
191
105
389
531
65
899
462
242
366
877
802
634
566
974
320
876
243
204
465
959
621
175
548
245
649
63
638
148
295
771
400
232
122
654
789
145
607
199
407
811
645
472
633
695
316
256
362
500
955
241
930
659
114
93
681
697
887
46
937
728
461
44
867
975
964
315
544
303
939
740
493
287
934
477
830
987
236
403
699
942
486
763
718
349
898
379
905
226
151
443
745
198
159
127
698
451
910
332
179
595
117
470
912
98
223
860
694
314
67
339
624
8
508
984
272
423
757
297
337
413
34
144
291
879
775
56
787
329
334
943
928
374
579
229
788
399
759
980
86
779
750
196
658
515
27
761
54
507
192
708
249
902
800
257
341
604
676
568
635
5
818
239
925
826
684
540
713
96
834
957
632
155
