8765
7210
1545
4
3289
5060
88
4446
1671
3754
7203
31
63
6332
1786
2227
3024
5777
1394
8511
4326
3584
23
2261
5643
9155
3977
5716
2852
7491
151
875
2370
8705
4745
2096
3549
2345
39
5414
3909
2454
9131
6649
2310
9015
3004
6442
1915
6308
9330
5367
3162
9276
580
7480
3955
9401
9927
1532
6107
4248
7627
186
4316
2895
6582
780
69
8145
1340
6850
73
2005
4878
2780
6928
1911
79
5462
7228
462
1995
9156
8709
6267
391
382
8471
8345
1095
9899
93
8696
5283
8875
1783
7244
99
6846
9753
732
5175
205
608
4859
1299
7497
4652
4229
4693
4897
8793
4123
8792
1730
9559
6514
1333
6774
4856
5508
2893
1235
125
126
7936
8239
1758
6728
131
9019
394
6079
2706
4190
8720
7763
755
3488
4322
6398
3619
7351
5895
960
7419
7157
9283
3264
5079
7468
153
197
7696
7050
8503
4019
4433
811
1565
839
195
5561
5312
8319
9132
1453
1692
2536
6311
7074
3981
1745
7754
8956
6575
8007
179
6873
1898
259
2448
4152
2666
4486
6527
7467
842
190
5159
280
7738
8273
9634
9054
3771
6953
9160
3384
6821
7058
8675
8907
7561
591
1264
3678
1988
8014
1485
7113
2399
9696
7193
3091
8853
9340
7970
220
3506
6513
223
4332
9296
9073
8236
2526
1367
6136
3884
9571
6612
9115
235
7721
5912
392
4184
331
8423
2187
3209
9623
2902
3956
7088
4182
3394
1885
5248
3720
4689
254
6229
9164
8727
243
305
8943
2337
7185
5695
898
1404
2626
1105
9985
8846
931
9168
7694
3140
6854
474
3692
729
3122
4778
8545
569
1777
283
4477
285
7227
7243
4547
7465
1372
3204
4628
8704
380
1120
6830
297
8654
9745
1725
859
267
9119
1325
4721
5591
7346
3952
9805
1163
411
2402
3362
7573
4574
877
3356
8314
8208
3938
9815
3336
9288
8408
7916
979
6237
1640
2354
1685
7107
4841
184
334
5371
4474
4166
4434
4655
2839
2242
8184
7401
8001
2682
5641
659
7556
3690
9684
5719
8612
7274
8360
686
9361
5120
4287
3583
7476
9394
5492
7686
2826
3138
7948
4649
3375
8271
8352
5146
831
4133
354
2809
376
6423
6011
925
4448
6112
7308
4212
2517
4261
2687
3
388
389
5921
9353
2329
1056
8664
1679
1400
5167
824
2614
5038
6960
7389
7986
1347
9981
7315
1389
408
6067
8420
337
3444
167
3468
9094
1840
3919
3398
637
2132
7618
7173
3292
424
1249
2492
8060
6088
3016
1402
9422
5841
433
9622
4587
4545
2229
438
3153
8252
5901
1058
6781
9264
5766
5534
6415
448
6039
9652
2491
2110
1405
5771
7501
6446
8632
8012
3927
4882
3012
1914
7275
4820
8829
2817
467
3054
1086
319
6544
9592
634
2432
475
6884
6692
4383
2208
2031
4943
1356
8524
2477
4541
2020
514
1609
769
6461
8146
3311
9769
7906
3693
7562
9030
3302
7172
2205
1482
9212
7715
571
505
506
8478
1349
3044
2025
5385
841
1257
9047
2225
962
1716
5750
519
1101
6885
9014
523
9595
2811
526
8589
9645
1509
530
2355
1446
8601
8610
4898
5871
2057
1585
8893
3870
541
9612
9438
18
873
6343
3270
5293
3491
9902
8761
5129
6880
4994
5475
3876
8426
9786
2362
4147
2036
6786
3465
3789
5014
2008
9801
1297
881
3767
3917
6991
3845
2828
4465
5555
3230
5689
579
5600
4730
9580
1900
2053
270
396
661
2872
5092
9681
6443
1459
3586
24
4353
1108
3565
598
2285
6309
787
9606
4143
2306
4181
7950
8808
8175
6694
3676
5587
1100
5026
1421
1719
458
6411
1566
8670
2101
3645
8939
2203
5045
895
7935
2513
4887
7607
3349
631
1290
1083
9305
4901
8798
1429
196
2954
3899
629
4800
2254
7252
645
6763
667
6891
2908
3452
5344
7060
998
9241
662
3980
8833
6571
1371
7406
4681
785
9360
2383
8823
2409
9397
6787
669
4444
8877
9602
2107
3582
8910
676
677
9839
679
4611
9037
3585
683
2907
4709
2507
3529
6792
9851
7295
3760
9190
3683
253
674
8160
1622
698
8169
8927
9510
2451
7629
3480
2578
706
4348
8745
709
6073
7131
8170
8858
4934
7416
3116
308
8057
213
6026
6959
3236
7000
8382
819
5843
4844
368
221
7418
2269
2476
733
6241
6147
3352
1197
3453
3166
5365
5161
1348
5445
5966
4631
746
8587
4294
1742
1648
8283
7848
1571
754
3194
6116
7273
7253
4221
4771
7616
4157
1160
764
815
3629
493
768
6416
770
817
772
933
3325
4515
776
2743
2725
457
8059
303
6178
7479
7159
7975
2253
5166
9768
1918
5477
791
341
5875
4972
795
7888
7037
9275
9059
800
141
136
7905
804
6920
1560
352
6211
809
1034
6679
8455
8171
7868
5441
9310
9979
5779
725
4325
9762
7701
9285
5972
6633
1800
4464
7271
2522
4239
5286
4532
6913
2418
7590
1206
8555
1803
3796
8340
8941
8552
3261
5406
4329
4736
5598
9651
3454
6599
3551
7189
2941
1586
7915
3322
9840
3728
301
1396
327
1061
7563
4614
2348
595
2984
3518
869
4165
3327
9213
551
1975
148
3805
4462
6919
7739
3936
1363
463
4633
884
2445
2256
171
2834
7297
1664
7124
6904
1557
1749
5565
6833
2702
9102
3570
6604
1111
1422
5618
5250
8367
2998
3625
5393
2596
910
9166
5509
7831
8700
1411
7840
6417
3450
7471
4576
6324
2775
8280
1240
1232
4277
2245
928
1461
182
7144
3168
4104
1841
2209
3277
322
3189
8600
6773
941
9908
943
6280
1887
9225
5780
5373
1043
4747
8289
4749
3335
9818
5150
7713
957
8830
58
9222
8153
7829
4646
2403
7359
4080
1562
4344
7827
7925
6300
3935
8862
7420
3114
1097
116
5343
3714
1763
9085
193
5331
6159
5133
3685
3473
4550
3295
1740
2905
8109
4472
1181
3545
512
5307
9393
5245
8486
2373
1002
4892
9211
1005
1006
2932
2758
379
156
8080
2801
269
2498
2041
8571
8851
1523
3631
4060
6199
1022
1023
6376
5404
8681
1027
1689
4349
3301
2154
3155
7014
9827
3716
6617
5528
3013
1041
5148
2048
7708
1602
4476
1045
9959
4750
1790
4138
1050
9429
5195
9021
4667
4253
4178
8083
4164
6302
759
7446
2560
1079
3432
8180
4653
963
4659
2183
139
5067
9823
5086
57
4651
1495
1543
7508
2534
7751
5788
2992
5184
4773
9294
5853
8369
2034
6432
3275
6896
8092
3976
2290
7662
993
8216
2846
9781
6193
6139
6412
1103
3934
302
4632
8947
3290
3252
9278
8539
3286
6246
1114
8397
7222
3609
6240
7789
7683
9569
2312
7752
3594
3337
951
5332
6780
3111
6498
3216
3561
1133
7183
1123
589
1855
3799
5926
7085
2076
7072
5753
4735
1598
1146
4912
1148
9476
5894
9920
7937
2288
1173
1985
154
8523
8377
4930
1444
1161
2475
7913
5104
7922
5176
502
7021
2541
3391
1171
1172
2829
6181
2748
8215
6238
8217
6714
1180
3058
6695
6771
7313
5366
6453
5876
1346
2894
1190
2769
1004
4789
5333
8412
41
7194
7893
7762
5004
3415
2388
4788
8293
8566
627
8532
3438
9692
1210
8996
3475
6488
6363
4609
8782
7866
5898
1219
5427
856
9828
1658
2785
1225
9441
7589
6264
1927
6110
1316
9092
8733
2757
6134
3718
1237
9466
1962
3697
3135
9270
8891
9479
7711
8320
5996
6715
1607
5256
3634
2993
763
684
8505
3907
4551
4746
7636
2973
8462
7943
2594
5162
1265
1266
7147
1250
1269
7818
5411
166
5929
3177
8282
1866
9663
8365
3825
9007
9501
5878
3321
1074
7140
6245
5923
4752
5672
422
5242
660
1293
8766
3330
1296
7962
395
9269
5172
4715
3677
1021
5234
9583
8335
1780
144
9001
6125
6864
1312
3494
1259
9327
5564
4975
1802
3409
3900
5457
8128
6672
9614
4336
7640
3448
6234
7443
9062
4906
6721
4107
1069
696
4456
9555
9392
2760
783
1244
8401
8005
5205
4922
9988
7845
2977
8787
5200
6330
6101
6487
2049
3651
554
663
5536
1359
1810
5663
3367
4834
1856
5058
9924
5051
2681
4168
1370
510
7026
5348
6762
5939
6776
2023
4662
1437
7545
9919
1382
8965
9488
5864
1891
1001
7756
5775
1390
2314
8725
9162
6025
1972
5071
7286
3495
7016
9061
650
7363
1815
6605
3833
162
7760
1408
2782
6150
1062
7083
1413
7515
1019
7423
6485
4282
6271
7279
3848
4454
2425
5585
2618
5228
4688
6043
7163
1430
3389
4785
7394
750
1199
1436
822
5372
8214
8089
3052
2579
1873
3779
2844
4413
8049
1448
8034
1850
1427
1712
1366
9604
5964
4213
1457
7054
5985
4808
317
1462
6310
450
3797
247
3984
4308
5563
5971
995
3297
1473
8575
8970
6949
6586
8911
1479
9202
490
3777
1483
9500
2546
5575
806
5301
9253
7445
9461
9192
7581
9911
7283
7624
3991
641
5651
5888
6034
2429
1503
4936
3434
1506
1129
2200
2286
703
8074
2446
8135
3254
1597
2996
8043
1518
7440
5392
3620
4334
7849
7672
7400
685
7600
137
1529
5055
4310
8304
5905
7598
1306
5868
1134
2861
3435
5289
5488
4581
5049
1228
3203
2864
6842
8366
1652
8922
6372
1828
8151
9104
2128
1902
893
9199
8567
9642
5436
8011
8237
436
3205
1159
5461
1634
1837
6007
9053
2047
6395
3120
8174
3756
8468
1572
2695
6418
8347
967
1377
1584
9153
7857
2168
1588
3893
9170
1591
7966
3517
7504
621
7621
4398
3785
5022
4036
5403
1449
4473
1704
1009
3669
7299
3681
488
5428
8683
1612
1613
6184
1234
7067
1617
5320
1812
4368
3496
6244
2555
324
2469
626
1627
3844
9567
2193
9122
8753
7462
1048
2249
1877
9472
9016
9743
3278
3199
1452
8475
7139
210
7703
459
858
9415
7734
8008
9314
7241
8809
2697
1548
1455
4671
4279
3949
9205
7084
1166
1431
1615
8037
4945
735
1928
5064
2125
8069
2411
5380
1675
2022
9597
3354
70
1680
9881
8512
4857
1104
3030
7773
3700
5157
3224
9820
4858
6555
7248
9632
4843
7488
478
5877
2462
2985
5522
2042
1703
6595
1216
9045
3946
8187
5683
2078
3222
3221
1713
7327
4065
6752
6371
6926
1030
8050
1721
4793
4964
1724
8921
1020
9268
1728
9723
3830
5308
6638
1515
1734
3021
5605
8348
1491
5938
8754
1750
1540
1743
6546
2552
1746
5251
7200
2761
975
9376
3808
1753
1476
4748
2639
1757
7987
9177
3541
7940
1639
3750
5211
140
4208
9247
2786
8485
4654
7568
7235
3929
5321
3906
8061
6757
1832
7722
4113
94
3674
9574
2650
1903
9317
1686
4523
5273
4494
6828
6326
2515
6027
8772
1796
8374
8266
3699
2813
7548
5127
9443
520
717
6230
697
310
4498
3324
2006
1767
9806
635
7881
5212
6952
5948
8776
5204
8416
6144
7500
9699
5009
6973
5097
8979
1829
1830
2194
7453
1833
5859
2660
7529
2669
339
5644
6196
2147
1519
9829
2033
2943
664
5173
6020
3136
4393
9017
886
3249
1192
2994
4416
3618
8072
5741
3281
3320
1862
789
9326
2873
445
5208
1868
8882
225
5317
1872
114
1286
6249
1876
9080
4369
5376
2392
7141
9306
7569
7017
3866
7486
8422
7095
1889
455
7430
7666
5811
3557
4285
4914
6788
5566
8615
6748
2991
6729
8595
9277
5347
3867
1775
1908
479
1330
6228
6897
2014
7834
2981
3308
1554
3999
2289
3703
1921
6631
9034
1795
8183
8838
6957
1888
132
4043
8064
5977
14
8291
1935
9272
1894
6151
4003
7652
1941
5589
6105
1794
7871
8682
8915
4997
9468
1950
7101
8810
7610
6958
2503
1561
256
27
632
7742
1309
9301
1779
1513
7538
2191
5958
5835
4447
1047
1971
6119
2173
8786
9208
2842
1381
321
5459
496
6122
2016
7506
8676
7240
9359
597
8234
9603
1398
1748
2459
1128
4051
6224
1996
1687
1175
1999
3622
8010
3986
9189
9027
4337
8814
7392
566
9763
8926
1575
8790
234
2649
521
5691
5770
7615
3031
2315
2146
6369
2651
2024
3849
6323
616
5717
4596
9116
4200
6365
7154
6602
8202
1480
832
5124
8579
1537
6093
848
6194
2044
2045
7973
8669
5858
7689
5586
7251
2052
9343
1919
501
1778
2616
2820
2059
8652
7483
2062
6839
2064
5551
8253
8712
9972
287
3343
9993
6654
5334
1258
7429
7735
8607
7552
7162
300
2081
1374
9111
1517
1797
8398
1075
8703
1028
2090
1827
2273
4612
2094
2363
1970
7724
1534
5231
2093
620
2642
2086
945
2105
2887
4010
4529
5128
1661
2848
4087
6163
369
9533
617
497
2118
2119
3847
9673
4935
1178
5424
1035
1861
5288
8805
2139
2233
5198
5350
5515
8476
5975
3502
8100
7296
1879
9751
4108
1209
2143
3461
528
3117
71
2983
2149
1600
1344
4797
2153
9448
9932
2922
228
690
7254
9523
361
2487
9539
8831
1759
9083
9914
1579
4726
1656
3580
469
7714
6937
8553
4435
2226
1136
3943
5491
6922
8041
290
4849
9315
5470
3915
2188
6900
4540
593
2095
6185
5274
5690
1320
2197
2198
2199
1674
449
8871
1531
6449
3210
1395
1934
3294
7541
1327
2211
4907
1580
807
736
4949
5769
2218
4583
3069
9418
7899
4983
829
7746
6708
5706
4706
8311
612
8889
4137
3535
6322
11
4569
5460
7809
386
8313
2241
6648
9497
9593
7632
8888
5052
6703
3172
3753
2783
2252
7874
3369
2255
6396
1007
1774
4354
5142
9338
2262
8982
7553
8231
8440
4423
576
4933
3878
4127
2393
4995
2274
7995
700
1569
5474
2279
2171
1628
3418
3255
3864
9982
7300
9833
6276
6357
4388
4461
3726
2530
2294
7231
2855
9055
5995
8872
3816
8277
8668
6306
2304
2305
447
9412
8572
5419
5003
5106
377
4195
1302
5742
6531
9940
5707
5271
6551
888
3969
8495
8679
3425
672
1281
3437
6872
5701
6730
5917
2333
2170
4125
7633
3869
6214
8209
8315
9142
15
8263
743
6860
4240
6272
865
2271
5897
9386
8310
4204
1917
7494
5760
8570
5714
4916
2349
3599
6335
5451
5442
1897
6512
378
9882
30
2035
9861
4554
4894
8954
2375
6836
6207
2378
5866
6059
8562
2382
1385
6452
1973
7520
5229
7677
1823
6017
3378
9449
9478
2957
8123
7456
208
8131
6298
6265
1507
6350
964
8270
7803
214
9486
5134
7043
3149
3672
9859
2413
6250
9304
250
8437
900
5612
2420
7457
7979
4670
3087
2945
7145
1472
2428
245
3632
5740
3427
8645
3717
5997
8312
973
1623
1393
2440
3266
5483
2230
2665
6975
9725
7426
6687
4146
9087
4779
670
2453
174
2455
2456
2457
7549
3223
2544
2461
1203
4487
4699
2465
5213
8984
6699
2275
2470
8469
7345
2481
9463
435
8489
8592
2816
1504
546
5125
7460
1445
7236
2558
2207
9043
2148
9413
216
883
2184
2703
2150
614
3291
9974
5280
3179
8351
2501
1594
1955
4309
8141
381
5177
9564
4924
2527
2950
6565
6835
2514
333
3372
8228
7982
9347
3667
8413
8698
2523
2485
7926
860
5269
2141
9239
9172
6903
2749
8738
7022
3826
5145
9776
6004
726
1942
8819
3803
2520
4890
5932
7360
3040
8026
6466
8378
2551
6532
6003
2976
2566
588
5496
1167
4784
5782
2561
2637
8067
9591
5953
7452
3332
4648
8801
2756
4366
9373
4160
1733
6996
4770
2577
9475
5969
7554
9802
3217
2583
2535
3106
5108
8992
6530
8785
5900
3399
8105
7258
7490
8336
9661
390
7217
7464
2600
5904
2602
9584
6434
4682
4194
7399
4179
7023
2556
2157
4625
6274
4246
421
5847
6583
9130
9356
2079
1282
5118
2823
8463
9196
7539
1039
2112
2629
2331
2631
2632
8016
4889
4062
5069
2865
2638
5817
6409
5846
9396
2643
4845
1223
6161
5282
9332
7604
164
2952
2652
9072
4102
862
1983
5928
9228
8569
8976
9596
3642
3034
6336
2299
9029
966
8647
9639
6382
2671
2672
5482
7337
8514
7469
9615
5454
6824
2680
2012
4680
5796
6657
3963
20
8920
430
8751
3889
4335
2565
9760
2694
4756
5375
6426
1678
8112
2221
9503
1688
1916
3487
6472
2944
86
1087
5793
2897
8844
5094
6967
1655
4893
4865
5466
6414
2719
4833
6796
1332
7053
5548
3152
4990
6817
3163
4313
6769
5506
2656
2733
4839
7319
7119
5370
2106
2426
2740
4860
6405
189
2217
9534
6157
1057
9873
8866
6887
3926
2752
2753
4829
3784
6925
1624
6847
2885
4548
6982
4377
2763
2764
3633
4691
157
4663
7798
1233
7282
4958
2773
2172
1870
2776
3792
5540
2779
896
6529
7049
299
277
483
1771
7075
7815
2789
9165
2791
9358
7820
2311
2898
7747
7421
1956
5352
4959
5168
3467
8116
2804
2860
5781
1343
8359
357
4141
1142
3525
5131
2814
5794
5784
8091
2818
6831
8021
1441
2822
821
3248
6696
8206
5832
7438
4697
2830
6480
6662
4017
6220
5132
5360
2837
6644
8903
6366
8015
5889
7214
4560
4573
4414
2921
9543
1949
5224
654
7192
5861
7171
2296
2856
9125
1037
8549
9560
3093
2862
2987
9711
1137
739
9788
8807
3119
2870
8946
905
1132
2874
2385
8220
1886
7071
1238
1968
2881
2395
555
4237
2473
2886
8613
3092
4070
3783
4491
2892
5636
980
4173
2880
6962
3581
1912
2900
2742
6705
5423
6175
3334
2906
3410
6333
8299
4260
1456
2912
367
2914
2915
2916
1645
2391
1051
3630
1568
1304
2923
7001
8774
2926
4386
9542
8602
2930
6392
2308
6033
3725
274
2936
3689
6686
7592
2940
5199
1089
1845
7889
9702
2946
1650
9964
4068
7390
6795
8321
715
9200
2934
8212
4312
4228
6593
8914
5021
2962
9671
3897
3287
6108
855
748
1762
9183
9670
8130
7836
2266
6812
2109
1011
2548
1611
7737
4407
1315
3014
4142
794
2986
4886
2988
2989
2990
1239
1423
1524
5838
418
5530
4948
8961
3107
4661
9023
5669
9103
47
9991
3006
3874
3008
7897
1245
5389
7895
4896
7856
7396
2547
6965
3338
1875
9313
6961
3022
5432
9482
5634
7110
6413
9512
3029
1458
252
4073
2805
2291
7802
8643
40
808
8481
4500
6561
5309
3043
8544
2859
5990
6902
7375
7096
3050
6540
6242
5819
1926
3882
1880
3057
5502
3059
9811
2966
8520
3539
4450
3065
9379
1208
7415
2317
5098
5252
1064
3550
3074
9780
8642
3077
7733
1252
3080
3081
3082
1982
5885
1135
8655
2330
9232
3089
4776
4998
7393
2635
5299
8443
7692
3097
3644
5464
1633
1324
3102
3225
2525
4814
853
2219
3134
7944
1354
5113
5704
996
1220
3639
1766
1610
3118
2869
8714
5693
7872
3123
1484
3125
298
3127
2379
1426
3130
262
8997
3133
3071
3598
6279
3137
9905
718
4415
7018
2540
3143
3144
4825
420
2803
4961
7808
3780
1984
778
8421
4944
3802
8474
6268
3158
3038
3905
7517
53
5666
9260
3165
1843
9088
5749
3563
3279
7832
7002
6585
251
3175
491
8815
3178
360
248
4002
2435
7199
1463
6782
6883
623
2353
8119
3190
3191
3192
3193
9901
9299
8983
54
3198
5813
4422
5616
9732
9365
1125
7151
6956
8541
3208
9563
8868
7011
3212
3213
3214
705
6761
2398
9215
1442
3220
9656
3200
1539
2730
7947
52
5982
3228
6976
3721
610
6936
3440
1182
4000
9568
5297
3238
9515
6723
224
3242
8155
5316
3245
1552
6294
2224
1723
6917
1977
3283
2220
170
2734
8137
7331
2069
7532
3694
8930
4947
5844
7436
3265
1522
2882
8247
6537
8211
3987
62
3273
9154
1768
6437
9022
3627
2959
6994
6394
7525
3154
3514
9685
1112
6492
4187
5965
1883
6038
1162
6853
7591
8818
3298
8674
4005
8597
4732
7006
2276
3303
6209
9344
1582
3094
2235
3309
3310
5645
3312
3821
5712
9800
3316
8428
3318
3319
9794
2644
7655
8608
1638
6625
3326
4996
66
3788
4425
9665
6668
3333
5739
6273
7370
4942
316
5752
3340
3341
3342
4640
4049
8296
3858
7427
3348
3195
3350
6387
4702
1410
4672
486
7557
38
3591
7034
7201
318
4875
3363
6145
8599
3201
8617
1147
9096
2845
9226
3798
3373
5786
8004
5720
3377
4172
8492
9219
2085
5116
2953
6620
8694
4392
4161
7606
7039
4932
5801
3392
3393
2115
8716
2619
6046
7309
401
7637
2155
5874
7961
3404
3381
2404
3407
5872
2092
1769
4891
1989
5016
3414
7498
3026
6253
1351
3419
3400
3421
9975
1620
3424
8157
2366
1684
2494
3429
7404
3431
7357
1314
2931
3983
5725
441
6174
1227
8309
2181
3442
3443
6516
4558
340
1736
7680
4265
9520
4660
7220
8189
6233
2659
4380
2433
2051
9051
3460
4225
3462
7805
503
901
242
4578
3003
3469
8611
5595
3472
1466
3474
1647
2405
4037
3478
48
9139
3481
6045
3483
2701
2176
2015
880
9848
7605
3490
560
1663
4321
6407
9323
4992
6801
1337
4517
4463
8825
3572
3503
3504
9217
4094
3345
306
6006
2531
6325
3512
3513
784
4737
8230
6623
6467
8538
7838
561
5268
9653
3524
4103
5665
227
5524
687
7307
3531
6138
3533
3534
606
8308
3537
9577
3063
9669
7352
3542
6878
5410
55
2679
3547
1896
7842
5510
1187
8803
7993
4823
3555
3556
1937
3067
6626
404
2611
6630
1388
8127
454
1581
2326
3568
3569
7575
9076
6477
1040
3574
3575
3576
2166
7484
3579
994
7321
1814
8330
7717
7770
2871
3587
6671
8278
9804
9870
3416
1690
6179
3169
9746
6525
9712
4378
3600
921
5497
3471
6012
3605
5825
3607
8019
5728
3610
9459
3612
9576
8894
6800
1944
1818
3156
5109
222
7170
1994
8863
564
907
3626
5937
4394
766
2648
6397
9641
4786
1708
3520
3636
1217
7929
2058
2131
3366
3930
6402
547
8568
3646
6457
1277
9203
3635
2745
1280
8118
3601
3655
9252
9938
3056
4106
2516
3661
4888
7056
3664
3365
9857
6103
4023
6169
4466
3671
338
9704
9537
4217
5518
6050
6950
8454
4299
3070
8717
6190
201
4004
5019
802
9453
4346
935
3691
689
4927
7013
1285
6642
4950
1637
8964
4319
6877
8634
7699
7146
7454
3706
2438
3708
8000
3710
1350
2559
3713
1838
9830
2975
4738
6499
6666
5478
6635
3084
8259
5542
3511
4244
8354
8551
3729
3730
3072
3732
3733
3734
3908
3736
9957
5947
3739
3740
3741
3742
3307
2890
3745
6247
8404
3748
8275
1189
3382
3752
3643
6564
2361
8
3757
4489
6483
2647
9410
6803
7294
9546
3765
3766
1849
8684
3769
3770
3950
2505
3773
6024
3775
8387
713
3417
3368
6497
2087
6076
8955
2788
777
3786
1072
4373
160
4367
8726
1263
2338
3794
4131
607
212
7896
7267
3271
5970
6173
9619
3804
276
1165
7663
6504
1013
3810
6606
5275
6285
1116
6978
2300
3817
3818
4905
7377
965
8978
6189
8267
4149
4443
9943
9814
374
4556
2192
6522
7324
3834
4530
3183
3837
2415
3811
7964
6162
8817
3843
3458
109
3268
3877
8465
1976
9065
3851
8735
3939
6581
8641
2068
4427
8536
3960
3860
9150
1215
350
5206
3865
2858
4013
161
3464
5472
3871
6813
7143
5721
4707
9114
7705
4410
8975
7949
3881
5603
7323
9236
3141
1820
2539
3888
2120
5012
3891
3892
2524
4216
2901
6252
2964
7639
5751
2342
9869
8243
9181
3904
3160
4598
3589
2260
1029
3910
3911
4840
1592
3914
2888
4677
2597
9499
6056
2061
4209
3922
8490
3924
8832
2751
7470
3928
1601
3841
6373
534
7796
3663
1
946
7380
6428
761
6386
9791
544
1681
3944
4703
8459
3887
3948
6297
2247
3951
5946
2165
3666
7580
4616
3957
7160
118
5758
8460
2103
7882
3964
2267
9031
3790
6667
8356
1144
3971
6141
3973
3974
9378
4579
8456
5337
8165
830
952
5517
9110
7455
8861
7660
9390
217
5632
9348
146
3992
3993
3994
7980
3996
4674
2325
5660
7020
4001
8285
8973
4271
9452
4006
3564
2367
3925
1435
1744
8032
1516
8303
4015
5298
1576
138
8967
464
7045
6097
9284
1739
4025
4026
4079
4028
4029
4030
9664
1852
4033
8140
9273
3233
6749
6380
4039
5772
4041
2722
6001
9885
3048
1080
9659
8197
1122
7879
4880
1711
4053
4054
9071
6378
1978
4058
4059
9473
8343
1279
2037
2443
7432
6438
5217
1469
4069
5761
5149
9637
5529
1563
2798
4076
4077
8241
6843
7298
9701
5390
5854
4811
4426
3385
7535
1195
7379
4090
8242
8874
8399
7312
5642
4096
3763
882
4099
4100
3705
1401
2334
3095
6674
284
9491
2574
1157
5017
4111
9877
7123
4114
4115
472
4117
8680
4119
9382
3226
9514
4317
9146
119
3066
4828
3615
4129
7347
3507
6282
8528
4981
7291
4048
4695
5262
7537
8630
8639
762
4290
4144
2243
4418
3408
2421
8623
820
4151
1793
207
4154
4155
4156
4877
4399
969
8045
6559
6998
4163
5863
870
1496
4167
1867
8980
8951
3211
5539
5446
4174
565
8210
4177
8879
1878
159
4254
3246
4183
5138
6698
9627
3822
3112
1323
2735
4381
2339
4731
4459
460
1844
4197
2670
3801
8836
5504
8081
4203
2925
4552
4206
4207
9325
1288
4902
9086
2569
902
9836
7
3853
3774
5578
4297
2877
7750
3650
4257
1653
7651
9259
8985
9097
158
2668
6562
6755
2479
849
6894
5141
2159
5296
9793
1292
7891
1360
2377
9320
2718
4743
7111
8635
3815
8003
4251
4252
5076
673
515
4256
7690
2917
4259
2603
385
6427
4263
1966
5646
5214
8934
4666
4269
7091
8762
2646
1696
4274
4275
4276
5837
1920
5386
1555
4281
879
307
4284
9625
511
8788
4288
4289
7103
8261
4292
9214
8300
8906
8371
3573
7661
1358
7206
9900
702
1151
4304
7887
4306
8958
2974
7322
8784
4012
9328
3526
8472
2359
8791
8353
1334
8344
4320
19
6165
2854
4324
1230
8960
9709
1387
4580
4826
2537
1741
4333
2997
2627
6132
9949
4338
74
4283
2341
4342
4343
3313
4345
7029
2313
96
5379
5151
1003
271
1547
724
4355
9011
1776
1508
5607
4360
4361
2658
4363
9437
4365
87
5054
345
7130
8447
4371
5622
6907
8139
4375
4376
542
4014
4955
2185
1236
9992
7367
2781
8987
2927
6219
6534
6587
4390
7073
3386
6661
4831
4395
8154
6083
2645
9884
8272
4645
4402
775
4404
3647
2111
1275
7510
4751
3267
3656
9436
7892
688
8429
1605
4417
4411
2160
9863
8068
9366
9720
1053
549
7044
3857
4428
9950
8603
4431
7572
1910
9008
9910
8098
814
4438
7992
6834
4441
4442
199
2471
1107
7960
4234
9770
4449
3064
4451
4452
7442
5226
4455
6784
4457
5152
1063
6948
6383
2472
8205
1000
7233
3176
5800
5647
5537
2163
2664
6315
6856
1418
9779
5467
9303
1024
5434
4064
4987
8962
4483
7187
4327
843
535
4488
4535
4250
3947
4492
5489
8223
6690
4496
83
983
1755
1093
3232
3371
9798
4504
6458
6040
4507
4508
4255
1805
2621
4582
1338
1169
7844
8644
8672
788
4519
149
7704
2213
8172
6566
7927
5187
2636
4528
4027
4430
4531
7503
4533
4534
681
8722
1046
8178
4539
1498
7412
4542
3126
3820
4219
8097
2063
5219
3331
1813
9098
9511
6656
7712
2478
8658
4007
644
4559
2549
4561
4510
4665
5196
1589
4566
5821
9321
2236
5201
4571
734
5988
8373
9649
5294
1419
5412
5182
7659
7608
5481
8616
4584
1054
4586
8325
6142
5715
80
4591
1642
4593
2812
8245
2263
4597
5025
1997
1355
3032
4602
4603
4604
4605
4606
6570
7839
2066
9234
29
5287
4613
9724
2114
9209
5619
567
9028
3353
4421
3387
4623
6999
545
5567
2371
8467
8290
695
745
4647
9585
4634
2164
2866
4637
552
531
7952
5396
4642
4643
4644
2774
7078
6930
6511
1339
5102
6037
5638
923
3482
9826
6986
9797
1578
6858
6712
7507
4810
8848
4664
4302
9809
1882
8769
9536
5088
3982
6374
5020
1184
6385
8843
5236
204
4679
756
453
2528
8576
5797
9319
8633
5388
72
3933
1407
986
3652
7810
6086
9431
9206
5795
4698
7304
9792
4701
8620
5943
49
7602
8706
7213
1525
7316
7641
9350
4712
548
904
2358
3039
4717
9730
1860
3571
1772
9457
2357
8350
4725
25
4727
1756
4729
6560
3608
5511
5057
8931
7867
2297
8728
2434
1447
4619
6113
4245
6942
8262
5216
4740
2073
6588
3696
7444
9847
2072
4440
4754
4755
8159
4757
2808
4759
4760
1471
4762
4763
1909
4765
5865
3359
3174
4769
4851
1383
9995
2806
4733
4775
8625
4837
562
9783
4780
4577
6993
4783
5413
9561
818
296
4728
6129
8558
1701
7851
5978
2259
8521
4796
990
4798
7030
6148
7858
4538
4385
4804
8526
3028
5085
3396
3658
3724
4374
397
133
315
8229
4816
1391
4818
6720
7676
7502
936
3880
4824
4795
9250
4827
2282
8530
5417
3151
9149
3355
5608
1798
6515
7601
4838
8051
3912
7368
21
4977
7665
2484
1930
6135
3439
4870
2622
4911
1938
3282
2519
4855
7221
9307
643
4478
7247
4861
4862
1722
4864
825
4714
3854
4984
9691
5024
4871
4872
9872
8779
1031
4876
6049
1274
4356
7150
1991
7128
4883
1574
3108
2075
2624
3662
3875
4503
320
3447
1091
7216
837
1038
9821
5708
3002
4900
6062
5826
5930
4904
7997
1368
4830
8510
4909
4910
7999
8981
4913
1789
5111
7156
7239
3105
6358
4920
4921
7846
2292
3727
5490
4926
1691
5005
4929
244
4931
9662
2863
2444
9233
7951
4937
5418
4939
9041
4968
7278
3686
2784
5041
1336
2767
9009
2504
8441
2295
6941
707
6425
3616
7971
2177
9077
2800
4960
1465
3497
5550
867
7474
8036
8424
8452
1140
9526
282
3988
938
9960
5611
2641
5787
261
693
6091
8316
5658
1106
622
4985
409
2400
6201
974
9349
7684
473
4993
9925
4298
255
9078
68
5281
2162
5001
2589
7668
940
7450
5006
5007
5
922
5010
665
407
6334
1535
9547
728
8071
84
6739
4673
9889
7302
218
5597
639
9700
581
4854
8117
6946
5031
8870
5233
1081
8750
532
5037
4016
9223
5040
6459
2693
5043
1270
624
2949
556
5048
8363
5050
1322
6634
5957
9698
8134
6955
9524
1365
5059
466
5061
513
3046
5623
6263
5979
1071
5068
2765
5197
9886
2708
6866
8756
7332
758
4384
6296
2002
343
5081
7106
5083
2174
5747
7129
5087
2179
796
6724
1191
6210
2046
9522
5095
5674
5922
6493
5099
3466
9740
9978
9990
2605
3489
9844
5084
8929
5705
6947
2474
5112
1345
7946
9967
9747
5117
5503
7186
8065
9970
7117
416
4821
7998
4570
5833
1799
8033
5130
4083
6563
3679
4480
5135
3182
7855
930
5139
5140
5422
9204
887
1205
8887
4767
7246
4280
4690
5499
1379
1247
5153
5114
4595
5156
9000
1260
1644
5160
8768
7434
3148
5164
8096
5032
4881
3380
3743
5170
890
2123
9888
3104
8203
1201
4241
4382
5179
8912
5181
7793
8959
2543
5185
1765
3657
4067
1118
6740
5191
7149
2347
89
9803
4813
5335
7706
5615
751
6010
3157
5203
9739
3272
2234
5828
7523
5209
2968
1764
4627
90
8636
5215
4286
5218
309
6790
876
7362
7645
5223
2466
5225
2368
375
348
4215
5845
8577
1141
4243
9963
46
7514
5237
6502
5239
127
2322
1526
6940
7181
8070
7384
7919
3164
7953
2142
8986
1490
9922
155
5255
932
5257
9835
5259
6158
5261
9954
1204
4850
7176
7685
9906
7968
7670
7954
7509
5272
268
3009
2965
8904
838
1156
2739
6084
1439
4522
5914
8224
6981
4120
1939
6611
2572
4278
5065
5292
5590
2584
5936
8994
9816
6939
8834
1901
5655
3931
2704
2324
5305
2717
6166
7566
2135
1251
5311
9032
5313
5314
1512
5931
1792
823
5319
6312
2011
5322
8854
3673
465
3299
7643
9424
1825
2576
1328
7531
2216
8901
9427
655
7224
1313
5339
5340
8516
861
5035
8324
7586
5346
5240
961
5349
7876
5351
9527
5353
8488
5355
1770
5357
741
4086
1088
605
7558
356
5364
609
6042
6291
5368
6711
7619
6521
3202
6804
8332
4352
6909
4340
8739
3855
600
1139
9385
4803
834
1499
8581
499
4799
1760
5263
5729
2029
2610
6198
3967
7988
5397
5527
6258
5400
6637
5013
3390
6871
5246
1470
6476
150
2018
5498
13
3835
3053
4761
5710
2350
4963
4330
5279
8250
5421
563
2903
558
9193
5426
3940
336
4720
6156
5431
1924
5171
2960
6766
8842
5437
1303
4836
8364
7779
8121
6475
4794
826
2084
5447
384
4572
2810
5654
2617
5453
9135
6155
9038
3078
5458
1010
2237
8235
4590
8376
3099
4658
6018
7260
5468
5469
7790
3049
8777
1787
9258
2883
8053
9565
9126
5479
5735
7577
6814
4139
5484
9519
1283
6503
5465
3776
1094
8103
241
5807
3758
1015
2690
9444
4211
955
5500
8917
4766
6663
1376
6348
9465
5507
7204
4050
8542
8737
4495
9530
5514
671
3510
7767
4020
8288
5520
2741
1073
5523
4162
5525
8710
1177
5381
5906
5105
7463
2467
5533
6577
5535
1272
4469
5718
3879
6153
5541
1629
5543
5544
5545
914
5547
4405
1945
3430
8430
2521
4233
5554
5626
2436
970
4669
5559
443
9893
2587
9105
9025
5867
7165
1221
1819
5822
110
5754
3047
5573
3744
4792
5576
5577
2458
5579
6218
5581
5463
1726
7317
60
2323
8878
5588
2335
9368
792
7753
1781
570
2204
8890
5881
3793
5599
3995
5601
175
7771
7875
6226
5606
2533
5402
3709
5610
864
2419
9862
5614
7461
7697
16
3433
8781
7614
5621
5028
920
3901
5625
8268
6149
909
5629
2272
3902
9729
937
2374
3463
3778
5637
4564
7306
7137
2910
4350
373
5493
8132
4952
1913
5648
712
536
1300
6747
5653
1993
636
5656
4622
7098
1298
6316
9495
1115
524
5664
1720
5546
7280
3839
5839
9380
5671
5738
5999
9948
5675
5676
6403
5851
9772
4549
5681
9492
3240
3376
5429
6609
7542
6317
3898
6225
827
5692
9185
6647
8690
5696
3470
8167
7625
586
719
5702
8433
8221
9774
1709
4303
425
9508
7658
716
3314
9405
9562
1152
203
8254
2206
351
5684
8685
5722
5723
4710
2228
8110
5727
1262
2401
9941
897
1863
5733
8695
8995
9229
8860
7386
5448
7010
5473
9082
1226
5744
2876
4082
9179
9633
7622
4636
9678
812
8006
9197
8380
5756
5757
6197
3085
992
6915
9945
5763
5764
2947
7341
5767
5768
4509
2178
9690
4040
2843
5774
5377
3890
3145
1636
4429
1869
9787
6031
7544
5395
1979
9898
1695
5034
4055
5790
8357
7496
9624
2815
9951
2376
3395
5798
3244
4467
6505
929
836
7628
91
6176
8204
2731
1785
5810
3500
5812
8073
7055
5815
5816
1657
5967
5276
5820
3954
3479
2407
5824
3747
2553
2557
4600
5829
8991
9117
7120
2715
6500
3100
8232
2117
878
7967
1188
432
543
2787
9657
5080
1474
8660
237
5849
6844
6235
568
730
8565
5516
7076
9695
8509
3476
7410
1067
9446
3791
8086
415
8396
6929
2452
5869
5870
678
6510
5873
4753
2918
2196
7828
2240
4218
5880
2293
5755
1278
1782
4362
8741
7116
7178
5799
7148
1489
1212
3406
5679
4097
4908
6910
9414
5899
4130
517
7667
714
4903
1174
9052
4978
4084
6390
7991
5911
163
2283
4537
9138
518
7595
8407
8731
5920
3861
2239
2937
5188
5925
8631
5927
9112
1890
3274
4976
482
7923
4718
1804
4863
1694
412
1375
5940
5941
9646
6600
239
6090
5552
619
3617
5949
5950
4842
5952
4072
5954
8181
9718
1052
444
5959
5960
6069
5962
4852
1425
406
468
1747
4971
5430
4199
918
398
5973
6381
2792
5976
9605
9257
3628
5980
5558
3083
5983
4267
6840
5986
2538
3370
4437
1553
4314
5992
5993
5570
1947
3188
5136
6987
9817
649
5027
6002
3749
2570
6005
9915
8802
6008
8017
1150
6074
7333
4201
6727
7865
6016
7647
3090
2835
949
9364
2755
6023
2287
6421
5363
6328
7904
4098
6030
3553
6032
9864
8417
6035
854
5243
5295
2201
4506
9191
3806
8328
3351
573
934
9856
5984
8195
7115
8671
8152
3173
1066
2933
7700
7179
4419
7447
6060
8507
3868
6063
6064
6065
5480
3762
7797
1651
257
2412
6072
710
4965
5531
1241
5100
5935
2724
6080
1193
9540
4397
8133
9174
6685
5369
6192
4536
9553
2001
6785
2380
6992
6095
3257
9765
8763
8218
6100
1352
6102
4723
7329
8002
6489
9458
6287
6109
2609
6111
2754
7472
4874
7526
2833
2039
4088
8264
6120
3237
2365
6123
8479
9741
8797
6127
6128
3711
8933
3985
3614
6133
1229
7196
7330
6137
3532
2091
6140
3972
9434
1397
1822
2606
6146
249
642
2564
7473
3446
6152
5018
5609
8938
12
7219
2032
1816
7799
5694
8897
3863
7263
590
44
3809
6168
8276
6775
6171
615
572
6051
2904
5987
4235
3131
3456
9618
7125
4249
6183
2824
6901
6186
6187
129
6506
4919
6191
4075
6811
3449
6848
9766
2712
2126
5278
6200
6154
6202
6203
1606
6205
7225
3659
6208
1969
3623
9137
6212
3041
6641
7397
2000
6217
5580
1018
8450
6
1505
2490
8493
7977
9999
5857
8718
4227
3187
6231
6160
2711
915
5700
2625
236
4460
704
640
8537
3597
6243
4635
7223
2896
3577
1488
4232
2406
9036
1864
8804
5439
1211
7909
6257
7081
6259
6260
6841
3519
6653
4885
7644
6518
5915
2077
6269
6270
2512
575
953
1964
6275
4301
6277
6849
8329
3218
6281
4242
6283
6284
6580
694
913
6288
6460
6290
289
5440
6293
5241
742
3781
9505
997
6299
6918
9067
3719
6303
3184
3426
8482
9998
6677
2909
2899
4186
6639
2840
5391
3027
3688
4951
999
335
5230
7924
5254
5604
5668
1294
2460
7232
6092
1468
8723
6331
9961
6000
2122
4180
4742
3698
7718
9613
6340
8425
5560
9057
4772
4989
6346
4925
9913
6349
7177
6669
4223
168
6354
9966
6356
4071
9374
6359
6360
6361
6538
1214
8287
8932
461
1662
4817
9058
7425
1406
176
1335
4011
5933
8442
8701
5075
2360
1665
3000
5724
1990
3990
1127
6770
1698
1839
8018
8368
9589
592
1109
4739
2796
2970
7841
1321
6399
9892
6401
5303
2710
7411
2841
3842
4475
4262
4694
6410
2657
6464
2497
5062
9167
323
9956
5074
6419
4370
7229
8783
123
6424
944
7698
8945
9290
3621
533
4210
1060
1464
3103
8504
5687
846
4066
5746
6440
6704
9968
4687
7245
6445
7097
6098
1361
630
6450
6451
3383
3695
3239
7405
8513
6068
7108
4956
9145
6861
9997
4884
9608
2825
3436
2004
8082
8800
8496
6471
3323
6473
866
845
6262
7634
8108
6479
6195
1631
8147
484
7878
8885
6337
9629
9324
1654
4379
8916
1176
8673
8337
6921
9531
6420
8902
1858
5834
2161
5667
5773
3505
2248
1603
6507
5304
6509
3523
5235
3942
578
5193
278
5556
9006
8557
6519
6627
200
3832
6523
3269
7435
6526
1974
9035
7493
2332
1847
8046
7819
6313
6535
4713
9163
4777
9026
760
8219
6542
7340
471
258
77
4063
6548
6852
5624
2320
2999
4953
8650
1848
498
5192
6465
3253
5836
6213
9231
6254
10
1556
582
6567
6568
6569
798
658
6572
7158
6954
2210
4458
4202
4512
8400
2746
2124
9158
5818
6584
2390
5180
4389
5277
2190
6590
6591
9631
313
6087
721
6596
6597
3970
8279
7077
6601
2891
5399
7678
4032
5323
8593
1731
1158
442
4601
9731
2678
3025
6022
5326
9469
1511
987
9973
6621
9367
9733
6624
3251
4518
9455
5635
7664
8149
8179
9407
711
2972
3759
4401
1364
6655
3113
6640
2013
5033
5485
3814
6645
9611
927
991
8193
6650
6651
816
9464
3578
8075
3840
5806
6658
6227
2309
219
1593
6204
7132
6665
3501
383
2508
3305
6670
8240
509
8448
6972
6675
3124
5449
6014
1963
6680
6681
5382
6683
6684
1183
8873
7579
1295
7617
5030
6691
5903
7726
5324
100
6558
6697
8746
2468
6700
7716
8518
1732
6441
9442
6977
3234
9481
7448
2074
8318
1486
708
7249
5512
6716
691
6718
9850
6791
4042
6722
1952
4191
9904
4031
1806
7788
3215
1980
857
6732
6733
6734
3132
7528
6737
6738
1213
9545
6741
6742
2394
6744
183
117
414
625
3903
6750
4093
2529
9109
6447
8256
6756
393
8923
2344
5291
3702
3680
2853
1477
4744
1567
1857
8058
4311
7281
757
6772
6236
264
3812
8950
9194
4145
3873
2509
9755
4954
6783
7748
6206
7630
668
9121
1451
8835
9474
6541
9406
8865
4057
9784
6997
7958
6799
2232
9676
7395
8480
891
1931
7732
8020
9737
1121
6115
8326
9369
2714
6706
4592
3457
2567
6818
6819
844
3499
6822
4589
7550
6825
9775
6536
4544
6829
5189
2608
7861
9462
6797
4295
3017
917
4734
9010
1164
5036
2307
4711
958
6845
2054
328
4400
4432
4815
9256
4136
9485
1032
2920
1242
6857
594
6355
7481
4266
6862
6543
1311
2389
6659
6867
6868
7570
1851
2251
5989
5123
1246
6875
3562
3701
4307
6304
6491
9140
7546
358
1198
9169
9342
2655
6888
6889
3722
4867
6892
6893
6177
1541
8899
3428
2675
6899
9717
657
5572
7646
4198
3060
6474
5329
7051
3660
5809
899
6912
2691
9600
5063
6916
2729
8361
3161
8686
5879
7237
6923
5892
9579
400
6927
7366
5568
8384
6931
6436
6933
8732
3276
6743
5107
9159
3413
5652
4505
1255
6573
4135
6945
6793
115
5640
8773
6759
9688
8508
9298
7269
5056
8233
3055
1954
692
9719
9683
737
2182
6964
120
1420
2713
6968
2709
1017
2386
1475
3186
8999
9674
387
6726
5186
6979
6980
5082
3035
8651
7121
1434
7883
6629
7202
4085
6990
6180
28
4835
3543
2518
7939
3800
1090
8880
92
2924
9876
2427
8372
5670
954
37
6865
7038
4708
1196
2327
6911
4112
9728
3042
5070
2116
8867
1853
5850
7255
5494
7777
7025
9039
9354
59
5884
8129
9195
8895
9018
5110
353
7036
7226
7009
6278
4588
3284
7042
8158
6989
3782
4109
7047
8543
5685
1117
3379
7052
3079
9143
3181
1590
7057
1492
7059
638
7061
2065
9855
2482
6895
7066
1616
7068
8439
7070
194
3227
4391
1341
559
4525
9005
4562
4696
5194
7041
8286
2250
2506
2082
6131
908
1670
699
9060
1784
98
3966
7094
346
5221
231
7894
8248
7100
1951
5253
527
7104
8457
2633
4962
5908
7188
3110
3150
3121
9309
7114
9133
5887
75
2302
2736
6494
7512
7122
5951
9091
6807
7126
2238
2771
6855
7794
5731
912
500
7134
9124
2369
6094
7729
2441
8470
7983
61
6347
8024
7105
6391
4980
6484
9726
6688
8355
3344
7153
4196
7024
6047
6454
6943
3293
7112
1331
8381
6707
9498
5736
1677
7167
7168
7169
3723
9517
4078
5778
7174
7175
5258
4692
1500
6057
8764
3516
7182
8884
7900
2630
5538
4484
272
9040
9445
4118
1958
2799
3751
7195
8547
8662
7198
9494
9068
7931
4318
7371
7710
2585
6652
6823
7208
6121
9421
4946
7212
5244
9912
2134
6608
529
7218
5183
950
4923
4513
6463
4236
1082
3076
4986
5495
8035
8640
4089
6327
6826
4520
3846
5944
4567
1084
4917
3361
4970
2257
4805
537
7142
1501
4758
4621
7942
7250
1751
2156
7288
4866
1573
7256
2607
2593
7259
4650
7972
485
9134
3207
7265
7266
5330
7268
4847
9748
5553
7272
5284
4128
9471
2590
6015
8199
2956
6223
3258
3147
8563
4832
7285
6292
6610
727
1291
7290
6085
5264
7293
128
8196
265
773
1008
8427
3945
9680
903
3068
9677
7305
8661
6470
3196
8076
1119
7311
7783
6435
5220
2573
7835
5686
8564
5726
7320
9289
4170
7755
3285
538
7326
9550
7328
3653
5265
7513
7215
828
6456
7063
7338
628
3859
7339
2099
9581
1558
7343
7344
1817
7990
6286
7348
8389
5042
947
9686
7353
7354
4175
7356
5630
7358
5090
7035
7310
8618
906
7364
7365
4497
3920
6879
6429
1948
332
7372
7373
9610
9716
7376
5596
7378
2088
3937
8585
9721
7383
9708
344
3731
7387
7388
5378
3262
102
5285
8383
7877
1946
9682
4351
1353
3540
7287
988
5444
5144
9749
6455
4150
8687
9129
7409
5860
8688
840
7413
7414
653
3738
7417
4047
5673
6815
9245
7422
2270
1301
7242
2447
2021
7428
2919
9416
7431
5649
9013
5290
1124
4629
7623
1821
7439
4226
7441
1510
177
3813
6221
26
6664
9316
1641
1068
7451
7069
9822
8028
972
767
2599
2381
7459
7003
9220
9408
5053
9293
1992
7466
5310
2223
5210
3357
2938
8852
5401
540
4617
5122
4624
978
1467
7873
5505
611
926
1098
3073
3715
4899
9187
5748
9100
793
647
2010
1514
7495
7064
9504
198
7499
4268
7609
5759
2778
2502
7505
8025
8527
9064
7276
3997
9952
5456
206
4787
1143
7516
2384
8339
5804
5734
7521
4436
7945
7524
5066
2019
7089
3648
1836
7530
238
1625
7533
2422
8445
7536
8977
1399
2430
868
7489
8419
7649
9871
2850
6882
7547
9573
4543
8721
7551
8604
2963
6869
7555
6248
4148
5362
7559
7560
3624
1957
5893
9525
2689
9558
6924
2911
596
2793
1717
5680
6053
7574
3185
7576
5358
7578
8402
9658
8502
8281
6029
3492
3896
5345
7587
2868
1672
2264
5165
7996
7593
7594
5169
5916
1342
4700
3684
8758
6117
4705
8409
211
9263
9607
7583
847
752
9582
9227
7612
7613
2017
2222
7161
6689
6615
7031
7620
1596
8120
2212
2352
4511
7626
3250
2321
4339
2129
7631
6778
2336
192
3962
3260
9630
6089
4116
5913
599
4526
4809
5902
9095
5831
2700
7648
349
7207
9727
9447
6751
3360
6547
6367
7657
9761
3712
1284
8881
8225
3508
7597
104
1649
3346
2486
7669
3611
7671
7850
7673
3051
7675
3795
4957
585
7679
9566
7681
7682
2431
4988
4791
7565
7687
7688
9838
4238
7691
2851
7693
9398
7695
4193
701
2563
6486
1922
5945
1714
8913
1308
7238
3640
7707
1042
1801
7197
4553
3420
1276
6881
3101
9235
7118
426
7719
7720
34
8806
7723
6301
3932
6693
781
1026
9423
6777
7731
4516
7082
6545
291
7736
2728
7908
9375
42
7741
2180
9707
786
7745
4638
3968
7180
2819
6632
4557
489
4568
3259
8483
5650
7757
2738
7914
363
7761
342
2055
7764
5487
7766
577
7768
4938
8052
9267
33
6574
5617
5270
7776
8449
656
9648
7780
5137
6876
2417
7784
7785
7786
7787
8027
2100
2318
7791
8649
7814
5374
3005
2586
9351
7135
6805
1967
8747
8534
4555
9081
3364
7806
3941
5891
1646
6710
8826
4110
7813
8708
4357
9099
147
5044
481
124
6736
6832
7823
3001
7825
7826
6462
3037
516
6066
9311
3171
7833
5407
8307
6215
6118
246
8255
7912
1392
6789
7843
1791
3315
4565
7933
7792
782
9075
6261
7852
7853
7854
169
6307
4479
7402
2003
7860
8898
7862
7863
7864
7277
9955
3641
3894
7869
2499
771
5300
56
9570
5342
4812
1854
9689
1289
1059
682
4121
2397
7903
9866
9460
4305
191
1077
7890
9425
2343
9107
6768
6061
1808
9713
7898
5425
2685
8090
143
7837
3061
587
5398
7907
2620
9456
7910
7911
7398
1705
2532
9947
8796
7917
7918
5247
413
7921
5435
4969
8990
5078
7318
6552
7928
3638
7930
4471
4372
799
5956
971
5862
3358
1261
5174
1460
7941
720
8168
6754
7342
229
1632
5359
3441
3536
4347
8900
3883
1179
7955
7956
9063
2640
7959
9509
3423
5852
6905
6779
7965
1170
446
4982
7969
5737
451
871
1618
4768
286
8461
410
1737
8436
1307
7981
2955
7642
7984
8778
403
9672
5047
7989
5096
1130
9965
6520
7994
5883
9218
4940
2762
2562
8438
1905
2580
3953
7303
6556
1533
9714
3554
8009
2186
5711
9221
121
1527
4999
3670
2582
4575
8435
892
9757
2442
1904
4502
2849
8156
371
7065
5202
7437
8031
7932
6448
2662
2831
8190
4676
8038
8501
232
108
8042
4607
8044
275
6735
8047
2720
9180
6898
507
5023
5476
8022
8621
8056
2070
372
1682
427
3538
3459
8063
3088
2113
487
3772
5249
2038
6765
4091
7519
985
5420
803
7775
1953
8078
8079
2319
5942
959
3329
8084
8085
6362
6802
8088
1440
5924
7209
5856
8093
7040
5356
6028
1202
3485
8099
2601
8101
8102
3075
106
4704
8974
8458
6478
417
492
9237
1373
8113
8114
8322
5039
6256
7886
1433
8406
1254
9157
5046
8944
613
8126
2889
5765
2661
723
8143
4420
8840
1834
9246
8715
8506
8138
9697
6576
4599
5121
8269
6725
6517
4716
172
7880
722
8150
3755
8251
314
4396
3243
8111
3998
1493
3096
5789
8161
1248
4620
9451
2721
8166
2744
9929
6408
508
3522
1727
603
6239
2301
8176
8466
4802
6251
1065
7978
1986
9812
6439
4615
6859
9572
8188
2795
2340
8104
8192
8561
8194
4966
2158
6549
8533
9171
8200
1384
7166
9679
9261
9066
1544
5661
5008
7727
3405
1666
2653
2683
8799
8839
6760
6393
6099
2089
9996
1362
8222
1102
6482
850
8667
7728
4819
1669
1699
2265
7934
8107
209
9810
4387
835
8238
4481
2493
8106
4941
7527
8244
3115
6433
9654
6607
8249
4439
968
3374
6266
2028
7674
7522
8257
8258
8201
8260
1478
894
370
1092
8265
3411
3768
4095
9292
4188
6767
9345
1450
1564
1438
9655
1630
1707
5974
7487
1961
6838
5409
8284
9136
7234
2971
5519
8415
874
1428
5961
9118
6232
8295
6388
1884
8338
1936
7046
8301
8302
3241
3838
8305
8306
6985
1222
8388
2692
9318
9849
7361
7152
3566
5955
8317
1738
3965
797
1619
2246
6906
3455
2688
982
2667
1668
8473
4675
8331
7638
8333
8334
4774
9930
2942
8298
6951
3544
2231
8342
4061
3498
6077
8346
428
5594
8349
4724
1113
7571
2929
2071
5827
8540
5791
8358
6021
7543
9824
2628
294
9736
3477
3862
1200
2588
5072
5785
6054
3128
9352
3831
3649
5582
4722
6908
5627
7191
4403
7884
1943
8780
8385
8386
2836
1893
7349
8390
8391
8392
8393
8394
5776
8989
5328
9936
6753
6579
3921
4873
3687
9240
8405
6044
9287
2995
5698
8410
8411
7603
8246
2104
1667
6496
5327
8418
5452
5318
439
2043
326
6678
6341
557
9432
4024
9937
5910
8431
8432
5703
8434
7740
2807
9487
4719
8182
7007
4668
5415
7403
2598
173
8446
5521
3219
2195
1773
8451
1874
8453
6984
4358
1432
7744
3235
9513
4323
64
8707
6172
4140
6352
8177
8162
1131
8794
9490
2677
7087
6594
9201
8659
8327
7090
3886
3521
3764
3872
7821
7584
8484
6216
4807
8487
7725
4018
3923
8491
364
293
5115
5501
4979
8936
8498
8499
7599
1577
2169
7027
4171
9586
6934
3558
1036
4790
7812
6164
7478
7334
347
651
5341
8517
602
8519
3229
1595
2879
5688
1521
6746
2136
2258
2026
8529
178
7099
1207
9538
4585
8535
476
6319
4806
2145
6988
9575
111
2571
4189
4247
9923
6345
8548
8935
8550
7080
1824
4764
8554
9764
8556
4683
7656
8559
8560
1231
6806
6970
8969
2615
9002
1959
4052
7079
2623
1016
2495
8573
8574
8444
6938
1443
8578
7588
8580
3707
8582
7004
3086
6764
8586
2939
7138
1865
4300
8591
731
6167
8743
1693
4501
6104
1424
4230
5383
2281
6096
4879
6944
4022
1185
9807
7449
8609
1599
2777
8919
7758
8614
7184
9958
2568
7963
8619
4656
8697
3836
851
8624
5613
8626
4846
8628
8629
7092
1643
1271
7485
6058
6082
4546
1881
8908
5101
9795
574
3256
6717
4741
260
8646
2790
8648
3560
2847
1559
6041
8653
4296
3422
8656
8657
5732
984
3159
2613
3590
8663
3885
3668
8666
9377
1960
1933
3139
2280
648
9578
5583
7211
1807
8677
8678
8125
7205
9647
7012
1099
2097
5002
805
2684
5562
8531
1186
6870
5549
5178
2727
4630
103
8055
5557
8699
4258
8949
8702
6009
5743
2007
872
6364
6618
2982
405
8711
2133
8713
6318
2175
7458
3665
330
8719
9980
3109
1138
3613
8724
5302
9056
3595
4224
7355
8730
2214
3850
281
8734
3852
8736
3824
4445
402
3397
6682
1846
8594
9467
5089
7048
8173
8748
8749
5163
4134
8752
6377
1752
8755
765
8757
8693
8759
8760
1481
107
9587
4918
3989
4359
8767
9986
6914
8770
8771
2737
7270
1899
8775
429
5907
9896
2364
304
105
5574
5471
7730
3007
187
9529
6126
8789
9953
65
6557
3978
981
8795
5433
97
4046
8952
6081
747
1570
3552
9450
1907
6404
67
885
1702
470
8811
8812
8813
1253
1892
2372
6375
2278
9334
8820
2747
7702
2696
8522
9874
7811
8827
9141
5443
5354
9854
4009
6932
989
5260
1536
8837
6622
2802
604
8841
8500
9089
10000
8845
9946
2604
5639
5091
8850
2980
9079
2496
8013
8855
8856
8971
1923
7976
2510
6305
1635
5143
9628
4685
1369
3451
312
2351
5405
9935
5802
1809
8148
652
5593
3339
2857
8213
4105
3546
5662
8124
6966
5882
230
1380
7350
6019
7433
2396
7567
539
4132
7032
8896
5602
3280
8274
9694
1487
6820
1194
9151
5154
9867
5384
36
1273
675
9601
7381
8849
2316
5745
4527
1551
9336
1318
8622
4594
4610
3979
8924
8925
583
9440
8928
7807
3746
5855
1168
2827
9767
4641
1403
8937
810
6886
8940
3247
8525
8742
8883
3015
680
1415
9147
7974
8691
9399
3593
6430
9176
8115
7585
8957
2699
6578
5093
5713
6188
1546
2284
5227
8966
1621
8968
1378
916
9636
8972
5513
7391
7920
9858
1538
3530
2674
9184
5232
1826
9675
5532
3958
2500
456
8988
4044
5238
5830
3823
8993
2948
6182
1583
2595
8998
1268
4034
9050
618
51
9004
9868
3829
2884
1502
8292
6013
3596
9012
2152
2673
3604
3401
1660
7033
9944
9020
4424
1070
5823
6289
6702
9845
5631
6036
2542
8164
7093
165
8605
8040
2449
7957
355
4176
7800
4608
6314
9042
8864
452
288
7859
3317
9048
9049
8198
9198
9409
2121
2698
6528
78
9300
2
9825
3197
2488
5147
4158
2928
8087
738
85
4563
9069
9070
8665
2676
9123
9074
6935
6495
7654
9128
8341
7817
4521
2935
4021
9084
9454
7782
1542
1412
3528
6384
948
8692
9093
852
2634
8744
7062
7985
5450
7261
9101
5919
3828
8066
3493
9106
6468
477
3062
7262
2083
3347
9113
5015
3637
1715
2138
2108
9528
9120
2416
362
226
6553
8689
2575
9127
8822
4205
2832
43
5842
188
8323
2102
9279
584
2707
130
8414
8828
4639
4272
1319
1659
7325
8948
9148
6810
8859
8030
9152
5803
1587
9230
3180
2140
81
6963
9643
813
6469
6389
4928
7336
1025
7765
9144
7870
2244
3588
4974
8942
5029
7582
2144
7540
9178
2408
1033
2878
9182
1287
6075
3300
9186
4973
9188
749
553
7155
6501
8048
3761
6351
4056
2056
3167
1754
5628
6995
6643
8375
1454
6816
9752
9976
4915
6676
9210
7635
8094
263
4293
1155
9266
7743
9831
7518
7822
889
8584
3913
3484
9335
434
7611
5697
6613
939
7086
3895
1329
1014
1998
6673
646
4315
7477
4782
7772
9242
9243
9244
8847
4626
9339
9248
9249
5438
9251
4408
3704
9254
9255
1417
1940
6444
1497
8403
1925
4273
9420
8892
9265
5730
5416
9262
1357
7133
9271
801
4618
9274
3403
8857
1710
1110
1811
9541
9281
9282
5455
9044
7774
9286
5918
5325
7650
5336
9291
1700
6827
6589
9295
4412
9297
9024
3010
2356
6851
8477
8740
9668
956
9880
2797
9308
7902
5709
5569
9312
1608
8039
6329
6709
8054
8494
4192
3654
5338
9322
9897
9609
2732
4214
6222
977
9329
9090
9331
2545
9333
3170
8583
2439
3328
1409
325
3142
9341
5073
7385
1224
8191
9346
6554
366
5155
6745
8029
7369
45
8062
4409
6616
2151
1676
5584
1085
5011
3445
1076
7374
8370
7804
6983
2050
6550
9370
5981
9372
5361
4868
2410
4328
8226
1906
2387
7005
9381
7284
9383
8606
8918
9532
9387
9388
9389
1718
9391
1310
3263
550
9395
180
9175
6701
9419
9400
7264
9402
9403
9404
2979
437
1055
6368
9756
2768
9411
3735
7885
145
9480
4848
9417
3787
2130
4678
3602
7801
2821
8362
779
9426
9302
9428
2423
9430
4185
2080
9433
4453
9435
4406
4364
185
9439
4124
7795
4686
4524
2716
7190
4220
8163
3011
3916
419
2875
95
7511
279
295
6490
7314
4801
4270
8395
4291
1673
6048
1895
311
2137
7824
1549
1078
9470
525
2027
5677
5762
5994
1149
9477
9535
6071
5486
9355
17
2550
9484
3206
4045
5315
2414
9489
9363
1697
5682
9493
9890
6614
9496
1530
3231
359
2759
9984
9502
32
9879
1012
9506
9507
1416
1788
1683
113
7008
7781
6524
8207
9516
3961
7830
6255
6971
9521
5998
4008
8515
9841
666
1154
9224
4514
6055
5103
6809
6598
9003
2463
4122
3023
6078
6295
9907
9773
8136
3567
9544
1706
6636
7778
9548
9549
1614
9551
9552
7164
9554
3388
9556
9557
5207
1153
9808
2554
1981
6974
7475
790
919
3486
6431
7028
423
7382
2030
863
9173
9108
6874
5119
8122
5657
9894
2424
4895
134
2726
2951
6837
8596
9588
6533
9590
1520
7769
142
8588
5077
8869
9754
9598
9599
101
633
8227
9357
9989
1932
3975
8497
7019
8144
5699
4074
6890
9216
3288
7749
9616
9617
4684
4499
9620
9621
1626
1243
6969
833
181
2705
1256
4341
2770
6592
4468
4657
266
9635
774
2591
9638
8637
9640
2723
3146
5633
9033
9878
1842
6794
9594
4470
9650
7015
6339
1987
8729
4482
6370
5678
22
5190
9660
9750
6508
9895
240
6628
9666
9667
2913
5659
7492
9238
4967
5814
2189
6052
6646
2464
9813
8876
7301
753
6143
2268
399
3402
2167
9687
3606
5890
744
4869
5394
9693
8909
6130
7335
6713
3018
2437
2766
4081
9744
9703
233
9705
9706
4781
1729
4485
9710
740
9983
4991
7109
9715
2483
9384
2654
6808
5963
9280
8185
4493
7709
4331
2040
2750
3036
4853
5934
2772
82
2127
9734
9735
5886
4038
9738
7653
9722
2686
9742
6320
2969
6114
5848
440
2202
2098
2581
8816
5266
6758
2967
6342
2303
1126
9758
9759
2480
9933
2328
2009
9161
2867
8953
8464
7102
1096
8824
9771
6619
7424
6400
8379
7408
9777
9778
6481
273
9842
9782
976
1414
9785
4101
6070
6106
8023
9790
112
3559
1831
1859
7230
9796
5306
9644
9799
2838
5840
9337
6863
2794
3603
202
2060
3033
8297
6321
3098
601
5805
5896
35
6422
5620
1305
9819
3515
6660
3807
2298
3918
3019
4231
431
6539
8186
9046
2958
9832
9518
8590
5991
1218
9837
7292
1965
1326
7564
2663
9843
7816
1604
9846
7596
7759
6379
6719
7482
9852
9853
4153
215
495
6731
1761
8821
9860
5000
6124
5968
9371
9865
2489
2978
2067
1044
5592
5783
8077
1386
522
9875
2511
4490
8095
3675
3304
3509
480
9883
5909
6170
5408
9887
135
2961
3548
9891
8886
504
4092
1929
7289
2450
3296
3856
6338
7136
1267
9903
9834
365
5571
5158
7257
9909
3412
1494
1145
2612
2346
329
9916
9917
9918
2215
5792
9921
1317
8546
6353
1735
9926
5267
9928
76
6798
9931
3129
5808
9934
911
7938
3527
3682
9939
4035
3959
9942
3827
8638
9789
3306
9483
4264
5387
5126
942
494
7901
4159
9
5222
3737
4222
6603
292
4126
9962
1835
924
3819
7534
2277
9626
9969
8142
9971
2592
7847
8905
3592
9207
9977
8963
8627
1871
5526
4169
1528
3020
122
1049
9987
9362
50
8598
4822
6406
7127
9994
6344
3045
1550
152
7407
8294
