3376
438
2313
4619
3058
3908
7
5084
9837
7278
8807
8835
9
1227
471
281
4364
7302
7920
2850
1177
7967
7300
2292
4168
1286
5090
13
5346
237
1594
525
521
321
5099
9633
3125
8956
174
7916
4136
1529
2676
3168
8745
5154
572
2759
970
372
3588
2297
5030
6812
9911
1223
465
4431
61
894
2169
6393
69
2155
5369
7855
9411
6737
8783
3234
3293
9785
4099
8213
4816
886
6951
1724
5072
4877
7964
2366
9546
900
9990
122
4853
309
5731
4118
151
2535
6774
7531
2743
6998
3716
9137
6475
5785
2491
1061
5956
4333
7453
167
3774
9748
1854
4183
4148
1904
713
6874
34
7327
3304
5116
9777
259
5069
8841
4571
5689
7332
2874
5203
5210
6798
2070
3567
148
2055
337
54
368
2583
8255
7397
9873
547
2389
3279
3151
7301
4223
4242
9884
612
2488
5153
7548
5155
9436
1310
75
8377
77
7924
79
6194
2572
9347
1418
1993
6771
5169
1082
289
6939
763
1033
5178
417
577
8359
9029
3453
8453
4008
6525
849
1935
7709
4889
1835
2324
9219
9594
4886
7523
7703
1960
6859
9229
5208
1436
2761
825
8036
5248
6447
7634
5220
1913
2938
4922
3090
5432
6033
7849
3261
7999
2475
87
135
8673
9416
9276
139
5228
112
236
615
1930
20
5966
5505
4555
6794
3371
347
8177
5239
7600
804
4286
466
158
27
160
161
8942
38
4339
5018
2116
5250
8264
5252
5407
171
3622
1302
813
717
40
7706
178
179
5258
4070
5585
1663
5265
4720
186
7938
5268
9195
1942
4388
1527
193
3506
3919
2241
8579
5277
6172
3334
5279
8284
9326
4180
5283
9173
3746
1148
5264
7996
1264
3540
736
6752
1863
2803
4640
5298
5301
3794
4105
9575
3866
5728
5306
3812
5308
9908
5314
7818
7971
342
2481
1997
3433
7769
5327
5758
9385
8046
7898
8015
4157
9080
245
6749
697
9362
3578
1621
3993
2664
6662
7477
1841
2522
7145
4960
5119
5337
1260
1098
1569
5343
5344
5864
6230
3160
2405
5350
5351
5231
7765
5357
275
2266
5360
4742
9196
3430
1864
6294
3655
7649
394
8053
6351
8537
6872
5373
5374
4300
359
1414
1956
1042
1075
406
6459
6403
8547
5406
4946
515
4981
5974
1647
3710
127
4351
6260
6287
8643
5390
3307
5464
4779
9536
5394
1328
8028
511
7319
8392
325
4738
4585
6507
2776
7326
2341
9093
3964
2515
8973
6957
6064
5266
2260
6470
2332
6023
7537
9631
5416
6694
4876
860
8466
6815
5140
4759
4531
5817
29
7631
1407
6713
2929
2763
4203
2673
1072
3262
8201
7944
5431
5001
2011
7284
5434
4193
759
374
6636
1980
8485
4003
2555
1845
1134
5441
3875
5444
9776
6309
5664
1392
7281
2725
4936
4831
9933
4078
6177
9244
7877
398
8662
484
5494
5462
8583
8390
6886
9739
7090
5182
7837
9715
8828
6124
3362
6341
8424
2626
5480
627
6734
3339
8369
5486
1172
677
7092
12
4560
9941
324
1838
9354
581
5226
1358
3190
5270
51
8324
5499
9818
441
6837
6804
5504
9817
5511
1025
5512
4667
4032
1735
6442
7623
2220
4091
538
1070
2309
4127
1323
8189
5533
4260
4554
4366
5912
9098
9850
3925
5380
3615
7291
9982
5541
475
476
5542
9767
5544
4128
5114
7172
9716
8180
3779
213
487
2604
7304
5556
6938
2216
9516
19
9413
5568
6716
8964
8288
1610
3180
6521
9828
3324
505
1549
4867
1278
4673
4341
8089
8176
5328
6206
5588
4990
6058
6845
9572
2876
1364
7348
4668
6196
3763
9882
9378
3749
5594
3838
531
4210
1848
8933
2299
5053
7850
1720
7241
2724
2452
3744
181
653
3730
9457
3780
2221
5618
2080
6279
6
7730
6642
555
2419
6265
8806
9802
5635
1579
9527
4038
1483
4607
2081
5637
2598
4077
5648
3139
1351
409
1624
9765
4887
2554
81
7104
7925
4685
6360
7698
1630
6906
9520
241
5662
5446
5138
9807
5865
238
5665
3996
2455
6087
4777
9475
2618
4562
8384
162
7704
5342
5672
6415
8575
969
1368
9370
83
8659
5768
3252
8360
8245
4318
5453
2373
2115
2176
5692
624
4581
982
7526
28
2634
110
1528
1218
9965
5699
267
8844
8908
191
9085
9430
3213
3266
643
1169
3062
4061
647
3626
769
2624
3865
5708
8906
1371
7147
504
278
7195
8970
1963
1833
2106
663
964
887
8742
1928
5718
5397
7802
3700
1865
9808
9963
5725
7610
3318
6669
1593
1531
4882
8158
3958
613
9585
6675
5733
688
7049
3257
3798
9279
1880
3745
5235
5409
8056
5744
5590
5852
5745
4615
5747
8866
9207
9073
6014
9650
7492
7010
6565
1085
3099
4842
9995
7199
1402
4801
8268
8957
5757
5766
9345
5790
5776
1768
1161
1156
3040
3288
1139
740
8992
4836
735
6333
6773
6808
7374
4204
7863
6365
7223
4290
3450
8733
37
5100
5808
3851
5813
9644
766
8417
433
8948
8193
1065
7103
7496
1448
762
854
5822
2959
7578
3947
7974
3737
6248
9540
9797
4176
1063
215
8792
3254
8217
1311
6201
781
2413
2015
9668
785
9907
7386
6966
5698
9181
3011
5847
8539
3997
6469
6910
6371
5880
4199
6678
264
121
6923
5857
1194
4132
67
1618
176
5863
6068
1373
9834
4660
589
5877
1518
1453
7854
4363
381
1907
5807
2007
8634
2709
3800
546
5746
5551
8221
5976
2591
8823
5897
7876
6247
9878
5515
8419
3639
202
8297
7891
1292
9359
8464
3698
652
5630
6616
4272
853
7708
5917
2944
5299
5919
3961
2040
7646
4746
7503
2198
3133
5927
6797
4147
44
664
3290
872
510
1571
623
2716
2834
5600
3738
8342
5581
6355
3610
6108
3966
273
8071
9942
4743
9066
1450
4023
812
424
5950
3338
2045
5955
5957
7546
1492
268
6892
6785
3986
6246
836
908
4454
737
1183
6285
9002
7140
4028
7436
3091
3558
9951
4385
7494
2782
5330
7613
5995
926
2392
3636
6003
6007
931
5384
232
9853
7053
5724
2456
3544
1643
7115
7796
1922
5156
3728
1324
819
5332
1568
3808
7865
5631
9647
5751
6018
8598
9852
6006
7678
959
3879
159
3278
8024
9924
9637
6009
226
2791
8372
3077
1704
5289
3405
1898
6061
9260
6388
6041
6043
5706
6735
2330
3302
8222
8719
2736
5195
3968
8426
9944
8493
5770
2036
2737
52
6056
6823
9081
7729
4930
1001
2706
3354
155
439
5466
3442
5615
8261
5109
8262
1012
2205
6606
9732
1644
2685
5418
3897
5921
8306
7483
1023
8129
42
6079
4222
7368
6816
9843
7230
4307
3309
6390
3470
9672
5187
6535
6623
7841
6363
3757
9310
4389
8064
2037
553
2240
7305
431
1389
6327
9962
4329
4751
6100
6515
332
2683
1746
4940
1062
6289
6941
6080
1066
1067
4639
9825
7516
5799
9253
8396
9189
5259
2003
7534
6126
1778
1201
2280
4765
5649
5006
3750
6139
2443
2306
6142
6420
8207
6233
7113
7992
5102
1096
6352
1900
6148
7778
8607
2067
6369
1231
9496
5275
8528
7682
6156
5127
2950
2257
2961
919
1106
4864
7829
2547
2569
5518
4717
388
1038
3312
4013
6988
6944
9011
1686
9928
7372
9701
1438
4709
6180
1798
7691
8776
9053
7321
772
4614
8868
1090
6191
5526
6688
74
3574
8405
1870
6197
6198
712
824
2622
1099
2099
876
7056
4790
3048
6855
1164
333
3150
1520
1168
957
53
6915
7182
558
6211
6214
6215
1142
2788
5947
6217
4096
4944
6219
5734
3046
6238
1187
6092
6223
891
2600
6406
455
2908
3074
8007
9441
1198
9638
5310
3375
6241
1185
7998
5222
5311
6297
1055
1289
4792
1314
6257
2510
6258
3917
9448
5938
1288
645
9372
3401
7086
459
1393
8847
5522
5572
6141
9565
8962
7732
1232
6844
6384
3648
3202
7254
463
727
9017
950
3665
3084
6293
567
2531
5628
1909
8676
3896
150
5318
357
7285
8711
1256
6947
3628
3606
6306
8712
9086
5575
2752
4081
3191
1736
1268
9208
1018
8766
958
9395
5251
1275
4764
6670
3713
9009
6313
5517
1282
9335
8327
2529
8892
9426
978
7365
6340
6227
6326
4840
5985
1470
2767
3605
1888
2601
3474
4036
6920
7396
389
7507
1556
5773
8914
4678
6280
981
8544
5540
5493
6814
7740
6349
2172
6350
9087
7325
198
6677
3868
5065
4883
6370
4107
1329
6357
1331
9136
7774
8303
9887
3138
2997
2462
3171
7670
5722
6374
9862
6376
6727
6566
6379
442
6380
1350
2238
9380
3272
4665
893
6958
9598
6346
62
4872
9641
6522
7227
4929
8358
1095
7095
2388
9191
7746
7407
1372
7038
1369
2983
5742
6392
306
1379
2304
7903
2209
5254
843
6395
8791
8415
6474
4121
4483
256
6400
8530
9692
4898
1396
568
5990
5989
2655
3292
6024
993
7561
1005
1583
700
3582
6417
6226
7983
493
4684
1732
6423
7821
4030
9255
1419
1376
6429
9991
6431
4835
2677
3462
390
4934
8116
2018
8701
5987
5366
6673
1449
4553
3417
6446
8512
7869
1694
9234
7495
1444
1445
2190
8700
9409
7653
9766
684
1770
5574
5537
6465
6726
1457
3864
9399
4850
6272
9915
9289
6344
173
7316
6098
6476
6477
3092
5645
2333
3130
6483
6487
2212
9432
3586
672
2608
341
4888
6249
1047
6760
4787
408
6402
7867
6505
629
2894
5276
828
6747
9515
6504
9659
2508
7360
4090
4705
9204
5711
6520
177
7257
1508
6660
6523
2846
6529
2118
6455
6619
5824
1585
2520
7438
2256
8644
5348
3564
3484
1789
2637
7448
3491
3013
1567
6551
6554
8126
6715
4672
6885
3407
8072
5194
6117
5948
1229
9549
6956
5297
6457
6256
6568
6821
9186
8702
8619
2982
2729
9470
6674
7766
247
6578
1309
4823
1562
8375
4650
6160
2457
7764
5634
3699
2379
1486
6107
5104
7350
5859
6570
170
7626
7324
6705
2415
838
1563
2848
3492
2574
7697
6596
5663
3971
1792
3630
4417
6740
2166
4225
5130
9269
6984
5539
2180
1043
9576
317
3607
9382
291
7587
7888
7224
2331
2550
2999
6011
3955
6697
2671
482
9945
8620
4047
3848
194
2407
1862
997
6001
3725
8421
7721
8744
9507
3989
2254
7748
2421
7654
9588
5218
4599
7069
7780
3813
293
7351
4756
102
4297
4308
9567
8581
3776
207
2755
8341
8070
290
7545
2538
4309
6540
3219
8794
980
8878
2843
5057
3718
4444
8936
9753
2577
2934
1965
2798
542
6718
817
9981
297
6503
134
7990
7498
4401
2446
7474
1403
1586
3992
323
328
331
2117
2362
7110
696
1489
5443
2406
6482
8893
204
6977
8797
1915
4106
7533
5362
371
4236
4480
1948
5691
6681
4860
4069
9094
4784
1901
182
5961
1385
2130
7320
3239
402
7205
2647
8431
4935
2322
7811
1333
5329
1146
8291
928
551
8003
2085
1245
427
4234
350
5998
434
1574
7185
4110
1811
1552
6652
3781
7800
4461
5179
470
7462
4613
5017
8148
2682
6841
5122
7261
4020
8605
4117
8536
5089
8300
3205
8296
4215
4335
3672
4149
2403
9778
7738
2119
3666
7892
3457
925
501
1955
7594
8165
7016
6564
3638
8350
9630
1320
1843
7240
1181
1805
8156
8666
9166
4066
8133
3591
544
1480
1459
8027
1375
2170
7264
3679
7404
2942
7917
9235
6302
188
8241
6991
7712
4400
5392
5625
6654
3105
6262
7488
3556
5534
5149
2629
2433
3775
7120
1982
9932
1849
1591
693
1738
2420
8271
7116
619
6179
3286
8944
8546
6613
6895
2476
6750
18
2857
101
7297
1221
5419
4584
1882
9443
7467
2104
6546
6331
6664
1512
2267
6602
1463
2302
7280
4579
3226
6204
8039
8433
704
8461
8845
195
2467
9346
3315
5009
1575
3087
2635
4979
530
3326
1298
8110
4412
947
8793
6569
8093
7598
7296
3705
4306
9660
7233
3061
9929
6473
3009
8780
4761
2090
5507
2361
2660
8275
2780
6806
5118
4802
9901
4858
7573
3275
549
1004
1874
9950
7251
5535
883
7799
1216
3225
7520
1806
2678
7022
1701
816
820
9257
1999
9265
3154
6531
4653
4570
5417
2838
7851
4145
1136
2334
845
9918
8615
1842
9670
721
3502
4726
2288
668
2926
4963
5367
8941
8169
915
4961
5124
9349
8872
9758
888
4535
1680
1709
4847
2556
898
1128
733
6317
905
3268
2822
7222
6590
5326
192
2699
9955
2473
1991
924
3015
927
3240
7333
6996
934
9649
8627
4590
946
949
5500
5064
3580
5772
6524
8915
4275
5765
3238
5229
2063
5782
1175
6308
3980
313
3124
1604
2033
7887
187
3007
8216
8354
9841
1008
168
4622
7577
1076
4248
4353
1026
216
4855
1029
345
6460
2072
5787
7277
7864
738
7267
4927
7918
3826
343
1144
468
5180
2930
2195
1844
9846
6647
6869
8987
4291
472
6468
1226
9654
7823
1089
1580
6617
1276
920
3391
1713
7258
7695
1107
5060
1111
9880
9624
1263
4469
7989
7091
8985
2348
1131
3512
2193
396
1773
4631
3053
6277
6575
3085
6291
8351
3438
2513
6128
9348
419
1159
8538
4627
6343
3233
4500
5804
9822
2075
5977
9438
4369
3265
6610
8208
9297
1716
9261
7050
799
1203
5376
6192
1207
2540
2103
9398
4163
4558
1149
9999
6173
571
8471
5763
9464
9417
6545
9949
650
7914
5036
9024
990
5677
7359
6587
9910
5954
6012
7420
3249
212
9013
2696
4494
5721
5756
183
2698
2681
7012
1451
4280
6491
7686
9833
6762
8227
6408
1306
902
2449
8073
1315
7690
7940
8031
7212
1976
6598
1521
7910
1330
1334
9987
6216
9300
8328
4189
4346
6526
834
6881
7736
2738
2343
8096
5168
1957
4347
1989
1110
1382
3184
3829
6174
312
7908
9548
6754
8480
8378
4119
3933
3327
4825
4155
8120
5633
5843
8019
5433
4854
4891
6693
8379
6508
1132
8218
4312
7961
4638
5255
1430
9617
8571
6846
7557
5398
2638
3377
7659
9129
2565
5869
6135
1945
8478
8713
1464
6668
9308
367
8380
2723
6190
7827
9363
7937
7045
822
3467
6583
2162
8753
1891
8250
7529
4319
1490
1494
6184
7596
7705
7509
1767
1272
9462
8200
8425
1514
1884
384
6255
2741
6783
4196
7707
2422
1141
7668
9001
2089
9792
3157
9491
2295
8479
1542
3654
1547
8020
5972
1511
5497
8361
3170
1558
2363
1006
6221
8233
513
6952
1576
6336
9861
6096
1582
869
3773
8035
7328
8204
6537
3218
7625
9562
7615
9891
1784
445
3472
8508
6832
1633
4477
4057
2074
6176
2762
1828
6666
4447
9316
783
1616
3152
1415
1387
1672
1675
1825
351
11
1683
2714
7608
9425
6772
8452
857
462
9228
2087
3643
1702
6422
8243
2708
2947
277
5460
1623
6607
6353
6383
1782
9607
1230
1153
227
2711
2441
363
4045
6592
7089
1424
6620
2022
9848
7647
4575
6628
2374
8787
1349
1648
554
6632
5023
8
7933
2800
4004
1775
1657
6433
7132
2127
4597
2450
4670
9829
5949
1423
556
6995
9636
379
9519
4845
5319
1674
9008
8846
5320
6672
4949
3881
3759
2773
6653
2505
4487
6655
2868
6658
6659
8336
699
9063
7643
7951
5381
842
2500
4755
1557
1277
967
5741
7070
6416
7000
6016
1707
6888
1765
5488
4841
7080
2134
4573
6296
5536
640
641
9177
7265
6310
7761
2217
6603
2138
5442
8958
8364
9506
7603
514
4805
9358
4393
3792
1646
7787
8143
3109
5359
509
364
4598
4164
7923
8543
5481
1810
9687
1750
4822
6981
2427
5800
303
7298
1757
1758
1560
2100
4559
2314
6576
5710
5935
1952
4039
5174
1455
1726
8183
7019
936
9097
5719
7535
882
283
6332
8244
1743
5905
7273
1215
1753
588
6591
9587
7982
6036
5694
8843
196
9248
2001
1774
9839
7444
6448
3820
3517
3740
8281
6397
8319
793
21
4978
2494
1850
2579
5129
3322
9877
6071
5595
3353
6514
260
5937
4493
6438
3069
8632
1252
4226
9215
1936
2865
335
7619
430
1839
2004
1344
1847
5244
9532
3561
8463
5046
8383
5223
307
5840
4976
8884
3959
1872
2301
2525
1878
1881
3351
1885
8767
1887
5498
3070
2492
4452
2981
9379
5669
175
4993
3003
6950
5815
7002
361
3156
3341
5172
1895
1875
9669
2277
6029
6542
8932
916
9677
1940
7114
7290
6484
9112
7361
6518
3118
3951
4509
480
8280
8041
9178
1962
7148
8862
8353
1995
3131
1442
2966
1974
380
7639
286
2509
1986
9230
591
2092
8062
9018
1130
6722
9769
1294
8060
9626
5430
8625
2891
8946
8316
3762
1469
8507
846
3833
2766
1829
7124
1325
5967
4301
2650
4026
2187
8365
1045
5134
8746
9236
6031
3158
2751
49
1249
2076
3349
1112
4942
3981
9296
7986
1406
1440
4617
2188
9375
1548
147
8002
2111
8520
844
2095
2223
9390
8737
60
8986
3957
8822
9451
310
2140
5165
7217
8279
4512
3596
5659
3100
7666
8852
3840
3210
6579
7641
8869
545
2142
8258
2786
2174
2805
2189
2192
9151
2194
1632
8406
2200
4142
2202
3208
535
1143
7122
6960
3173
1823
1319
9064
3735
3663
6547
8871
3129
3651
8831
2232
3942
5899
9284
6490
258
9754
7429
2856
767
3702
6909
2758
9553
7371
1961
2659
4296
8774
9117
2186
7214
4861
4926
9537
7309
8903
3032
7563
4628
5748
5946
7393
944
8168
9227
3873
5391
4722
5083
9952
3461
2319
9459
5923
6943
4113
9164
2323
6067
1030
3592
9883
1588
8778
7911
4510
1208
5962
9026
4263
2370
2369
9145
8732
2383
4323
6612
469
8920
9485
440
7055
8589
360
1390
877
4086
6789
5671
2410
987
4326
5702
1889
3802
2428
1967
2787
5271
1855
3843
2592
706
2154
2019
7771
3656
4000
9851
2114
4693
651
7718
5683
2463
9057
5855
2472
5591
5902
6638
2480
2482
8821
3499
7342
9103
3976
6321
9622
3692
3147
7915
2376
9863
5838
3796
1515
9187
9210
4383
2610
9424
63
1598
3609
4880
1546
494
2143
6394
5889
3695
2552
1763
7499
2854
2654
8432
1867
5879
2445
4809
8628
5520
8343
142
8136
506
9525
1481
9486
7373
2599
7852
5532
1466
2754
4744
105
2616
6908
2976
4171
373
7752
3569
3939
8401
4969
1577
1987
6146
875
4435
3166
2013
6904
2645
6883
9369
6501
5576
3742
9114
9746
6955
6834
4637
5658
6401
8118
7630
6356
9899
2672
5778
4458
6020
4154
2689
4728
5641
8529
7760
9285
1269
708
9514
614
5613
6787
5105
6635
118
3888
3253
4311
592
1427
4879
400
6601
1014
644
2351
8016
4043
7602
6810
1361
6500
5496
9337
4233
2901
5833
4241
2282
1729
7176
8215
2774
2023
8894
702
6123
2789
1799
798
3102
5941
4270
3483
2562
7406
4708
5685
2784
5697
6766
1064
5820
2819
9433
7317
9890
3041
2830
8761
1217
2715
7266
2841
4655
9954
9879
4557
5363
4810
2853
76
5063
3112
2157
3161
1781
5695
1049
2524
6456
9446
3677
2880
2871
2336
5393
976
2890
3331
2893
2464
7551
8173
8439
5296
140
2717
1697
4259
8058
5263
9021
2596
3350
7187
2588
3629
4295
4941
8474
7232
5913
416
2943
9920
682
8088
8075
2951
7669
443
579
5361
8219
961
9613
3593
4115
2970
6013
7579
2218
8710
9745
6970
6965
2447
2985
6452
6070
2542
2992
502
9535
3014
2807
3006
3008
4088
731
3012
7286
1446
5896
5975
3019
3020
1173
3022
1912
164
4334
488
1990
2984
3575
3034
3037
5158
1126
2517
5571
1883
3197
956
616
9377
3065
3066
9468
3072
356
3079
5598
5070
561
3126
2442
4703
4229
3047
1032
3095
4529
6155
2793
7714
580
3106
9921
5700
6684
9124
8497
4097
3119
3255
5873
777
6833
9122
4710
9072
6373
3345
3140
7871
1279
8277
8332
8977
8663
1036
8616
5991
8955
9547
2236
2010
601
2483
3382
3108
3172
4901
1691
3176
9815
5186
5868
6756
9974
7234
5714
7142
8601
5769
4690
5137
5484
2559
8391
6729
7405
4834
240
222
4699
6818
2477
265
9591
298
1939
7196
2860
4632
7848
3565
9442
3243
230
3248
7074
3259
5056
5605
4774
3134
3518
9662
4536
1793
8395
784
7105
9830
3281
255
3325
7679
9656
3726
871
8937
9004
8235
2688
3301
3303
3834
4589
648
5321
3313
1731
5749
6934
3320
235
5125
1399
3571
7155
358
4689
3337
8830
8840
7434
3347
219
7218
787
8043
4325
4692
4328
1097
5809
3378
3379
3380
5667
3250
6381
7221
6595
3388
676
3392
3393
3164
3123
3858
3402
5221
6335
9719
7219
3236
5206
3642
3195
5288
7184
3418
8771
5237
3423
8626
3427
2669
3927
3381
826
6792
3434
3435
5028
6928
3443
8407
4137
3447
3448
5797
103
7527
2656
1723
6443
1876
3471
3216
3473
3682
9934
7395
5474
6999
6848
1970
9458
9440
7005
6129
2029
6637
2382
5278
4391
1539
9964
2595
3514
7745
1678
4844
3522
7391
4068
2262
1259
97
3397
4541
1322
3541
9798
6010
899
3546
3221
3550
6325
3553
9799
8705
9387
3559
5325
6572
8482
3021
3343
2017
6703
7795
7013
8374
2661
1202
3287
4492
1612
2933
3372
1572
6185
1465
8660
2558
6552
6168
1608
2214
8565
251
800
3498
8989
3661
8622
9489
7093
3632
3633
3637
1740
9501
6836
5005
2586
3432
3455
9353
1266
1617
7939
1087
2184
8743
2585
3667
3668
3669
8370
3673
6450
5098
2543
4211
3683
3684
1135
3175
9447
6835
8553
9508
527
2418
625
5805
3706
210
9902
2409
208
3336
3621
8755
9232
3902
5982
3850
8677
771
8051
8756
9315
7576
8600
3411
3786
7427
2340
5253
2697
1237
2222
1807
6857
7574
100
6597
3788
3412
5225
5303
2904
7779
1834
5256
8952
2173
879
3818
4456
5527
3885
8688
7656
7399
8313
5445
8860
9558
6281
8049
7936
3882
6723
4072
5704
3862
2909
1819
7181
3871
8768
7318
3877
4881
294
3884
4079
1762
9075
3893
8665
9905
9881
9992
4365
8278
4352
3903
3906
9979
9301
3910
764
8349
8146
5164
6153
1705
6778
3926
8785
8617
9419
6498
5654
1739
3938
3060
2781
3943
3944
2082
461
9875
3187
5476
8765
3963
8315
7805
3057
4362
3686
6182
6615
3972
5891
8429
1037
3054
2564
483
9711
4411
9826
3991
1803
5531
1969
3198
9827
4002
1447
4009
4011
4012
5939
3404
7727
4018
4019
454
9842
5353
8490
4034
1363
649
3581
5185
1374
4049
4050
9892
4830
6634
4592
1321
4063
1983
8548
4067
2625
7632
1239
8345
141
4345
6151
7035
8488
5454
1010
3305
6930
299
8624
999
3439
1238
9139
6899
9306
5055
3111
6692
4530
4109
9391
5396
450
1113
8585
9182
8230
8907
7344
7840
856
3215
4724
2012
4917
4600
6584
2229
8764
4143
47
1831
3912
249
8467
6555
2274
9603
4544
85
5163
1601
4170
4892
8825
7789
2866
4635
426
5997
4188
4190
4616
2952
3883
3356
3310
2852
2191
1786
180
4520
8195
6593
5909
4214
4610
739
3513
5920
9723
7530
6953
4230
9793
6377
9483
4957
4338
4238
5925
7445
7781
6097
3306
8161
6166
3285
3093
2378
7941
5004
1977
4656
2941
7673
7664
8640
6037
4282
5402
9170
5558
7767
4288
3211
3689
4294
1747
3403
6284
635
8131
7447
231
4316
2434
344
5145
524
4513
5414
751
9291
9556
7403
4523
4340
7985
8387
9743
9582
7355
5878
5623
4358
6702
8430
8137
7137
8494
8667
6210
6604
4375
2175
2123
3929
1700
5825
2845
6022
9665
4396
594
9138
1734
8154
1927
4403
6088
4407
6893
5791
2431
5094
2027
2124
5798
7031
8631
5355
2273
6434
1209
617
5587
6721
4445
3566
3181
4451
4453
9403
9338
3880
3946
2470
508
4337
3612
2727
4471
1244
8266
8747
4476
8649
190
4478
7785
1124
4108
9939
6083
8310
4499
8160
9492
94
8389
3717
4954
1894
4515
6962
7347
7751
4528
3097
5113
3913
4532
3148
4425
4539
9930
1896
4543
8234
4546
6263
5614
873
4556
4256
1485
6622
6530
9251
2249
4902
5007
6751
4580
673
4582
8050
833
4851
3017
5565
3294
2632
768
1779
5323
7354
4604
3709
8568
2453
4262
9534
5616
7628
2398
6730
2078
3488
4460
1007
4630
73
8682
7797
7248
1100
7950
992
418
4042
4652
4920
8614
5621
4657
3982
4611
8981
4663
6090
4648
5295
9983
4674
7543
4285
4680
9642
4748
4501
837
5775
2121
3768
7739
5209
9231
6072
8326
4911
2396
2204
1592
8534
3073
971
2769
4718
7528
685
2387
3004
4725
6110
3941
1650
3222
4736
5492
6989
15
1152
9741
9560
5349
8971
4752
9410
1426
7810
9500
709
4904
6261
2402
2435
2797
8115
646
1186
3038
7334
6986
6467
1949
4418
4995
4794
8121
6493
4827
4808
9077
22
7675
1985
4277
7134
9804
6489
4826
2423
8951
8022
7831
1791
6905
153
6186
5147
4191
7893
2259
45
8693
723
4857
8562
2702
9619
4618
9726
7084
3051
3295
6831
4950
8304
9146
1710
6045
4884
8362
3847
5389
4126
2627
811
157
4905
3613
3419
4287
1425
4916
5473
6121
832
4923
1733
6143
3076
8321
9712
9487
17
4939
9158
4943
1681
46
1584
1523
6228
590
4959
5516
8269
4962
9268
6134
4967
2986
5992
1057
9101
8047
4975
2899
2030
9437
6630
7814
4986
4987
4989
3196
3340
4994
4793
4996
4997
8242
4426
1968
3
5144
1122
5687
540
6795
7542
4073
7597
675
7042
1040
678
6404
754
3614
8076
8856
8477
6269
5170
7349
7558
3598
7560
1213
2060
9800
5693
1270
8187
1998
9352
7170
5092
1858
2393
585
2255
9046
865
4913
8182
2253
1109
4031
2397
1253
8495
7585
8259
687
5762
7589
9973
7861
1979
7130
6354
8596
3018
5931
2056
7599
4437
5365
5844
9439
2640
7658
6046
2609
6805
1908
9428
1422
7612
634
6359
7820
3386
7617
5893
2338
2287
1228
9175
4065
2230
7216
2732
6301
2566
3155
3277
6367
7430
58
6626
7635
3413
8125
6645
72
4621
7215
7642
9697
1395
9640
5715
2990
2551
2742
3755
9374
8163
4271
8267
6825
5335
3489
6488
8199
3494
7661
2109
938
3482
4780
8905
6382
9088
8621
3678
7671
4360
5024
6972
1664
1400
8966
1509
8005
4998
8718
6387
1165
719
383
716
7687
9420
2197
287
1802
4264
8734
1182
575
7696
9810
7794
7699
7700
8650
4465
2377
5675
5929
1938
9331
2364
5812
8228
2560
5191
1118
6145
3276
1069
9176
223
6744
9977
2311
6731
9312
660
7009
4843
7819
6973
523
6407
1301
5737
8857
6411
9530
3658
5701
2246
6251
4818
1046
4804
5192
7744
10000
6791
6842
5386
2783
7750
7878
6577
3121
9845
4343
6867
7757
9970
6421
9243
6695
1944
8556
4254
866
7688
8004
9293
1290
5461
9813
8491
3890
6687
7775
7776
7777
9473
5014
776
583
3975
7783
1246
8911
3723
6432
8468
8236
8317
6019
7792
404
3352
4687
1852
6436
5201
9078
284
2317
5545
1313
792
2097
5760
2994
2772
3317
4324
628
2005
1295
1224
5729
6312
3987
6763
600
9123
5764
7759
2008
4786
7976
2460
6458
3394
6486
1024
8697
917
9610
7895
6462
8085
6464
7838
5034
2526
6175
2300
6466
9690
5202
5771
8819
2545
788
3618
6471
7959
3597
8017
8504
4688
1312
6222
935
5777
4
7801
9107
206
1434
8926
6480
9091
7581
761
5205
5781
9317
8557
2165
5767
975
8917
2136
7268
3625
7882
2211
5282
9885
2179
4900
6907
4216
8861
5013
2113
2444
6288
1712
9493
1642
1926
7179
4169
1300
5903
1077
7904
7905
5413
5410
3704
6502
6961
9860
7100
8782
5793
6057
2925
2760
80
8606
4647
3863
3024
5345
7197
2466
7238
9857
9203
5906
7930
7931
9056
4409
5246
2156
4552
9611
5858
6517
630
4455
3690
5230
5037
6078
7946
2394
4152
2867
4317
1296
7952
6896
1871
8910
9953
962
637
3727
1127
3545
1367
497
6286
7965
1507
6853
2182
7969
1946
5101
4040
4037
5157
6873
4714
8938
7978
1840
6099
855
732
7505
7717
3242
745
8618
8836
6538
8648
801
714
4890
2207
6544
2903
4547
7943
6398
1804
9154
33
9120
7928
1
2953
2521
8898
7390
1412
5422
8012
6044
2744
8448
5626
5212
5215
5936
1472
6921
1354
453
6732
5020
7741
6700
5753
631
8030
1751
8032
8033
5038
2561
9472
8037
8038
5871
3311
9083
9273
2882
5236
8045
2910
6574
2652
536
2796
6082
378
9408
9559
930
810
2101
7948
8059
7151
5421
8260
4846
1950
5836
308
6435
2516
8069
7030
4227
4101
6558
1499
2489
7027
4735
1003
8079
638
2448
8082
5436
1011
8558
8086
5437
1787
7025
7572
3429
5930
254
5232
1652
5440
2326
5945
910
7722
3974
1525
8103
6898
7555
8416
8107
790
7345
5907
4017
560
1649
8114
3274
6927
8151
2057
1137
9111
447
3451
5856
5029
9791
5262
9286
6614
5845
8877
5673
8132
2686
8381
6120
4785
8921
8138
3634
7417
9811
8409
1370
7060
5448
7323
8147
4633
1039
8150
9466
1866
1589
6060
2911
8572
7341
6316
106
8472
841
4980
3194
9870
6631
8239
5866
6119
4733
1795
8635
8880
1631
985
5110
3005
2863
296
8054
7076
6495
458
8754
7588
929
5450
7059
8459
9648
8874
6724
2870
4803
5875
4209
4441
3891
6073
2344
3616
2918
6650
6651
3719
9463
4781
7762
4305
1545
1906
1590
3766
8357
6980
6454
5455
5882
1742
7457
8220
7389
9557
156
7255
239
5780
3732
2321
1890
4970
8231
5884
7835
6478
2826
4624
9477
4122
3960
4873
3043
3459
6427
8013
7262
6375
8247
8435
4153
5142
5112
5890
4953
6676
9504
7693
4331
2171
7504
6699
6680
5892
3314
1599
5151
6111
5894
9730
749
7636
5458
4253
1668
8274
6689
6690
9524
633
2823
4583
5703
4664
6643
6963
8777
1332
6696
1625
3799
8290
5803
9084
3846
6830
2358
8947
4192
6701
2164
839
4713
4348
821
4875
8305
1293
189
5886
3052
9406
6707
5428
6324
9055
3965
5839
522
4658
66
3167
3446
519
6710
1790
8325
4249
6224
2325
8511
8330
9340
701
7822
2224
2248
5039
7207
4261
8339
5908
8996
2623
7638
8344
9876
1824
6720
420
7567
5849
5241
3415
1051
1984
8355
9522
7303
7313
8074
8026
2284
2764
1730
2895
5411
397
7723
4219
4024
8100
1147
1754
48
2836
318
8376
9365
5916
7868
6736
327
4207
5471
8320
8385
272
4304
8388
3816
7562
3932
573
9784
4669
1524
1432
4612
1154
9434
6746
2861
8402
8403
2359
2356
4933
6125
8816
498
6748
7514
8412
1035
4591
2548
2603
2649
3685
4636
8420
3064
4048
9360
5051
1163
6008
4495
1817
5377
6512
9969
2792
4046
143
773
9967
3368
6741
7162
6761
4893
4964
1429
1667
2178
4865
1116
6764
2875
8450
9288
7229
78
5479
847
8456
5774
451
2213
1388
4609
6887
5087
2149
5120
1027
2589
1988
7793
642
5688
8525
4526
6479
8939
1794
4550
5086
477
9133
2371
7461
8483
8081
3990
3587
3835
234
6784
6878
6786
1273
7955
9168
710
1484
2315
8498
9386
4563
3999
6342
7934
6556
252
3857
9495
6205
8486
4992
2275
8988
9511
5133
3192
6229
6799
6800
8703
3842
3995
6802
7237
6267
5483
8240
2025
25
5470
1341
8531
4534
5841
4770
3104
1972
8692
7493
7595
23
5752
5674
3510
9396
8545
6063
5247
8513
6449
9788
1953
2527
6691
8554
3898
5900
5850
3068
1826
5832
9014
8170
8563
6827
6115
6829
1052
1821
7502
2077
9179
8285
1537
4112
5870
4508
4397
7270
8818
5965
4595
8582
1917
7106
4866
6027
8587
9505
8446
4462
3497
1609
7487
1176
4907
7400
2038
217
5696
9027
4817
5456
9295
6112
3117
7180
6924
3967
8895
9835
4565
8612
5524
8308
563
2721
4232
7146
7994
7440
4677
6933
5317
6765
5502
3530
2276
8637
9840
2244
3468
5150
8633
1416
3809
4511
4257
7510
9152
4279
6038
3183
96
901
7203
6528
8647
4820
3534
5190
5988
1771
5986
3030
3765
2159
8610
8658
2439
3141
2695
1196
9601
1022
5508
507
9666
8382
3724
7433
3623
9961
9984
8674
6519
6299
4912
7922
9404
9115
8881
7556
6889
8684
7244
4167
8687
5999
6000
5316
8691
9502
5792
548
3374
4753
7378
9241
8248
2151
9327
8394
2286
4506
8040
7458
84
5399
496
4074
4517
4533
1462
655
1755
9528
3601
2108
9090
1861
8827
1769
7890
6912
6913
8726
8790
1243
6916
4646
6918
2357
7550
3251
9423
6864
6682
229
5387
6430
5994
1397
5385
5067
124
4871
1725
3169
932
7500
7889
1690
2733
6929
421
5885
2668
9922
6017
4549
3505
9278
8832
3688
3722
4381
6936
3874
3367
7057
5644
4059
4576
246
8775
5837
7119
5403
8779
741
8337
8652
225
5438
8527
2745
9140
6946
8978
1280
6273
2597
5888
2272
8795
8796
8144
6026
7749
9772
8063
6419
55
1688
8812
2227
3035
7637
8809
1308
7524
537
1053
4848
1600
136
8817
7409
8428
9787
9947
1059
8929
8824
1357
2949
2691
2739
221
7511
5294
7111
5593
8834
2534
8294
2820
5478
1943
6969
4812
1060
301
9071
6509
5624
9563
965
377
1516
9283
4973
1299
6753
5292
6599
789
1540
6042
7476
578
348
7742
8864
8865
7066
9127
6633
4839
4972
2226
1362
8873
7824
8875
7677
6993
4695
6922
8172
3904
6075
7926
6875
5686
5354
8887
6497
6372
5281
9543
774
7339
6159
8254
4951
626
3436
8899
8487
2633
8902
2872
7008
5280
6571
9105
8781
7667
5543
4344
2651
7015
448
9713
8998
4711
8918
8194
3952
636
6059
8923
8924
8925
6914
6879
8928
695
282
942
8423
3876
428
8935
9318
3600
3675
1125
3410
7029
897
3795
7880
8945
2584
9888
9183
7279
7085
4432
1355
1248
8954
1476
1931
7606
2684
2252
9334
4895
8888
6949
5075
3914
5042
5546
3652
7041
9104
4482
68
2735
4671
5959
6209
7201
7415
133
8810
974
9864
6573
5736
5550
5606
840
2146
8965
8990
8991
2305
8993
8061
9871
1752
8997
4863
8999
7051
3373
5638
2183
3098
7158
9006
1851
5553
2593
2873
7054
606
4719
4486
9015
6081
9581
3844
4502
8367
3220
8399
2429
1555
593
4778
9454
6189
2713
3804
4245
7246
2233
9034
8191
4729
850
7177
4578
3962
955
4237
1745
6971
5680
9226
5081
5300
129
4372
366
6178
2549
7844
5561
8142
6445
6809
1764
7079
1622
2977
6339
9688
1056
4251
9067
1073
5563
1711
2614
2814
1857
9169
8197
5801
1721
7899
9079
4076
2969
5566
2263
814
1155
6244
9200
1454
7421
7096
912
9092
2813
2237
3284
9096
6106
870
9099
9763
5679
9324
7559
1394
242
8427
4479
8804
9109
534
1404
1335
9113
6114
3487
7109
6860
4220
5181
7112
6561
5058
940
2570
3201
5573
9786
407
5148
5597
8672
3819
4798
9134
4567
867
9110
4819
8826
8802
803
8181
2028
2206
2484
7023
3406
3691
3504
9150
4796
295
5622
5579
5651
6304
4293
7466
7927
5358
2294
9162
4849
9872
7803
7879
473
2578
9147
7141
2345
3045
3806
7144
3696
8748
1071
263
9218
5750
6086
7993
7150
2384
8210
9914
1199
9188
9779
9190
8953
6714
9193
7972
1533
2006
8440
4577
32
6777
1475
7159
4488
4885
7097
6937
4194
5031
6426
4776
9211
3067
3000
9214
659
5111
9421
3028
7169
9220
6903
6793
9223
3711
9225
2734
4763
9926
8749
5079
5047
99
6516
5589
9529
9366
689
3178
4395
691
5640
780
2203
1699
5143
5652
7183
3414
1016
6152
8496
1682
5447
3477
9722
9256
205
5960
8717
1905
7552
9262
1206
991
5175
349
7968
7193
8608
9270
9545
6157
4015
1636
285
7028
5528
1171
1954
6852
5097
8576
4775
9773
8174
2533
757
2307
2381
4056
6095
4602
8295
3144
4405
6759
7853
6311
3227
5312
6295
9302
8276
9304
6167
7866
9307
8159
9309
806
9311
8542
4856
3212
9272
5313
8934
9621
1696
319
1815
9539
7006
7220
5602
6563
6942
8863
7979
9686
7271
9332
1103
9102
765
6366
5315
6276
9339
3042
4474
7226
874
7039
7953
4712
3458
3703
6543
4475
9935
5176
9274
7715
9707
2612
7825
6212
4414
4704
2107
6234
1964
3736
9266
9858
7236
9368
8889
5610
1151
9119
4984
3475
5601
2
5121
2243
6337
7243
4419
3674
9271
2160
4098
5681
1566
1796
1411
1133
6843
8599
3321
5705
986
6116
758
1903
9768
5189
7253
7614
9000
6195
9025
7161
2905
8707
9233
9322
2611
9592
5219
1973
1703
137
6472
694
412
9975
744
6094
6077
5619
2746
5620
552
266
2021
3611
5115
7352
4439
7564
4707
7958
8119
1219
6709
4782
6780
2511
4603
9444
1048
8175
8876
4392
7310
5068
4504
9452
3676
6330
9455
6091
7830
326
1467
4769
9461
2878
146
2581
9277
7275
5324
2712
9469
6485
1692
9023
7071
9474
8646
9564
7580
5627
9479
3645
6298
5211
7287
9484
6076
1607
2674
9823
5583
2963
2719
4177
9671
3953
7293
1150
9497
479
8722
4757
3640
3922
4406
3199
5333
681
1808
2928
1105
9510
8465
9512
3501
8237
2828
2748
9517
5860
3466
4691
6362
125
4247
8225
2375
5379
1267
2914
7618
6987
9531
2245
2827
5162
8602
456
9144
8164
7902
7575
8348
3444
4111
1378
9820
9012
4569
6412
6424
5713
8516
9552
1345
1748
6231
2098
2885
4814
6770
4522
3764
7973
5639
7282
5944
7331
1031
973
6235
9570
7191
2862
2046
968
7192
6985
3771
3602
3185
6138
3734
1347
9583
9584
9252
3207
3127
7807
7343
9590
262
4160
8356
6640
6586
9596
7517
9041
3617
9600
3421
5213
5789
5382
7312
8346
1846
5234
7034
1638
6510
499
7357
304
9615
770
7960
1550
3135
9620
4239
5166
9684
4829
9625
6849
6253
7366
7367
6254
8083
7370
8292
4971
6028
8084
4906
7570
7790
6243
6665
6499
9643
5650
9645
5646
5657
6444
3887
3772
6103
5334
6968
2799
9246
7382
7381
9658
5177
2051
7423
3810
7384
6513
104
5653
8517
7547
7685
9192
3620
1129
3748
7294
779
3528
7464
2352
4909
4114
9832
8882
6338
7011
6796
889
2360
904
9689
9586
5549
941
4179
8203
6162
9696
5548
9160
9699
9700
8800
9702
7921
9704
5981
9148
9355
6268
1669
6683
1637
5452
340
9714
410
4274
918
9718
314
9069
6461
1180
6270
9724
2888
7063
5336
9728
5538
8186
4276
6274
6667
5783
6275
9736
9737
9738
3247
7040
5269
261
7773
851
7043
7426
5261
3086
9749
7428
9751
2177
7200
5341
4706
7788
4824
1517
7431
3841
9761
8286
7160
4968
4593
2044
5784
9614
411
5596
4378
3344
9609
5339
707
6245
4240
1145
3361
9780
2971
868
7315
3603
1360
2528
2327
715
5660
3608
203
4767
703
7443
7065
9796
3101
3308
8289
401
9060
6050
8469
8636
8642
2084
3577
4427
8094
9781
7450
8080
8117
9814
5096
9816
3535
729
5514
8021
9821
658
7454
4218
7456
1595
2801
5580
152
4386
6967
382
6203
5074
892
4252
2804
1170
2897
4408
6594
41
2498
5173
7165
797
9847
1756
5727
7652
8760
1482
1996
7604
2329
7026
1611
4315
9859
8773
4754
9886
3920
830
8272
3329
503
9868
3760
1513
7480
322
1356
6926
6897
7758
7004
7481
3188
3595
7475
6974
4052
7485
7486
7694
5372
3389
8811
657
7452
3855
9893
7491
9634
4945
36
7676
4139
4503
3360
2859
7832
9729
5933
9906
786
5761
2152
3935
6625
933
9913
9936
5352
495
4878
7468
4053
8609
3387
3687
9313
9635
7311
5214
9927
4799
9384
4540
9490
2148
5451
338
2144
7901
9030
3120
131
7153
2858
3363
1666
5003
8373
5759
4596
1501
1197
5457
1297
4762
2424
7731
5973
6200
7512
7099
4442
6318
6319
2902
2940
5755
9259
4749
3082
4314
5555
6323
9971
5604
1684
4566
8449
9126
8983
4682
2703
7525
2125
3949
6187
5928
1094
5834
8184
665
5684
1257
423
1605
2251
1873
7473
9996
8149
9998
1899
8750
1759
7001
9165
6413
6868
3273
8408
2043
8162
7826
9968
9986
149
1772
6976
2437
1285
1327
9705
2785
683
92
7733
9299
6768
370
5167
6767
6685
541
7356
802
2400
823
9303
5240
1410
7756
250
3970
2312
7449
9750
1627
9865
3739
5743
5883
6803
1405
2199
3670
5953
1019
9855
4449
126
1816
6755
2568
3934
2922
3355
6183
6548
6553
1715
3001
3523
9806
26
3241
3440
3817
7379
4094
9931
7584
6900
8801
5951
7340
7437
1338
5050
6838
9550
6840
1677
4807
3256
6440
6144
130
4162
4398
5429
2809
5599
5183
1859
2122
6856
5159
557
7490
4292
9320
6364
1383
3080
9163
2812
2242
8837
520
1929
6133
8257
6866
2705
9734
3821
6871
4151
8411
9958
1337
8681
6305
4833
8727
6884
144
9985
5468
1140
559
9336
1460
5302
5656
330
1902
4440
3973
9948
5495
320
6890
6891
903
3142
2150
199
9709
5242
3463
5607
584
5910
4175
3824
6320
9020
562
5971
3733
5388
1189
6911
6917
6919
5567
1933
8436
218
8715
7394
1236
2168
2137
5054
9412
2936
1496
6935
7970
2231
8101
89
9082
3296
7657
7380
6945
1639
9744
9036
7463
6621
6441
2544
2530
6733
3395
2978
2436
2662
5467
4302
5364
7118
2069
436
4322
6728
365
6979
1054
5200
2974
8253
9035
2059
6983
5853
2161
1092
943
1727
2648
2557
6396
5636
8238
686
829
1519
6997
4380
3486
1741
2002
951
5964
7003
2271
6225
2349
415
31
7839
2385
5887
2829
1121
3425
9038
3449
8638
5008
3859
7024
6208
346
4588
3543
6334
3441
543
5874
9108
6199
4874
923
7198
2139
6391
6629
9740
185
3189
6242
3644
3206
6188
7582
288
2927
7194
3562
9258
9197
7046
7909
7047
7048
9900
7929
4228
1184
2032
5796
9608
7052
1200
2290
5952
9209
3384
6207
8331
4662
6661
7058
5958
9774
2486
8252
7061
7062
269
8106
6779
7274
6463
5846
1526
5934
1398
760
7072
718
1428
5826
3538
7935
8595
618
7083
2833
7472
6051
948
4267
4686
1283
9361
6624
9414
9735
8976
7088
603
8205
3426
425
7081
4947
395
2120
6605
722
1832
4051
5491
2016
1564
4310
8551
730
2989
8470
5738
8655
2915
3801
6093
2825
517
8683
9675
3811
3753
3223
8340
5290
2718
3516
5569
815
914
5802
7674
1083
70
2024
9476
211
4423
599
7135
5049
391
2416
3790
5041
6202
564
7398
5073
7128
9824
4697
5554
5106
7131
490
8757
9314
7133
9022
7139
3729
2962
2185
2553
5033
4740
3063
6453
4384
3539
7152
7586
4033
5449
4298
2368
2954
3839
4918
8298
8704
7167
7168
3089
1783
6047
7174
1812
7883
6618
1708
6118
3870
2110
1093
2310
6025
6236
4100
7186
5943
201
3454
7190
5405
6719
9341
8829
5304
977
1645
9606
7907
8968
1188
315
6481
302
7204
403
2411
1174
3978
7211
3508
4783
1951
2777
7782
6717
3837
214
7544
1195
4700
3869
7804
5238
3055
8555
7413
8502
7225
656
7188
8580
7532
2270
1366
3270
9976
7713
1777
2234
6813
8930
3396
5309
5459
8509
2091
2279
8738
2417
5082
4537
7239
2264
2399
2924
2293
2704
4064
7242
5193
4485
9720
6990
3782
7245
5810
7249
6854
8515
2821
7894
2956
2061
7414
1679
1102
9694
6089
1538
7263
1924
805
2320
7627
1760
3825
8623
4283
7337
5926
3177
7272
9033
1920
674
3892
1284
2167
4644
7276
2404
8067
6021
3316
2342
2318
7385
9059
2615
2128
8178
6817
8896
6932
8597
2519
9775
2355
6136
1665
4625
5779
6539
6822
7108
5666
3114
2365
960
3520
1348
117
5562
9674
7299
1766
4083
5284
4952
9254
4206
998
2380
1157
1813
9061
7033
7375
7308
698
9128
1573
7363
6328
4413
7322
2811
2291
2296
9343
3537
2367
1192
7330
7018
4071
6788
2639
376
2710
1877
7338
3075
3328
3159
5472
3078
7044
9904
4463
3680
2605
5032
8569
6925
954
8501
3805
4208
608
4768
9328
3408
4620
2432
2644
4683
9449
1401
3107
3271
7358
7125
7362
2979
6105
996
5286
662
3335
2425
3554
5794
1391
6776
6034
2454
3031
2285
7383
3416
2459
728
8879
1346
569
3228
9435
6511
2613
9831
2469
3831
5171
7672
9667
1443
7981
1474
2034
7648
2479
7885
2832
7289
7872
4811
8301
7346
6807
7419
6588
2490
5044
6706
7424
7425
7032
5267
2129
5383
2499
7538
4519
566
2503
7432
8524
2965
2507
7127
8979
1262
7441
2050
526
7791
5095
9068
6743
2518
2756
2881
9499
3465
2642
8299
8708
1009
8307
8867
1536
8559
7459
2532
7847
4527
2335
7455
6847
6062
2539
7465
385
8066
1629
565
1654
4716
6170
300
5668
4731
2747
1074
1317
5501
8104
725
8982
4029
2795
8441
3954
7460
6978
4010
795
5489
9956
9612
7422
8550
2571
4021
8112
8885
2575
4498
9037
6130
8318
3793
1225
2353
9400
3743
7513
1559
7862
5257
9783
9239
3478
2512
1671
5570
6901
3627
4642
8214
1941
7288
995
4174
2646
1893
9478
2606
7770
2035
5670
7036
2701
1718
5307
2281
7539
5198
8171
3756
8404
2620
1925
6418
5152
1104
3697
7554
2210
8009
2957
5642
7860
6428
3767
6113
5412
654
6266
7565
878
5552
7568
111
6347
2869
3783
7987
1441
2753
913
413
2898
1291
98
5224
5117
3852
9651
4568
7601
8772
8499
2052
8462
8371
6671
2666
4181
5021
5260
4548
4336
7624
1994
2346
2675
2247
8661
2094
6409
6232
5131
9925
5427
6534
533
113
2163
3299
2088
2690
4472
8759
4268
8134
8736
7640
1947
2133
8034
1596
3409
5924
8001
3551
5821
7651
2135
1966
16
30
9264
7875
4797
6994
680
7665
3889
3469
4868
7143
7816
7681
362
8438
3116
1240
9652
8410
861
7392
9867
6585
2594
3660
7701
1543
6163
1776
336
4379
2851
7566
9294
2308
9052
880
6278
7711
7833
4828
4377
2641
4723
2461
6639
9757
3495
1634
5523
1500
1078
1561
5901
835
3280
8967
6378
9095
7082
2770
2771
7808
922
4438
2939
909
3136
2864
9153
7593
4966
4551
4129
2014
7376
3229
4666
9045
7508
2790
7754
7755
6782
4894
116
82
4771
1478
2049
4991
2039
9194
9795
6049
6039
9221
4634
9555
4131
7068
163
4750
8891
3244
243
2816
2817
4643
5831
9323
953
8347
6828
9047
6820
671
4928
3298
9498
7798
2653
2093
6656
8311
2835
9471
670
4490
2839
2840
2487
2877
3988
9657
5425
7806
2495
329
5
4281
7809
6739
5368
3010
2855
1535
862
9118
354
7710
422
7336
8724
6557
6425
661
8398
6149
8984
7157
7295
7663
7329
4172
5942
5146
1504
1687
3931
7402
7836
2208
3797
4443
9866
3113
7662
3507
8206
5529
7845
7470
2670
9691
5603
8678
9005
90
2955
4016
746
9541
7209
8901
1495
9329
3424
8586
6948
5655
5071
885
2913
5093
1015
2053
2917
9450
2485
7479
7716
4299
3509
6559
9465
7874
750
4721
1079
7683
6725
2932
6361
1981
1853
1587
5510
2991
7881
4467
7886
435
6015
5786
3428
1234
6386
2948
6582
9708
2068
6158
7906
57
7859
120
474
9573
1381
9467
8805
7913
9916
108
7306
1914
2967
4434
6102
4357
2920
5103
109
512
6451
9202
7932
9595
3083
2980
7064
2219
7078
9957
5716
6405
2514
2988
609
7966
7945
6877
2993
7949
5754
2996
7954
2998
2112
5426
6084
5707
7283
7737
7412
4089
2964
7962
7228
2889
6850
9249
6663
3901
3224
945
2958
4424
9028
3631
8111
9049
7997
7991
3025
5530
1910
6329
3029
9076
9526
3940
4436
8128
460
3036
6348
9959
4433
7256
1656
6250
896
1452
4564
9456
9698
586
4146
7173
6169
339
5107
5249
907
3056
5291
8010
3059
7102
5872
2031
1178
4702
4084
1869
5876
24
5378
831
9429
437
6065
7482
5026
2181
6030
7856
1000
8025
3081
979
2693
3179
3594
8179
9180
3088
2740
2900
6109
794
8042
3094
9809
9007
2496
2131
9016
5035
1670
8447
1916
8052
6560
7650
1242
3570
8725
9653
7377
5827
7720
8065
3115
1461
4958
7611
6627
5487
3269
5274
7446
4464
8849
114
7067
3128
7747
7834
2960
3071
2153
5066
1158
7335
8127
8091
429
8092
9356
4350
2474
8097
3145
7536
8099
8102
9819
7591
8109
5048
3153
895
4156
7995
1534
3146
2102
4641
4374
3162
1251
5881
5732
9909
8123
9149
2058
3332
539
1923
4491
2945
1380
5011
1522
8484
8135
726
7843
3182
2096
3899
2765
8140
4197
8141
2818
8145
7087
393
8152
8155
6054
8157
6414
1661
8611
8087
9125
3016
3203
7900
5025
9664
7519
138
782
3200
921
5204
5582
1493
3930
3909
6137
6649
1044
3895
3193
8185
3383
1660
5560
4273
7121
1250
8192
2458
3165
1613
7621
93
399
3023
3237
6657
858
2844
8014
8198
4741
1123
6165
8842
7988
6801
9578
5854
6870
2020
8270
6876
2779
3583
4250
5293
228
1685
7410
7189
8211
3264
3385
8212
1655
7369
598
8044
3480
1544
8224
7471
6085
492
3856
1570
8232
7210
8098
8166
5184
7017
8246
3548
5557
6851
8573
692
8251
6811
748
3861
4869
2919
5709
4123
8256
7439
9579
7123
1408
1959
9943
4246
5465
4371
988
1932
3365
8730
4521
3936
3460
5932
6758
6104
3319
5027
4914
486
8533
2105
1581
3916
7497
1013
8577
3330
8604
7154
9639
1258
5978
9762
7107
2722
5482
3348
220
8961
6122
5108
8696
3346
9980
233
4694
2987
128
1021
7553
7719
8974
2726
3357
6283
3359
1818
529
1359
2493
3364
8434
8904
8105
1673
8309
3370
7541
8202
7857
2831
5196
8564
1749
8323
1017
1340
4213
352
827
9184
6140
9629
5199
4416
1437
3390
1222
3039
5816
5371
791
6982
2283
3398
3399
3400
9673
6385
2401
2775
8363
8366
3650
9185
2975
5829
1384
8959
3693
5490
2768
9917
2497
2465
9263
3420
1814
1921
5463
1640
9494
2009
2278
622
9156
7231
4082
3751
8400
3333
9367
1911
3437
8820
1210
8664
4355
2731
8418
8714
9319
8552
7094
4085
5895
5019
2141
5477
9130
2225
2931
3456
1788
2215
5848
8731
5123
5404
8011
3464
4956
4985
9280
2879
4481
859
2621
3662
5085
3283
8457
5273
7149
8458
3479
2298
4859
2047
5980
8931
3485
705
6492
9997
5420
3490
7692
9569
6053
3777
1468
446
8209
5400
1120
1809
8414
3231
1166
5415
4977
5272
4095
7680
9533
386
3511
4932
8489
6368
7772
8153
2847
1714
3519
2667
1892
3503
9206
3524
9407
4359
3527
392
3529
3163
8815
3532
3230
8505
2707
8592
7098
8510
1439
7117
8570
9427
2395
8518
8519
8522
5720
7292
2794
9693
355
6399
1602
3950
467
2628
3557
8532
8535
2354
2935
5338
752
6541
4466
4075
5918
2079
1822
5076
1160
4921
3573
8540
1653
2386
1108
4988
4446
8008
7171
4938
7418
3584
2412
9155
1326
9542
3589
2537
8561
3576
4005
3707
2884
3110
8567
2643
3599
3174
1626
6992
200
8574
8578
6839
132
7540
4661
2235
8422
4507
3555
6218
2071
2730
2408
7014
3619
5207
8603
1377
3422
4284
6164
7768
2849
6303
666
6600
8798
5617
6150
5968
3635
172
5911
5088
6040
8613
3641
6975
1662
1971
5521
8006
3647
1235
8322
911
279
1318
4231
5469
3217
6550
4390
864
5525
4265
7689
881
9628
3664
972
2617
6345
8639
9281
2896
3671
6562
7521
3915
8651
8653
3282
1541
8922
4349
3681
1693
8656
1058
5676
3853
95
4659
570
9923
7478
115
9040
3778
8090
6035
1510
1615
8329
7786
8669
6322
5867
8675
2391
8679
939
3708
9044
1801
8680
8443
8334
2806
3521
5647
9844
1431
6132
3720
1619
8851
65
8685
1505
8686
7269
5227
1265
6609
3731
1080
8000
8690
3533
7549
7655
3267
610
8694
3791
4141
1307
6611
2657
4730
3747
7126
8437
3590
1433
620
7411
3754
7522
595
2837
3758
4415
9680
1458
2536
8870
1352
9373
1020
9912
14
3769
2478
6880
8716
4497
6048
8720
8721
5061
7607
485
5842
2630
1353
4788
6532
3785
8728
8729
8641
8541
7896
7401
5726
4120
6239
6826
8739
2883
2347
8503
8949
6589
1554
5016
3204
2228
2802
7138
8196
1856
9357
6220
2303
1191
3814
3815
9240
1827
8751
6641
4195
5287
2196
3823
4999
7590
742
2316
8451
1635
3830
7259
3832
4852
6004
1886
8769
35
8833
7163
9523
7583
6742
2687
9131
3845
3568
4161
6644
8386
4915
353
6862
756
3854
1287
3721
7175
8492
4629
3860
9789
8788
8972
6861
1233
8113
3867
9940
5135
9453
3002
3872
3481
305
6527
7870
1695
3878
4734
1205
7702
2692
1641
2158
734
3886
587
1530
9135
224
8813
2541
4014
3894
5136
4289
244
7021
3209
3900
605
2587
5806
8808
3905
1597
3369
7957
2042
107
3911
1658
3937
5559
2665
8848
457
3918
5401
7912
602
8689
9325
7629
8853
1303
8763
3928
4361
8858
2728
4897
8859
9661
7571
5091
1409
5795
667
8122
5963
1992
2912
6161
3945
8312
2126
4789
7743
7353
50
8897
9415
528
6536
1304
8368
8886
3232
4387
8919
8980
8068
1339
6781
607
747
3552
6496
2048
8630
8900
6237
5814
7984
7388
3366
1487
3979
9402
6865
4313
3983
9812
3985
3984
8226
3452
8912
8913
9574
500
5370
5439
6646
1614
8077
3998
7260
4368
4862
8927
8188
2426
169
4006
4007
1417
7873
8526
1628
3542
3186
8397
2720
4258
7075
8950
2339
1919
7633
59
4140
3500
4025
720
4027
2504
274
9342
7250
3342
4421
8963
4035
2887
280
5969
8762
3784
8139
4623
7506
7489
5612
6819
8969
5015
9756
1506
8789
9401
270
316
4896
5375
6193
4058
808
4060
8995
4062
39
4187
7156
8393
2258
7644
4221
8455
4184
9019
7501
5485
1879
6032
1167
3358
8799
9039
56
2815
64
1138
1785
9042
6863
9043
9431
5690
8668
4092
4093
6005
7247
9604
3044
9050
9051
209
1212
4102
4103
4104
604
6002
7484
3291
9058
1162
582
5717
7980
4758
7435
4116
464
2239
5996
4087
7963
6686
71
2438
4125
7307
3300
2907
9074
1934
906
6581
369
4134
3525
5547
2576
743
9089
6954
3807
387
8671
1837
2337
4448
8698
2973
9100
2132
2145
952
5322
2694
9790
9106
2580
4158
5678
6648
1456
1365
2749
1744
4165
9116
2268
4654
2289
7813
9731
9571
4173
4321
9121
6131
7815
8584
1488
7884
3907
3496
8287
1497
4185
4186
5059
91
5340
9132
596
5161
2468
4133
489
9143
6055
4198
9679
4200
4201
7726
5564
6738
5040
2810
5503
9646
6704
2590
9937
8167
1860
3260
9159
449
4217
2824
166
8078
807
2886
165
9599
2054
4545
5285
4676
966
9172
3050
9171
2350
8594
4235
8839
3752
9903
4124
3132
3761
276
9681
4244
9141
8454
2750
6101
6315
4269
7213
1190
1800
2147
9198
5914
9381
9213
9199
3977
9201
4651
989
9764
4815
1503
3787
3994
9521
292
2414
5513
2573
9212
2582
5735
3803
4278
9874
3323
9217
9989
8735
863
1502
6300
9224
8444
3969
1761
3653
7725
5940
516
4266
6147
5586
2523
639
1420
8670
9237
711
1820
994
4837
9685
9242
6698
669
9376
9393
5078
9897
9247
9048
5578
4022
8029
4320
6549
8940
1088
2636
2921
4813
4327
6940
5788
4330
679
1114
5000
4489
1491
4675
7077
271
7136
7515
9275
6608
1214
5012
5629
1978
6410
8302
8654
621
7616
452
6171
4354
4429
9010
5898
5682
7408
6292
1316
1676
3289
311
5197
9032
8770
4041
1050
9298
9518
983
4373
1386
9305
4832
2064
4394
7569
3531
8706
3137
5830
9287
9290
4561
2567
1651
5305
3657
8514
9321
9919
3923
2916
9330
9623
8960
6858
2757
7735
2937
9418
4404
9350
4601
7073
9481
2062
1897
884
8249
3103
7684
8588
7518
9364
4715
5435
4420
1421
4422
9371
5509
4538
1220
1271
4428
2842
4430
7202
8229
3585
2968
5506
6282
154
7734
1606
5592
9383
5915
7007
6494
8854
6439
1247
8593
9388
4450
9389
8476
1975
9392
8814
5828
5993
775
4459
1918
9938
1305
7235
7846
9627
6307
611
9238
1659
4470
9422
7724
753
9054
5632
3049
7919
5577
405
123
8095
5584
248
1261
6931
3714
4080
8699
9445
6506
9663
6567
2265
6252
7037
3715
9972
5861
9460
6127
253
4054
4457
7947
1728
4332
1179
4982
6290
8500
4903
1091
7942
9994
1780
9397
9771
6314
2501
3258
4473
9482
5423
4524
4525
8108
3547
8445
2679
9488
4150
4948
9250
4370
8943
8786
4468
444
6745
1498
8784
4542
9503
5519
9031
9509
9513
8909
7897
690
7101
7416
4773
4516
2995
550
6769
3143
7956
1115
4178
2972
8223
1477
3849
5835
8521
8709
2906
8335
9480
4572
9351
4574
4838
4496
2372
778
8314
9538
5126
8023
1413
5408
491
4303
4587
7469
9267
9544
2602
3604
1028
1603
9554
2808
6213
8855
984
4138
9988
6052
6580
6074
4605
4606
481
4608
7842
9561
3549
4382
4367
9566
7858
9568
1084
4224
6894
6711
4484
4135
5139
8591
7828
4626
9577
5475
1479
4159
1117
9589
5740
1342
3493
1578
4255
9616
8442
3033
5862
1698
4821
4910
1241
2546
145
9602
4649
1204
3027
5979
755
9161
2680
86
2328
4965
3579
7817
1551
7178
9618
8282
3956
3649
2923
8057
9551
1281
5723
4342
334
5811
3770
4594
5922
7609
8413
8338
4681
8473
3694
9632
5424
6389
9593
597
5712
796
8460
10
9070
8916
5356
3624
8124
4698
9344
1034
8481
5984
9655
1086
724
4402
1620
5347
5970
3836
1937
1101
4518
6264
5851
6437
1958
9003
6358
9205
5062
6959
9676
9678
4243
9682
9683
1336
937
8695
8018
4732
9710
3246
4205
88
9838
3235
4739
8850
2451
6271
9695
6882
8523
9703
4747
2631
478
8190
9706
1565
1717
2026
9801
2066
9717
7252
9721
4760
1081
963
4182
9725
7164
4766
8838
5331
1706
9727
5141
4772
9142
8273
1473
5608
1119
9733
1689
8566
7592
8475
848
9222
9742
1343
2619
3122
9896
4696
4791
4505
2663
7660
4795
9752
6790
3921
3445
4800
5823
9755
9759
3431
6712
4806
6964
9760
5188
8629
8723
5128
9770
3536
1211
7387
6181
257
3560
818
9405
9782
7975
3789
375
3741
3701
197
6533
3659
9803
4376
3297
7753
9805
8975
8883
3026
576
5216
119
4212
1836
4356
3263
8994
4931
4745
5819
9167
8890
9062
3563
7129
4202
4130
4001
7645
2658
5245
2700
7784
6775
8560
6708
5611
6066
2261
9836
5217
9065
4166
1002
3822
7020
2440
6069
9747
9157
2892
414
7620
3476
9849
8265
6902
7763
5661
3712
5395
9597
9856
8657
3526
1471
4055
532
8263
4899
8333
7728
2041
9292
5643
4870
4737
8645
4908
2430
1719
2471
3096
8741
2946
2083
9394
4679
8055
4919
9333
3572
9605
9889
4924
4925
432
2065
1532
1255
9894
9895
9898
5739
9869
7812
8352
4937
7605
3515
3924
3828
1830
7208
8758
4410
5160
8752
7364
1553
184
4645
9580
7622
7314
4955
6240
2086
6154
7442
9946
852
4044
9174
1068
5983
632
8283
1041
9960
8740
7451
9966
4701
4974
2073
6757
2563
1274
3149
2250
5132
6679
4983
8506
5818
9978
2000
8549
5243
3214
4144
2607
6824
1797
8590
9993
4514
3827
3646
5609
3948
5002
3245
1193
8293
9216
5730
8803
5010
8130
9794
2778
4727
2269
8048
6259
5022
4586
7977
809
5904
1435
2390
2502
5233
890
2506
574
5043
5045
9854
518
5080
5052
1737
7166
1254
4399
1722
7206
9282
1868
43
2201
5077
9245
