9361
6097
2493
9198
2258
2781
9679
2687
2408
6442
6582
9534
222
2009
7780
4028
4807
585
4796
3490
9017
7341
8414
535
1292
1079
8067
6357
9666
1528
5584
2284
896
7169
4835
9735
590
9050
1624
7777
102
6362
6895
7178
119
9807
4384
1118
2499
2814
132
5694
2536
765
8292
7955
3602
3382
2658
7061
3605
7631
2021
5362
8885
9034
137
3408
5774
5418
6604
8622
7492
7154
7592
844
5421
7933
8979
9586
3808
2093
1946
7845
5495
9522
9252
8052
3068
3777
5997
9592
3157
9626
5594
5872
811
5237
9212
2733
5541
5308
2943
9173
2361
3484
3035
8128
880
8180
8234
2854
9940
9176
3262
611
1928
6984
8478
5878
2398
2773
5988
7394
1149
6616
3463
190
5380
8838
8626
1597
1129
7019
6448
9474
2324
2274
3693
5101
2075
6048
6686
9330
6230
7105
6678
4627
3379
6903
4136
5513
4705
6690
1107
6857
4321
3020
7080
2989
7737
7634
1759
7146
8484
1088
1168
3232
7881
5831
9566
7355
4298
2334
3414
8798
9438
3958
3111
28
4635
2666
7547
2125
1364
5243
506
5042
6933
86
9739
9447
5073
8584
6890
8658
4118
8529
9578
2821
8047
9277
2516
1551
2209
2799
8879
6302
4883
7354
5900
1133
8502
3352
7072
941
6361
411
7872
9836
7672
9599
516
2326
7844
4967
2981
9260
5392
3354
2521
3934
7871
4905
919
616
2849
5952
9617
2402
3141
6997
3032
361
3347
6953
6187
432
5013
4794
706
1837
224
3348
9778
762
9160
250
8893
686
7894
6564
4913
534
7545
6904
1722
7959
305
8936
3529
2876
480
2644
4668
5461
3752
1081
6273
7905
78
5087
5779
7069
9740
8124
287
8355
4046
5251
352
4007
7988
8517
2128
4388
4703
7323
1794
1051
2309
5544
5353
1293
6419
2022
9645
5754
2557
2417
2256
9098
6075
890
3515
3949
4393
1423
2657
8520
4325
5538
5429
1279
9816
4424
9243
1055
734
2111
4500
2607
2012
1509
3294
9364
5661
8050
4378
1903
7636
7386
5313
7345
7039
1383
4906
7931
5682
4383
5822
9976
1755
4972
8585
148
713
6021
8512
6705
4752
1878
8771
4992
6119
8302
4316
5733
543
5623
7715
9414
2765
3590
3266
9469
2581
6165
2955
3398
9608
7243
2929
4369
1336
6812
7442
1813
1544
4941
307
834
9627
8903
5363
7629
6150
8575
7863
1558
6240
1752
1241
9327
8095
3880
2905
4317
5689
6777
4200
6212
5094
1515
5305
2188
3211
2834
1026
7378
8473
1160
26
3517
5038
4738
4469
8196
2619
6336
8327
8513
5506
7034
3014
3195
189
1212
892
7569
9164
9867
9077
2812
2671
8631
4582
4365
8735
4892
1969
3003
9400
4451
5876
8827
369
1659
7342
8303
5590
2451
7212
4153
4270
7962
498
4934
2187
8891
5643
4608
2007
7010
4339
8177
9120
6985
200
1244
2968
1437
8589
5943
9375
566
3925
2736
974
4607
2403
8470
8357
4721
8661
4343
3465
5773
2394
8834
8457
9004
3504
9059
8025
5712
7575
6250
2763
7817
1335
3851
5526
8739
8912
9216
3821
6499
7898
7336
8454
1298
7658
4205
83
2830
8268
4907
2413
9945
4047
6257
5794
1667
8679
5369
2095
6709
9491
8079
3703
9022
5525
7562
3123
7009
6586
4210
97
1387
5617
4539
5913
7363
9936
6640
2313
7852
2798
1501
4528
1967
4954
5111
2723
3903
9584
2792
6411
5327
8613
1866
5522
8748
1427
821
8808
3221
5505
9301
5573
1546
8586
1500
7086
4603
1830
1222
9317
146
362
3397
9543
5859
2158
3613
1275
5756
7883
7197
6432
6909
8310
4679
7996
3210
1657
7163
1571
4989
547
2144
848
9609
652
6202
798
3378
5940
9030
8283
5602
2056
6975
6609
970
1400
2561
3388
9323
7921
1749
3058
913
3159
3812
9502
4970
34
6751
2152
2944
9319
6268
6181
8430
8491
7115
8020
6840
3413
7083
4280
5520
4128
1849
4062
6178
7315
4216
7420
8394
5518
9938
53
5973
7215
4265
6538
2141
6637
6748
4029
6472
7305
1136
2030
8524
8937
5382
3303
6613
3285
2675
3088
2446
4187
2652
7283
3856
2406
9887
9773
7808
1430
1016
2827
8525
1824
9
1398
3519
7802
4558
32
48
6497
1859
1316
1174
9944
4462
1861
2292
3377
6390
9196
5983
1511
8053
252
4577
6589
3964
202
1049
4890
527
7325
3562
2959
3073
2472
9360
3072
6132
4102
3650
5457
1918
5490
5481
5405
1789
2858
8977
8005
2300
6083
6578
7472
7164
3339
8026
5628
3283
6457
4329
8028
9996
5897
3770
8443
2249
8846
4669
6540
4808
2595
584
2388
8285
7218
6348
2244
4767
9908
5350
7714
5189
4562
2495
1653
4801
3614
8149
4456
2900
1582
5291
2492
9154
6418
5984
2648
2265
6299
9967
5555
7544
4622
4991
1554
9849
4415
6292
3592
5835
723
9929
6378
8389
4674
7412
4064
2161
1
3278
9457
42
9634
6614
704
1317
3919
9386
9366
1965
3824
5971
1871
8712
3291
8728
3468
8110
2203
9406
3226
6717
5806
5051
2342
475
9262
1399
1876
1238
4253
370
8534
3427
2405
5043
4283
4132
22
5132
5770
7076
6901
8441
3101
5641
4903
3017
8049
1245
9357
5436
2054
9109
7909
325
8992
587
6063
1855
4304
9644
7417
5300
3012
1751
3655
2192
1414
7703
2505
4350
3855
2667
2468
6443
1542
6937
4613
9638
4206
8862
7727
768
8895
6131
9353
9607
7563
2590
1949
2677
39
8415
8822
9489
5269
8590
8926
1376
127
7081
7168
3122
518
7941
1054
1485
3535
8109
4848
5690
438
203
6043
4414
9519
3402
2545
7246
3988
5230
3127
9880
4214
6813
5965
7572
343
9287
1625
8500
461
9158
3205
4862
6639
5197
8552
8314
4654
3697
1693
795
926
1615
195
7594
732
1802
6191
922
2715
8819
4947
7666
7404
5416
6527
2755
1613
6287
7436
281
5675
7346
9006
3450
459
9856
8556
7335
8467
7134
3249
1059
1422
7233
9241
4932
1484
8815
6452
1138
7031
3308
425
522
3234
8471
88
9373
1294
1916
2617
759
5893
4714
4620
2437
2227
2400
5771
7239
1203
6528
5275
3699
2148
3491
5992
3332
9797
9818
3756
2481
6747
4058
4964
4481
7741
6575
5054
3761
2520
841
9453
3959
3361
2568
3161
9385
5105
9020
2547
1741
6694
6270
7750
5058
4586
9963
5979
9068
3596
7493
4764
918
3793
1950
3286
8900
9495
7612
6103
8760
3004
6952
8181
9847
1996
9408
1210
2134
2958
9882
4261
976
5873
6431
868
1899
4816
4323
5658
2452
6094
4921
1402
5033
4604
3297
8065
9179
8934
2809
487
289
2439
5314
5417
5762
2806
7210
6294
2643
8924
1312
9511
1179
6107
3440
8489
13
5574
8677
900
2704
3616
1772
8707
6274
5263
8514
6196
749
4440
2339
5467
9805
8704
3902
9424
7548
6177
1633
524
9334
9662
6355
6955
5062
6410
1532
4847
319
5469
6228
4359
5288
5649
5320
9407
7440
5881
8216
779
5825
3209
2157
171
5644
1260
7729
3920
7324
8598
2440
7408
7506
9694
3671
933
1834
1823
8347
2761
9147
270
1769
2445
2567
6242
7347
1932
8618
4901
6957
1762
8290
4948
2948
3102
8117
4324
4893
1472
7403
489
8084
7320
7543
6417
5666
9655
3516
688
7402
6170
2953
4612
9100
3570
8267
8649
4288
3367
3048
7723
9785
9776
1471
6171
5934
3191
1486
1726
4828
5818
9904
142
3899
1867
5537
54
7968
4924
6338
7156
5564
1124
4584
2418
8229
8271
6298
6533
7187
5787
9995
355
8495
8641
3276
5805
1620
2957
2546
9189
9877
9977
4219
9801
8938
1311
2673
2985
6940
2489
9794
9435
191
7486
6810
1512
405
3648
1197
9281
3466
3038
7089
5336
5049
6664
6531
2690
6532
9139
3389
1505
9009
1407
2850
7937
8358
8880
4889
5581
1959
3493
6761
8498
7601
3508
6844
2728
5707
9231
2860
3935
2425
7361
7135
2503
4747
4909
8544
5056
7706
237
238
8916
8440
257
151
3296
3828
3883
7369
9650
3838
296
9274
740
9245
276
4202
5991
1805
9466
2731
2460
7838
8092
5615
9966
1541
6239
8211
1106
3674
7692
2190
8136
5472
9955
833
752
629
2349
3214
5606
5052
7669
37
6968
8991
1721
3723
2422
8368
4067
4495
7196
6818
6303
3544
3810
8111
8894
700
8490
5970
1137
4727
2435
1251
7807
1061
4409
183
3429
1005
2002
9582
1529
348
282
8548
6434
6875
7835
853
6462
3715
9669
1593
7700
797
9979
8636
82
4733
8623
4470
1647
4688
7527
7522
3312
8027
8058
4049
9286
2289
8353
7020
608
223
6913
984
2025
871
8897
4120
8013
3747
6350
1020
2706
6889
5414
8482
7185
2344
2780
3528
5046
9119
5613
2143
4086
9138
726
3179
4846
383
6182
6020
8887
7221
5458
5029
4264
5228
5480
9049
5753
2556
4644
1390
4875
6907
9959
2699
1080
8764
7413
1165
8984
8460
9903
5486
2441
3356
9658
4286
5909
3844
9111
9678
5511
5006
8665
679
4623
5194
2051
225
4257
591
3197
5705
1594
6421
8703
4524
2191
6439
2659
3940
6173
1087
5550
4978
7124
3415
787
5301
1368
7797
9498
1783
7232
7113
4138
4236
7866
5359
7374
6908
7765
6254
3089
1863
865
2166
8972
7947
3311
6765
247
5123
3108
8436
6031
6750
1677
5626
5249
2329
3863
50
2928
7116
1893
7948
3405
4994
4023
3142
283
1439
5840
9143
8369
3000
5299
5654
423
996
7190
4610
5589
7707
1249
5328
3527
7851
5430
2005
6947
7786
7668
7183
8232
961
9200
7932
3915
445
8061
350
8419
251
7343
7399
6905
4416
409
5324
6545
3634
3631
8993
72
6134
4115
4113
1621
1248
6577
1043
562
491
5091
8505
7861
6858
3971
2241
1992
1324
1924
1142
7617
1587
6312
1796
4986
3927
1999
9713
2515
6323
9432
733
9183
7476
1037
7179
8983
2340
2954
6166
6095
4681
8140
2917
8037
5041
8836
5384
9780
559
8282
1214
3696
1852
1989
5192
6383
4936
5312
6316
8876
9763
7328
4091
8521
3118
9589
1958
3867
1909
544
5240
3832
5523
1753
3174
5216
1147
8918
5108
8178
389
301
5121
5783
6397
9804
6697
2179
5728
3461
304
7312
5462
7349
8780
1592
770
6033
1637
3573
1683
5277
354
2463
5015
5493
7528
415
6466
578
7238
6706
5799
9641
6868
7149
7469
4247
6574
4643
7415
2696
940
6345
8756
4804
8596
3872
7099
154
9493
2350
4294
7490
5134
6658
2629
4255
4362
3745
136
6963
729
4920
4174
256
517
8574
4370
454
4712
8433
705
9775
9790
3001
3742
9824
9048
7900
8172
981
4709
627
6783
8785
4609
6040
5704
7550
1186
1195
9324
528
8884
6238
8710
5439
6995
796
3993
1681
1493
1857
4842
756
4740
4065
4057
5040
7
6140
6016
7303
6988
2912
7929
8483
5372
4748
2024
551
6544
1380
8254
8605
5841
4417
4487
6688
4527
3716
3775
5455
6019
9284
7017
6415
6232
9372
3273
9998
9625
6197
1492
8530
8835
3355
4659
6569
4155
9750
2639
7603
7857
3314
2793
9359
8669
7549
4308
8367
8009
368
9861
3797
1596
4328
8847
9475
4632
6307
9949
6061
5976
8197
6590
9363
4435
4097
6916
9487
5001
6526
1032
3779
4477
4031
8308
8531
1475
730
8108
7082
8170
6807
344
5703
715
2712
9546
6222
791
38
9422
7783
5112
6193
5419
6310
7088
5639
7664
6886
9378
9481
1105
5744
7596
878
6826
1948
5595
8705
5931
8418
3345
2213
9708
6485
4769
4002
3873
7228
406
2960
2888
5032
9261
9777
7903
3643
9073
7398
2353
2040
7264
7132
4443
5297
7613
5117
7108
7028
9688
4381
4578
8966
1816
3233
4814
2692
9185
6130
7329
4240
2055
4820
5622
5171
1139
1463
174
7897
7022
3441
7651
1690
8856
230
6788
1036
4756
1729
3924
1540
6893
394
5267
7242
7701
8186
2926
5323
9486
4338
7760
4281
1086
4536
985
1127
1128
2732
3908
7433
6514
5479
4640
9033
6515
3207
6116
4765
6179
1404
2354
2027
8695
4003
1091
2774
7195
9082
9990
1233
4666
5769
2311
4684
2741
736
109
9181
2404
8638
5182
7738
8608
1604
4686
683
4949
8166
7879
6850
8085
6032
4175
4484
9024
5190
9083
9749
3588
1388
7681
3757
3063
1384
6296
780
9460
579
9594
2777
1697
3153
1266
4170
7711
7078
825
8560
1403
2369
2835
1067
2857
6521
5214
594
3457
6618
6141
2039
4245
1232
2980
2429
9811
2630
8696
6352
3651
6885
2519
4568
9332
1190
615
8913
5110
3501
6368
3582
4277
2060
7624
2147
744
6760
4554
2801
84
328
2303
2580
8981
6098
3370
9063
2133
7789
9939
2089
3785
9576
9382
7581
1682
1162
6749
1873
7245
268
8261
3235
6827
9290
9148
4777
2660
8627
9530
2609
929
8012
8045
80
7982
3831
3136
2171
3763
1826
7040
2189
3078
6236
8102
7788
9315
8925
5009
9419
8637
2811
4552
3301
8866
392
3246
2116
4026
6265
4044
9178
9248
8761
2620
3275
2892
6275
3358
8321
2735
3711
9146
9725
2637
3735
5398
1715
6414
8666
8693
1379
3264
977
3649
6653
7843
5871
649
6546
2115
7540
3713
2700
1707
1807
2603
4036
2174
2598
9623
4228
1479
4983
3502
5978
4517
3926
801
6696
908
1638
4410
6949
5553
4742
7850
4671
8497
895
5003
7500
5706
503
7059
2995
6456
1183
6013
3241
3904
8089
3809
2807
1518
1973
9302
964
4475
9308
1977
5119
3005
6435
7286
9525
2510
6451
8468
4085
1552
2397
4196
1419
6229
8659
3167
3567
4166
7158
8859
5086
1469
8561
6276
5758
8828
3731
5261
2067
2820
6067
1429
1737
31
4158
9444
7216
8688
3334
8825
3917
5433
2199
8841
1711
2010
9093
1101
7994
7314
2530
9674
2674
1545
1116
1180
9881
1151
1108
1092
8853
2346
7663
6253
9741
3543
3160
477
8685
8465
6986
6570
7886
6680
3597
3521
2483
2891
9603
6086
8949
8724
8244
5193
140
3026
6674
9838
4242
9410
583
6529
2542
333
5067
40
9840
7344
3813
1573
4238
4595
2473
2317
9064
8273
8782
3244
1913
8326
7614
9314
3786
839
2323
4169
569
855
6235
1363
6714
4985
8397
1323
7321
6387
598
7815
4139
4315
2865
659
3553
7973
6610
8385
260
9648
5918
6271
7794
2380
1720
7074
8715
3725
1836
5604
8425
3007
6372
748
1408
478
501
7042
2381
5619
9132
5614
1473
4423
7778
5757
3658
3330
3967
3131
4396
673
7784
1902
1474
3452
9342
5735
2322
6056
2246
3298
9518
9328
6891
1090
9124
3722
1519
1145
3409
4088
7832
4030
6366
9108
4473
4771
1053
2504
3732
7755
6320
2345
3989
2868
9697
7194
7298
2370
5804
1622
263
155
7443
2266
2365
3890
3328
4728
1096
9714
9229
1045
5279
285
3419
9946
6547
74
6833
5547
2739
7740
9973
1698
2113
2822
689
8792
5100
4600
567
94
842
9097
3604
4895
2771
5272
8709
7357
1382
9986
6671
8112
9633
5451
2785
5856
4354
4331
3331
2565
4852
3724
2222
8555
1708
9251
4164
9858
2624
2895
7140
3129
8398
8017
1675
6701
8256
9445
2784
435
9952
5833
7330
6029
5424
4837
1979
306
59
5830
5080
692
8421
6241
3422
6089
9654
8568
386
9736
9121
8741
1666
2069
3396
9987
8563
278
4025
840
8235
568
6884
3983
843
4394
4203
188
5673
7109
1811
3125
9220
2843
2407
6347
3787
8950
4917
6789
6647
5718
8621
5736
4919
6490
7414
3473
2625
1226
6054
9194
2788
2688
9190
2961
6718
10000
6561
822
5524
1271
4990
9764
3607
8410
8333
5719
55
3850
7332
4060
3245
9577
8869
7281
8400
2621
8670
9483
419
4229
408
1444
8141
5316
8767
363
8264
1784
3260
9528
6865
2748
8167
1779
3305
4810
5864
465
4940
6683
5850
5413
4743
9629
6189
4299
2306
582
9610
2720
827
3381
4051
412
1453
1961
3986
1983
3302
5723
1904
3251
942
9855
3646
9715
2104
1417
4707
497
8911
9379
9950
9896
9025
8487
7523
5587
8803
6772
995
5652
5070
3324
9416
8494
3664
6612
5642
1547
5232
8411
9280
3306
1704
3782
8429
7686
2750
9521
7048
6791
8943
1815
5076
595
6923
3310
1104
8722
3400
9071
9197
3990
6786
2645
565
8929
8719
4602
680
711
923
6815
128
1193
5388
8678
7145
8007
8179
8499
9918
4011
8073
8296
874
6399
4853
1793
3369
5349
6479
16
9349
675
2230
4199
4146
6945
2701
8971
5010
1619
3991
512
442
7919
3071
5710
3481
7141
292
1718
492
8867
5289
2975
4761
280
71
6836
5750
5532
294
7892
114
8620
5998
2448
2050
1421
5640
5802
228
5016
5206
883
4823
7318
9883
6959
1366
1499
8485
6159
6188
2613
5371
7746
1934
3885
9931
5355
5549
3712
1692
1881
9907
7496
1886
9615
5857
2082
2976
5125
7366
9210
8629
4227
5434
2032
2121
572
2487
5438
6123
5415
5844
767
5801
7364
1538
2359
4512
5483
7441
8594
5809
9784
5085
7220
3443
5209
9169
8837
5583
2467
2390
8159
5055
3641
708
7865
8453
6444
7200
6286
2931
3698
9134
775
3488
2321
5133
7896
8237
7682
1057
6447
9013
8015
7541
8087
4735
9842
244
4676
2090
5734
5865
4276
8687
8624
56
1649
1171
4185
4933
4683
2011
481
2538
6543
7922
4471
1440
3467
3663
3905
8501
4741
9492
6501
1034
2165
8233
7969
3228
1963
9376
7643
8163
2808
2432
8644
8700
9860
4244
4876
5450
99
8091
7660
2124
5600
3442
9953
347
1776
3190
5691
9348
656
5693
4176
9394
7772
6045
3200
2130
5768
7459
570
691
297
3565
1215
866
3640
5767
614
7211
7981
239
8973
1361
3250
3906
4160
8519
6389
9187
1360
7326
1650
6887
4708
7912
3507
9874
8506
9075
5977
4422
4624
2457
5378
4225
1631
9729
4504
7389
8811
2234
4902
540
1864
3279
6436
3975
8034
5104
1164
4702
5464
3060
2312
626
7511
8171
4899
2819
8428
4137
3740
4963
6644
8131
1574
5406
7319
2906
5618
2298
4977
574
8366
1655
3566
4446
6682
8633
1111
5586
1941
9841
6712
3568
8379
6724
8375
8086
2017
5527
1674
5932
9355
6356
437
95
1114
2358
8643
8336
290
2866
3551
7416
550
9278
323
2231
5669
3321
5317
7226
2508
9542
3630
1685
7926
5059
9932
8348
2832
4349
3708
8757
5933
7273
9455
3791
8158
7516
9924
5367
9105
7773
5936
6413
2497
7822
5097
1281
4256
5858
7944
1850
4724
509
9040
7177
1236
7810
4104
1627
6478
508
3681
6823
7610
8246
4569
3023
2098
8459
6106
9822
1862
6243
9421
4263
9060
3629
5657
3834
4630
776
1957
7261
7139
4372
2977
2514
2331
6059
4332
1094
603
930
5612
7621
3497
4581
2528
5620
4234
8580
2778
4181
7410
4258
6407
7536
8288
2828
7301
5695
4345
9099
36
6781
7916
3256
596
943
6882
8176
3505
5938
3203
8908
6464
177
9001
3645
7705
7272
1712
5044
9255
3086
5536
5701
7910
4778
3970
8203
6672
7093
5408
302
8023
5156
731
4402
158
2787
613
6942
8539
8100
390
9803
5722
1888
7875
7376
2167
7451
3212
5953
8074
9795
341
5130
2974
384
7915
617
698
2110
5447
6513
5176
2185
2206
4843
9663
3406
380
699
4412
4881
6660
2703
8202
4352
3866
5892
8955
7055
5412
6012
2877
4243
4190
315
6673
9799
6209
538
1332
2908
3972
8889
455
3092
1352
6970
8964
8787
2549
2938
2383
2956
2270
6340
1530
8769
6542
3083
7833
3079
4715
5095
1288
7659
219
3487
5908
1367
4995
9857
3984
4382
1256
1063
7964
1441
754
5494
4476
3929
6634
9570
3090
8958
5980
5452
9115
7247
4798
6899
4482
8344
3522
4726
2049
7951
4987
5792
4514
536
6623
5281
5645
8947
1623
4241
5635
4374
9989
5680
8001
3115
5717
7192
4034
2725
745
3476
2474
451
1943
4641
2290
1286
1327
5287
2588
4930
9062
2789
6969
5713
2890
7759
5790
7359
1896
4201
6428
7316
820
6599
1204
771
277
7130
3994
9247
6752
7437
6395
35
2579
6896
4553
3518
4680
4525
1635
5656
3475
490
2385
2029
7175
5236
2320
6860
9980
5012
2127
7033
5531
6588
6354
2592
7405
520
7362
1289
938
9163
1287
6092
8135
7995
6161
9167
5568
1578
4313
5428
7085
9614
5879
8810
6619
9710
4858
7470
428
2123
9026
4650
485
2523
5560
9175
6630
9114
7970
4789
7913
110
3222
2610
1603
735
1125
3859
5477
8182
9622
321
1808
5636
4223
4695
5198
502
9264
7036
5348
3948
2223
3143
4208
1561
6565
6994
2149
6328
6551
8668
7568
2533
8865
9213
3364
1041
753
2847
179
5567
5687
5670
3052
1010
9131
5212
9889
6910
1198
9370
9012
7371
5551
9580
7176
1132
7685
124
2151
7147
7814
3240
3353
9007
5329
6652
9787
8475
9517
8570
4829
8104
4534
7902
3636
8077
374
4474
89
8042
2543
931
2535
7073
9721
9430
5698
4149
3040
9792
2475
7084
4483
2482
5400
6643
1159
4660
6066
9423
7722
4896
1405
4649
2433
4397
4226
9743
460
6308
7306
6483
2840
453
9051
3771
7461
4625
7611
1498
1588
5196
3825
1333
8435
7047
9808
5181
4999
3474
9351
3010
1480
3898
376
9249
92
1093
7191
7396
8479
9683
8655
4335
7753
3531
288
6801
7027
4000
4526
8577
6595
1046
4928
2593
2092
6022
9716
8477
810
5019
3996
1632
5122
2596
8396
2182
7288
4549
5944
672
1418
3387
6133
7285
1700
7007
1476
9427
2260
6136
2550
122
5559
5891
5763
4182
4694
5496
6832
980
2238
3877
2436
3042
5422
395
5726
5377
9104
1378
4697
8372
7622
4123
6441
1664
2114
806
3116
9285
6035
9413
5982
8043
4439
1665
537
1296
3134
6948
6541
9733
4408
8601
5937
7456
396
5295
5545
7618
8299
5625
7732
9758
5557
766
707
4377
7104
8820
2217
9137
316
8994
3942
5210
470
4089
7051
6080
1351
6906
1495
7299
1767
6932
7554
2650
6979
4467
8941
8768
3025
7860
4911
5990
8257
8030
1895
1887
2635
3555
1258
4855
7351
4886
4348
8201
1972
9039
1358
6627
7117
4832
9711
3333
3684
5730
8021
9411
8014
8187
4366
8118
1330
4606
421
4749
7972
1733
4121
6484
554
3695
2059
2605
2831
4457
2282
8062
7867
7677
4351
6037
609
5985
9635
625
9657
6991
7263
1689
9159
1870
695
3139
3213
5444
25
417
18
175
8898
2826
1860
7577
2043
935
1728
2864
3137
3539
6460
1068
4891
7057
6572
2600
992
8701
2711
1964
1225
8258
515
6735
8942
9182
1734
8239
2264
317
5966
3673
8188
446
8763
6939
3053
8173
8727
7002
1775
9747
8220
3236
1391
4445
1658
2221
6941
2150
3132
9984
9057
1602
4430
6422
5027
2251
5167
3739
9333
5124
661
8965
9884
6051
9035
1452
9947
9089
8395
5265
3968
3892
2727
6247
6745
5215
9448
5765
4108
6876
6398
7733
1930
5024
772
6631
9014
7818
9192
738
3574
6333
6863
2655
1113
161
4400
5
7853
5660
1119
7859
3425
2586
6449
6367
6064
6283
8813
6534
3144
1894
8839
8387
1883
5638
8094
2142
3707
9835
3392
2239
2583
4125
4596
7671
7230
7557
5337
4076
9902
8150
7848
7304
2490
682
7608
9153
2458
6741
65
9223
9074
1995
8654
2795
1481
9446
657
4269
7904
2119
2758
817
8987
1572
8059
2878
6779
4033
7453
7428
6707
5904
5877
4006
6152
9579
1022
2117
777
644
6049
8607
2480
4560
5528
3913
4499
576
3819
6557
6143
5727
4081
9222
2319
1971
4385
934
6487
1877
3164
3694
7820
8509
2966
1938
6008
4056
3489
7498
1699
4260
7792
5397
4803
4529
8208
1062
7764
8921
9817
9259
9417
4386
1278
9500
7100
8533
9774
3263
8416
2447
4927
3928
3895
8386
8747
5782
5962
2836
9140
1338
7155
7662
7674
4619
2426
4314
1478
144
5688
2352
6687
8713
8376
2574
4953
655
3323
3839
7535
7435
998
9643
5800
5829
7353
3801
924
5565
9207
2756
2379
709
153
2014
6881
1988
8364
8300
9303
1217
8399
5558
3259
3252
9494
2945
7250
7776
557
3231
8915
4133
9832
2307
2193
254
3921
7290
5245
8373
8797
9434
1535
1415
3814
7938
1906
9388
8653
7690
1253
9135
1228
2208
6649
2653
7120
7128
4367
7726
824
5659
1612
1671
3772
886
9168
7532
169
9396
3261
722
7434
7974
4593
7917
8905
8206
903
8714
284
2138
5548
7713
1978
4589
8328
4119
5141
4864
6172
6727
5714
1131
4860
9806
7296
2453
785
2695
4904
9473
6329
377
9369
9339
3624
1273
8749
1787
4787
2872
6385
5967
1557
1524
3884
6042
6646
784
1321
7094
3199
3830
999
1276
3176
439
8451
19
8345
8083
6369
5492
229
2740
8612
6573
5853
624
2686
4231
4739
8790
2573
8361
3587
8427
2016
7424
9928
7029
3100
4167
8944
7770
4272
5465
7379
4555
5533
4489
5851
213
2101
7804
8243
8304
2259
6450
1310
2272
9788
4809
1543
1792
3219
6734
1853
138
2180
6517
4802
1004
402
2599
6251
414
4866
5746
9802
9664
472
9897
379
8817
7360
5476
5761
3603
2455
1732
6648
1219
4830
4914
5394
9941
8129
2633
2972
9401
1319
4533
8527
3665
3500
8194
9000
3956
8582
6560
9215
9130
6180
894
67
1601
1555
1840
9732
7874
6195
1600
7882
2164
9571
7890
8954
8274
2841
8165
5199
7744
1424
1605
6778
1869
1710
2456
2387
6491
3727
9300
1510
4497
2932
7758
6151
2037
552
471
7397
7101
6341
8223
9905
6109
2915
3606
1974
7270
2096
3668
3202
8
6386
3336
291
145
2708
6158
4195
1676
3486
2615
4071
7645
4685
2689
8169
7694
7693
4399
2366
7730
2444
4872
8322
4722
4916
3158
9865
2729
1874
4730
5819
6728
9702
8263
6050
4591
549
6118
6237
9162
5632
4468
4134
7213
8901
3059
4661
1885
2078
6861
8384
8346
2305
1818
7991
3220
968
4001
1608
5535
6661
6502
5592
4882
3082
3678
6563
505
3585
6160
7392
5646
4232
5671
2734
5466
5270
1477
3031
7202
8088
8609
9299
1985
4662
3619
9957
4289
3951
236
2247
4162
4154
7957
4519
8615
3318
2328
7253
6744
2041
3289
7423
4786
982
9202
6424
1521
9769
7679
434
6642
4818
242
2155
6099
1018
8388
758
8139
3741
1584
9043
1576
6835
3788
165
6011
7271
9371
6977
2132
5817
7684
5326
7591
3404
4910
9820
860
5376
159
2091
6142
3599
9503
4664
5220
3729
697
1458
8081
9141
645
2606
889
4759
7421
8228
2901
2052
9149
7600
3759
6380
8070
7189
3837
6794
4579
295
8434
5460
3632
1187
8562
9718
8824
2391
7444
8571
1841
6492
5386
6976
4448
4859
5870
8794
6965
4189
4186
6493
8035
6645
4093
1209
3119
9294
5140
6076
90
863
3842
2498
633
5827
8766
6309
1921
8161
2332
7339
1743
1908
3420
2952
6423
9226
7062
7482
9157
8985
561
5975
1827
4035
7819
7648
4486
1559
1290
4614
1109
8998
41
1172
3865
2226
6135
8114
9125
2077
1534
8097
4188
1539
3368
3792
3746
3846
2833
7602
3034
4638
5411
9524
448
987
2183
5338
507
3056
5090
9295
6009
9541
9672
7907
2229
8736
9019
7785
2730
9374
7625
5383
3950
1216
7152
1307
2875
5234
2863
6214
3550
5307
856
9485
5402
6830
6044
2683
7559
2224
5995
4061
5950
1766
4800
3184
125
6837
205
6374
7385
2415
7656
9272
9863
429
906
8444
5679
9172
4980
9913
9428
6806
6112
7151
9067
388
605
917
2196
410
3647
2501
951
331
5683
5534
4342
6958
813
9704
9065
6342
7646
5241
5118
5072
7150
3270
2564
7255
8886
8558
5886
884
3549
1175
869
3601
5005
2486
6999
2848
958
6549
4840
4865
3198
2462
5020
8071
2584
2277
6382
2421
180
4337
9263
6693
1464
3799
234
5138
2746
2529
2145
2053
5716
312
9156
9636
8832
829
6927
9789
1568
8289
7237
5607
2754
3762
4817
6321
8447
6775
9516
1580
7735
893
5403
4563
1031
1389
837
4131
8616
7939
997
186
1056
6248
1343
1318
778
7254
6733
836
1282
8504
2131
7467
7411
2099
3581
4390
8812
2649
2333
5030
3881
7171
3676
4819
3804
604
7049
8740
6200
9079
9744
9204
3688
973
2934
9821
6208
7517
4670
6147
1668
539
2278
773
8681
1791
1397
3939
3284
8861
4233
141
3175
1023
3189
8057
2949
3113
8557
963
802
160
2375
2614
742
4547
8036
6654
3182
4822
3109
3876
381
1845
8033
2886
9403
8281
4268
6571
5302
2983
2548
7891
2867
4019
9878
1196
5357
9690
6656
398
1856
3721
7862
2120
5948
8957
2070
743
2386
4617
358
3105
7868
5081
4333
1270
2261
1126
4454
9974
2351
7110
9193
3030
9991
945
5142
3748
324
2045
9126
1724
1447
2935
7308
5247
7954
9866
9426
4939
6702
2216
1103
7584
204
9723
6936
5912
4824
7719
8920
5927
5665
3188
7468
47
345
8826
24
3418
8437
100
983
1798
2534
9086
2335
6828
2382
5185
4961
4506
8711
5781
1211
1348
1291
7172
3147
3669
4012
2169
9011
9090
5244
2726
1725
5906
4836
7068
6322
6726
8294
986
5478
3733
1029
9556
9257
2443
1322
2295
7946
4997
2626
5099
4353
3534
597
356
4311
3564
1931
7198
4191
6027
4105
8284
1994
558
9596
3386
5395
2461
7204
2903
7063
1134
7579
1953
4513
1247
7445
3375
6306
6764
2982
667
5910
8535
73
5393
6915
3099
2215
1161
3887
8754
1606
9819
7751
6763
2287
1267
650
9214
7620
3309
5262
2279
9854
5149
3816
3426
2823
7606
8970
7717
4646
9309
7406
6811
4357
2846
2710
93
1935
7393
3540
7647
5074
2033
9909
7739
2061
7858
134
3736
5448
6731
3265
790
8516
8219
3683
2097
6277
1560
1810
1420
6074
4005
3394
5662
5795
8796
3359
3011
8153
1261
4783
4868
4516
5686
4648
5441
4498
1470
6608
5000
9429
2283
2314
3036
1771
5875
8051
8198
1820
8779
6324
899
5664
4880
9825
5784
6146
1240
6587
3148
4004
3774
7206
911
135
1395
6101
6782
875
9555
1184
269
2302
9738
4838
3238
2042
6847
7052
4398
5685
8742
1589
2000
3691
2991
5078
8371
5725
5106
6093
3798
3875
5929
6339
5517
5529
3657
7978
4295
3705
1269
8422
737
4235
978
1035
1213
3755
5842
763
7302
9868
9003
1339
7580
6597
6
6787
1703
63
1680
2925
2631
217
9583
4249
6225
2268
6659
3255
6862
1780
1489
8904
4505
3560
6689
1069
6015
2343
5501
9613
3523
8611
1966
8349
1130
7133
9456
2921
5562
9813
6971
8245
6960
2764
4040
6261
8137
8706
3494
4571
3974
3561
3931
4795
5113
6879
4982
3411
2500
6249
2023
1927
8772
4039
9505
7188
1661
5941
2885
8765
3434
79
447
662
2802
5834
7026
5964
1157
4774
2693
1914
6365
156
96
5849
2996
4103
7035
7687
5629
9217
593
4142
4946
7452
9978
9935
2572
5449
952
8793
6023
7407
111
4629
1012
5164
2237
1449
4790
5257
7144
6530
6625
5128
9052
9116
4449
7605
4768
7901
5153
1923
1488
5368
8854
9597
1284
799
1645
8063
2064
3784
6808
6580
5437
7418
7795
9647
62
5588
9265
7289
782
8877
6332
2786
1494
5035
1385
4663
2419
5292
5162
9002
647
7473
8122
4537
4148
2661
4297
4048
2680
5453
3783
7153
3704
2509
8518
8356
2853
8329
5254
5098
2478
7501
226
6288
4330
5785
318
555
6825
6461
786
61
9106
357
5158
5169
3041
9906
4944
2919
4574
8253
5772
6651
1956
7586
6982
1585
6790
3237
3021
6719
1595
6558
7525
7430
8860
6918
7673
5855
4594
76
1229
2719
3795
7400
4645
9565
9298
8755
2205
2628
7485
9814
7928
2971
8130
1115
5798
6402
7350
3016
9142
5552
2759
1567
8174
433
7798
4720
3577
3152
9233
8642
3600
2368
1242
4665
9695
3538
9762
1345
3458
9499
741
531
8906
846
1140
8660
5446
8332
1227
991
2178
4850
7222
9320
6819
7935
3271
387
4511
6685
9925
4869
898
4141
1412
5832
6078
9526
747
9691
599
476
7710
6470
482
2682
8976
1800
1374
5137
5760
3963
2569
4711
9480
8380
7372
8850
2517
831
3022
6738
1643
1459
6199
2721
4821
9044
4356
6281
1926
9815
1072
4303
6954
685
3586
8720
6606
9076
6117
9734
1980
5911
8265
2942
1526
4379
4805
849
3027
2767
1882
1939
258
966
6821
7159
7123
7390
8762
3670
9250
3625
8154
9118
3384
5956
6721
4301
4575
9680
3803
150
6769
9442
8259
9288
6437
1919
3201
5159
2685
2722
7884
6931
5925
6552
8456
4063
9969
9964
3930
8406
677
7949
2770
5318
548
1646
6900
4976
6185
9310
690
9066
1456
5738
7756
3878
674
262
9005
2794
7963
3943
5742
6699
3617
5776
9673
9562
2647
5344
7227
9771
4209
3689
7038
3091
5813
1076
8476
2507
3177
6207
7561
4723
9651
2392
1786
1280
7334
3290
5273
3709
8291
9564
5286
788
6115
2882
5463
7680
2470
1900
2591
7556
7997
6920
5796
2485
4284
1170
9391
5225
4293
5572
2962
6536
6662
3637
6018
6581
4974
5440
7050
5045
1205
6129
939
4637
1607
8551
3894
7044
8809
9242
7297
2304
2464
9177
2048
9917
8011
5468
4969
272
9960
8325
4111
4172
7380
5839
7502
7515
1017
8684
7248
1028
7488
6566
694
6736
8591
1491
9937
852
1579
654
5089
3512
8445
7464
9038
9668
8279
6624
9203
1342
1411
1513
9133
2325
7160
1371
6585
5650
8930
23
273
9761
2038
1002
1955
6412
4585
5373
4391
8069
6944
2177
9831
2993
3893
628
6420
881
5868
7484
701
1122
5949
7282
5575
5989
7763
5285
5631
3181
9547
6055
5715
3223
9567
7774
7980
1851
120
7014
1154
3800
4460
2081
7546
6516
2776
9730
9640
2772
9094
1990
1461
1047
6384
5945
1922
9504
1044
6081
6902
7697
2893
1446
327
3811
5014
3979
7846
993
8116
2881
4262
6776
7092
3120
3987
2019
9201
91
5697
1163
6505
1825
4812
8342
9728
7103
9354
9117
163
9595
832
3064
2488
416
8068
7888
8461
8881
9619
7235
792
3057
4197
1819
4631
8018
523
9399
639
4022
1033
1785
5456
1910
9642
5346
4250
6766
1907
9601
8101
9687
4
4066
5852
816
5321
526
7223
3349
3717
9871
3718
9958
6090
6925
1465
7985
243
7953
3806
1912
5961
1362
5554
9833
3760
3008
5309
5079
5593
6190
7203
7975
9632
261
1581
1982
7615
4550
2604
3307
4693
9293
9523
7184
5152
1085
209
5278
6096
1806
7383
5569
6203
1915
5260
7800
69
3224
3155
3656
6554
7806
4701
6759
1074
2301
9873
9335
2243
631
2356
7045
4719
6930
8320
1610
7259
2034
7899
5653
3165
8974
9600
9727
7927
6408
1651
1865
8048
7450
241
2347
4431
2449
9696
857
7008
2800
2047
6880
8778
641
143
2790
5103
9387
8967
2240
4950
1098
5131
4784
7058
3615
456
6605
1636
440
9759
3675
3046
9652
5139
1848
6169
1326
5470
1445
2994
2073
7823
4488
4543
1778
3002
9722
9405
9684
887
714
8450
5828
1564
8054
7632
2248
6934
3854
2513
3995
7796
2285
1265
4762
7712
6951
5253
2109
4312
9876
4109
5333
5987
5808
1314
8717
1508
6216
4780
8572
1231
8581
4955
2372
7573
1754
1353
8458
6594
8672
932
5999
5381
7791
8625
8318
4224
4856
5751
4279
9055
4521
6330
8276
8645
7119
3044
5180
1039
3081
1717
420
1641
9331
8339
9087
4015
5201
7637
8753
9205
873
70
858
7136
233
6337
8726
8143
2582
5530
7268
7911
6593
4428
1027
8583
6062
4561
6125
181
2057
4945
819
8919
5274
5431
8503
2046
1350
2293
1875
2861
6433
6525
6440
8090
3690
2627
7943
4307
4959
9235
5601
9573
4541
8833
8255
1460
600
4461
1617
5986
51
4621
2139
7566
3329
646
7599
4583
6014
5207
4993
9041
948
3982
9053
7466
8215
43
5331
9029
8554
1425
4478
7640
2393
7053
3293
7419
3150
9341
6743
401
2751
6663
3552
9256
3558
6030
9230
6669
6315
9649
9240
5222
4636
3346
6128
7276
4211
3325
2709
7236
850
2484
739
6459
4502
3781
6550
493
4929
115
7619
8511
7650
1804
4419
8305
8902
7657
7524
3194
2913
5540
9560
9365
1656
2566
1200
5068
7635
8105
7013
2438
7161
8614
1121
3412
182
1234
5114
2563
6753
4588
4672
9971
6869
6077
9754
4918
1739
346
1313
7834
6506
3015
2173
994
9793
4084
9888
5930
5366
9027
8311
4523
793
2815
5064
1331
2
959
9948
245
5605
2636
2914
9588
5092
4845
9572
7633
529
8840
1872
3316
7967
847
1628
6730
2839
6495
7870
2818
101
1208
6864
5786
4874
3557
815
1264
8155
1381
6621
8781
9912
9305
6814
7578
6226
3686
5939
8800
5163
4129
1842
6657
3049
5266
3087
9123
7908
9830
4753
337
9533
8928
4389
9700
4887
8466
3242
3853
6279
8317
8313
4466
8821
2276
2571
2551
9646
105
7455
3479
915
9699
9367
3432
6364
1450
3997
9112
4825
956
7607
3767
8805
8619
8759
3932
6703
7340
1750
2137
6403
2159
2742
4300
3371
9844
5127
9719
9852
660
1891
724
5820
4373
4885
6635
7030
2184
4894
8953
3186
1001
7873
4096
6474
3998
718
8508
8260
7582
9368
6319
8146
4053
6822
3033
5390
5160
6206
393
7494
3380
3417
9174
9923
774
7277
9993
66
4092
9901
3495
885
2469
8241
7945
9520
6088
5018
7338
867
227
9497
7367
1483
424
9508
8072
113
3848
634
4754
6327
1347
7976
3860
3149
4041
4038
6069
9454
6845
7129
4447
2967
5485
6771
6849
2310
8667
194
2135
8039
9171
1254
5926
9827
6153
988
8004
3430
6568
8207
6072
466
9484
8272
1936
7675
6041
1386
8604
7585
29
8795
9862
4212
5303
9983
3780
4718
8914
1466
2442
7309
8191
6476
7767
1341
6263
2198
1375
3891
9574
1246
3765
1191
5178
9910
6471
8480
4634
9550
2970
8788
9381
8804
9092
8390
4098
5146
6231
6567
338
6556
6477
7497
3937
2883
2880
210
1892
4611
1727
5219
5290
6262
2670
5823
5692
6824
4531
3447
4508
8784
6394
2378
1634
3130
1688
3187
1038
7934
9337
3827
6524
6961
6548
4248
975
9886
2459
3480
4710
1514
2562
9689
9823
7661
4287
8222
8330
5370
1536
351
6756
9347
8200
8227
6335
6343
4912
4833
7037
1329
2744
5634
3966
2887
8295
5107
7837
49
4935
212
1202
7269
8733
577
1880
2922
8123
2871
8022
9869
5724
9395
2577
7293
8933
3243
173
5218
8540
6780
2036
2153
3372
4425
7471
9605
9839
9362
3268
7990
8381
5598
4052
6168
4839
6498
6838
6388
4535
7779
7365
6121
7856
6218
1993
206
9219
1302
5351
6138
1487
8652
9211
7021
2020
2642
1562
4433
1736
7278
5445
4184
1781
1207
4667
5974
4675
4042
7075
2698
8225
1102
4222
6555
5284
3720
7803
8940
6318
6370
2920
7098
4981
8995
8680
7960
400
8125
6539
4291
9103
5250
1432
1901
3888
5423
8542
5884
5621
7125
783
3095
5096
8402
3662
6213
6210
6773
2471
3253
12
9352
4751
9028
2506
1553
8550
3620
8675
3936
5304
1156
7754
9630
2086
3667
4145
1369
7688
9452
7998
4770
1394
2559
1670
5869
2859
9322
6163
4177
4975
4633
9602
1071
3287
3584
2664
8157
7695
1181
602
4198
9431
8566
6186
4590
960
4376
5115
9972
1920
1182
5459
2587
6967
3841
5473
1997
9221
3610
5093
3576
9128
3559
1355
7121
8816
8980
3638
826
5901
5172
9992
1066
5993
8340
5677
3374
7143
7920
3076
2136
1250
6079
8006
1768
1496
7718
2255
2004
2062
5401
8195
8851
1434
9551
5922
214
8432
5396
8029
7665
3556
7148
2001
9436
1847
8743
2140
781
4442
8413
4395
1060
7102
6758
9390
4099
601
4690
1662
8338
5497
8855
7201
7676
6598
4259
5203
7889
6381
8312
4731
3062
3852
349
877
6211
3039
7825
5345
2058
1945
6628
7067
9914
9538
957
1797
7375
9072
4732
9046
2939
5356
458
4101
9180
3006
6047
8008
5954
3666
8115
8593
4857
9895
1259
3217
1740
3437
8107
7775
7368
2665
4597
4074
8370
838
5887
8883
6503
8697
8708
9224
7333
3682
9234
571
6592
2102
4915
2396
3363
5895
9685
6215
7079
851
6284
621
2126
4239
7597
4326
2717
912
3933
5427
4213
8852
9900
9384
1520
8648
6793
3545
3807
5475
5981
1277
1262
1702
5143
7458
979
8721
2063
7757
1146
3945
8843
9872
1177
8691
3870
8212
2252
4888
9968
1821
1777
5778
8910
5579
9829
8732
1809
7016
904
9437
8909
4306
4782
9018
4095
8996
2973
6475
3013
7745
4522
5102
9465
6124
9343
6256
7529
6304
2992
6481
2420
8439
2662
1933
6488
7219
6856
8664
3580
450
882
8546
5667
937
1433
7538
7004
2646
5022
9705
6293
6620
3055
6148
9720
2197
6591
8783
3768
6681
6842
2409
2984
6120
6722
6720
8603
8541
8522
1944
2087
3097
7422
1223
6000
7478
5082
6267
1095
5126
3642
1663
1158
7262
2267
8927
6746
7209
2825
5902
7513
6463
6980
6091
7590
3433
5516
1393
7519
418
1527
3845
1563
8024
4127
6174
2195
4266
6359
7023
9890
6326
2181
4678
7816
2154
5488
4957
5894
8750
329
3169
7895
9270
3472
4479
3183
2544
7827
3449
8189
6785
8963
5057
9326
5256
9922
7984
3322
4598
6113
5075
7736
2923
300
670
6983
7106
4334
2697
9313
87
1533
8003
2838
9770
5616
3258
6675
580
9195
2964
4775
5217
6409
5246
5155
9892
6167
5208
1365
9598
27
4656
413
4867
2916
2924
4557
828
5803
946
2570
106
1150
4273
4171
1609
7987
2539
3916
7066
1349
4716
6430
3976
7924
3045
6002
2363
7986
85
6698
103
5165
1760
9415
30
9717
3513
4587
3750
637
8041
5387
1344
9246
7118
8080
5968
6351
8744
8549
6038
6972
218
1065
712
6877
3547
1442
240
1835
6998
9151
9037
5050
4217
4573
2262
3065
5008
2414
5213
3961
2803
7702
4464
1169
6762
5797
6100
4082
7065
7381
8230
7828
4923
5811
3280
360
1014
2737
1189
5017
167
7244
8588
4072
720
8046
4008
586
9755
4698
4010
172
7887
2611
7641
3840
5648
157
1490
3319
702
1716
2936
6070
6888
8040
8786
7327
4704
6201
8848
592
5150
1206
4106
5847
7005
1325
1077
3914
4254
7382
3923
7279
750
7520
7724
5814
4135
5048
2163
1007
725
9412
4548
7249
5609
1502
3107
3288
8113
9199
2716
8650
2824
5021
6873
9113
1112
9107
9398
8205
6005
8401
4745
7337
3438
9356
4700
3820
8218
8639
3344
259
2066
8407
1359
2257
126
7373
5148
4871
9870
2965
3151
5129
2296
9091
5242
5294
3340
9239
1448
1457
6003
5919
1525
2200
870
7313
8528
1817
6278
7292
8746
7265
7704
1843
2186
452
5410
6057
5023
449
8423
2308
3338
5239
6349
1937
1942
9267
4078
6438
6454
789
9236
7644
5863
3281
5678
8565
1239
3385
3579
2211
8142
3706
3728
7431
5608
1507
5888
7504
9321
7799
1976
2553
1696
7537
436
207
5633
9152
7961
9338
8873
2791
5264
9325
5702
7370
3554
6392
8573
4434
8270
4509
7090
1357
8956
4375
8962
9088
9786
5955
2129
6670
7560
4834
8952
9318
9451
9084
5838
4520
5861
1220
6217
1268
4544
2450
2360
8536
6917
4781
3295
266
9023
4380
336
5917
2286
403
2202
7609
2423
1166
1428
5060
6313
5577
1952
8324
5519
1099
4689
7284
9228
925
2427
3075
3749
9853
4292
2986
4124
8293
4165
5484
4788
3178
7425
7512
9535
5255
6622
3593
3612
9345
8515
1575
8269
5330
1549
9507
8277
9709
196
5335
2990
9490
818
7812
619
3653
6334
947
7642
57
3304
8567
8676
495
4347
9554
3595
9675
8240
3628
372
5491
9783
9441
9512
2910
2768
9276
216
7649
1052
9612
265
8799
7534
8452
2410
1328
6522
6962
1083
1110
6391
9383
2424
9956
1984
1801
8350
3726
5343
504
2018
4110
1300
5435
4931
9482
6507
5546
1021
4193
794
4962
6508
4988
7728
556
7831
9552
4432
2201
6665
3879
8221
4310
1413
9616
2006
1616
7462
6668
3269
9563
3117
7348
371
2969
2845
989
3548
8692
8360
5195
9864
7752
382
6989
5211
6480
4094
2160
7952
2496
129
9269
2094
9994
5788
2779
6946
2263
5994
2527
9209
8363
1591
1735
1194
4673
9624
623
7041
4750
8409
1024
4642
1337
5810
9271
3229
8738
8595
6691
7295
9393
3537
6291
8960
8882
9553
1537
4873
3193
9988
5229
4973
7768
9954
4087
9531
3546
8301
2947
4746
1889
6405
1630
1372
4628
6252
1144
11
3373
8888
5739
804
9527
9549
3635
3868
7018
1523
6184
4490
9529
4717
5154
5280
4658
8602
6404
2651
3639
5361
3954
4485
8773
4518
4494
1642
3070
4851
7678
3499
2718
3900
1756
7384
5597
7604
1822
1377
6494
6084
8874
3393
3623
5341
7447
7479
9289
2634
6110
2232
2271
7667
6851
640
474
469
1409
7214
2753
220
5310
3
4320
9920
332
1075
9843
6445
5174
8242
8864
5596
2622
9238
3326
1221
3766
2355
6938
494
3444
5599
9061
2399
8408
3455
9665
2998
4163
5184
3272
1673
8309
9611
2752
2108
2862
164
2327
9312
9350
8579
7024
5867
3037
3009
8278
2898
2338
8932
9461
4793
5684
5404
5764
1770
4706
6704
118
5471
2899
3439
9997
2103
9879
2083
638
310
1773
9621
519
9698
5252
6205
3206
484
4510
4077
8134
612
6183
1392
7530
666
8106
8210
8417
6757
2837
8486
1590
2918
6111
6866
4758
5065
6269
5120
2371
8199
6272
3626
7589
7950
9639
5972
3652
1660
5221
4126
5025
2963
4763
9096
6085
2714
2395
17
7809
104
1309
6467
2810
6911
7275
8988
8247
757
4344
1167
954
6596
7475
6803
7747
7734
4877
6400
385
9670
5116
8922
4237
3910
1709
4493
6162
199
8730
6234
6137
9206
5168
8863
8597
2540
5826
643
4173
8315
9296
4037
6496
8082
2502
168
4647
1058
1763
8192
330
8683
6311
7056
178
4150
6073
3029
2250
6695
9591
6928
8126
7558
7654
7012
2705
6266
2318
4956
7252
7429
4455
4027
7749
3067
8959
3180
6742
3977
2162
3477
3204
8121
9443
7006
2694
7138
4418
5319
4251
8657
8946
6126
3609
2233
4691
3274
7771
6264
5063
5454
4615
4922
8599
4267
77
3829
8251
5741
9828
3591
8076
4496
6924
1373
4068
9346
1274
7491
6607
9676
3215
9471
9753
8610
7533
8175
8405
4655
121
8469
5061
7509
6892
5845
5566
3608
7503
6331
9244
7193
6981
8316
6993
7999
3421
9514
5031
9031
7709
3383
5885
6921
3416
7096
545
4849
3299
4021
7977
921
803
1614
7064
5578
9782
5145
211
335
4346
8543
8323
7885
8488
3018
8868
2602
7514
8870
486
4559
4426
4480
653
9557
9155
313
2389
7925
6740
399
4017
7940
9661
1828
7499
7936
1438
6295
4018
6796
3817
1301
215
814
248
375
3907
3445
7257
2210
3456
255
4879
4566
431
8236
7060
274
6874
6512
4779
6601
8806
5721
1742
3471
949
9532
2172
6878
4364
221
7793
4319
5166
6914
3685
3738
6510
1569
5352
9961
6221
835
3947
6426
9724
8060
7240
696
5002
5755
7401
1774
2088
2869
5077
864
7483
3051
8907
7564
651
1304
3858
7446
4465
4355
6401
6446
4878
4472
9875
3869
6157
8019
1042
3823
9450
3390
7839
2212
1396
6767
2678
2068
6317
192
4897
5191
7307
2575
761
2757
2656
5161
2902
5655
6996
769
6102
7518
8147
1230
2080
9916
6770
5759
6523
1237
5745
2168
7628
4791
6926
8674
3886
131
3496
7217
1954
1714
2003
3503
3093
9590
5848
2176
4538
5916
1599
3292
3773
7131
6667
2532
3506
7208
5224
4401
563
7091
521
823
5071
3598
293
7824
9810
7317
8725
3448
1315
5409
2796
6650
897
9559
7743
9752
9982
500
7157
8690
8464
9225
5542
5202
3833
5816
2518
4651
9409
6636
7391
6046
6305
4075
1898
3627
8335
2245
1745
6010
6990
7983
9344
6964
7474
3571
746
5576
3912
3710
2214
6562
473
7571
15
7224
1968
3864
2804
3110
6156
9656
4696
8923
1401
9166
7623
7377
2112
588
5282
9463
9686
4827
2713
6855
8547
3533
3470
8098
8969
809
953
2585
5748
7655
2896
3168
1443
2851
4616
664
1522
4515
3737
4152
8209
3098
3680
728
5732
6520
1981
4387
8032
9745
2930
2434
3532
9425
5334
4773
8777
116
4437
4404
366
1738
5515
6145
7878
1691
9965
3621
9921
9501
5443
8193
4107
4657
2072
4336
4252
7930
3126
9845
7280
5425
4776
1839
635
9915
8770
4413
81
4797
6867
5187
3050
7409
201
3769
6393
3679
971
6870
5630
3536
1235
7923
7683
8731
5374
107
4785
2348
3758
9316
3955
4444
1672
2747
6684
5135
8989
525
197
6068
1868
7699
6363
4275
9170
5854
6427
2341
8286
9781
687
8319
6122
5173
3952
965
7294
3861
7291
5231
5556
162
4699
6737
5474
6071
5696
3453
422
7821
9537
4966
1048
7205
7457
607
7630
2946
5947
7542
1744
668
6396
1799
3267
2797
7181
9568
717
5580
4302
8758
8066
6473
3818
8431
8646
1829
8374
3514
1986
6282
6082
7720
2894
5315
2218
9122
3104
3677
7790
1050
7449
8280
8231
9008
6453
5681
7510
7876
2702
1858
3572
5915
8975
8127
6852
4178
5627
513
3701
5563
6429
9392
8391
4368
8682
3835
3734
5700
2842
1120
2805
9058
8214
4453
9746
4811
5775
7553
6192
2909
1884
648
620
7526
4943
7000
5749
1550
7046
760
3985
5226
560
4009
5793
9110
5039
5007
2608
2816
264
193
4358
8917
7958
8403
3163
3485
5205
1705
7811
8718
2950
4411
4792
314
7388
303
9440
1719
4073
4501
2889
5668
6710
891
5391
130
9283
967
2156
7114
232
7001
2855
8248
3911
3357
2337
2941
5561
2760
5890
3335
4392
6700
5233
7836
5379
6500
2558
3407
2978
3162
8606
2762
955
9358
7426
8617
9479
8183
4117
4100
2476
1070
9467
1713
7864
4192
2691
5028
6052
3208
7251
6127
9016
9254
3789
3981
4014
3849
879
5204
8404
9404
4958
9791
5339
3510
4179
8814
267
9834
6105
4361
8093
4618
8823
3423
1320
7199
44
1730
3541
4340
8890
5777
8297
2465
3896
4570
4271
2552
1199
8931
2280
1306
7965
444
8238
1356
3227
2294
2204
4441
7593
7256
9693
4971
9637
8775
3080
9459
3135
8162
5903
6036
5709
5235
703
7352
3815
854
1015
1283
6406
8343
5432
3459
3702
5921
8545
7979
3106
2315
3341
5259
8138
7448
5624
1082
8986
7229
3776
7287
7166
5508
3719
117
20
9885
936
9268
9478
2601
3350
3454
5322
3028
170
665
1030
6198
9488
6469
6716
3730
1135
320
2663
1960
4492
339
2373
1176
9402
8939
6259
1073
7742
7653
6509
5862
3744
4854
8337
8523
1570
5780
5502
6346
618
8849
9237
4274
4220
9085
3315
8872
8948
9848
2897
8510
5036
5843
1025
8830
2879
8673
6175
308
8365
2576
8075
427
2362
944
176
2555
9069
8341
3965
98
7670
1911
298
2638
5248
1252
764
4420
2236
404
7267
3751
4979
7173
6227
533
468
9812
6553
7826
5896
4687
5957
8262
2367
510
496
8103
5325
6797
4507
1426
322
2273
1586
8096
4772
9377
7180
4080
8564
3391
3077
8145
326
9772
1003
9102
9513
8078
9604
2554
4926
2783
9561
7387
658
8164
1782
2988
2844
972
9659
7481
9975
3960
1224
6600
8160
340
5860
9144
9509
8592
7721
2376
1764
5907
4318
6425
4406
2494
4639
8532
8031
693
7322
6025
3074
2668
8694
457
1346
7112
3478
914
6829
6708
6732
8442
8493
2594
4682
8635
5271
9188
862
8496
6155
2013
5503
4016
7725
1556
1846
8426
9850
7639
2616
8424
9765
7971
5582
4965
3743
1879
7869
6846
3300
3216
4246
6360
5898
4114
4083
3944
7918
6584
4436
4755
5958
888
5365
4290
4024
6611
6798
1951
5342
373
1009
4592
7914
1000
5389
8250
1303
2856
8044
807
5743
9161
9748
499
5570
1838
2297
8752
6692
2560
391
1648
8351
4459
7011
9032
9380
45
872
5399
6632
3047
4180
9970
8651
755
4278
3313
9545
5920
2829
7829
6060
2466
2766
8455
4532
3096
7731
6603
9846
6711
4161
4204
4032
198
1410
4452
546
8287
311
8185
514
4296
6723
5354
5170
6768
8686
2219
3836
5136
2228
8462
8698
6973
9962
7539
7186
5034
6729
9145
7260
6666
9165
7395
2374
3871
364
8776
3146
4542
4652
8663
1925
2084
5914
7942
1975
6233
4766
5699
7992
901
719
8723
8553
2775
8481
9826
6058
5846
6144
8968
5188
909
5905
3428
8438
8990
721
8449
8538
4729
5942
4215
3019
9540
2122
8630
6535
4998
3778
2669
3403
3874
1467
2430
8152
4503
9266
2640
9449
3343
3659
7552
1765
7174
8474
5509
8537
9737
8446
5946
7691
8978
5928
6935
5426
907
7787
275
2707
9751
7893
4055
6104
2979
6486
4230
1678
5676
8774
9981
4653
9253
5720
2044
6224
3170
3460
271
5407
7427
3847
3692
6739
5347
2235
5004
378
5276
7225
1089
3622
2242
4677
1679
1340
9054
9218
902
3133
9227
6583
3525
5821
9208
4626
3992
7460
5489
3360
3633
5298
7989
7207
4059
1263
6204
443
3714
3492
9593
1454
2220
2940
9477
3254
3569
2813
7300
8751
6831
2207
9894
5883
4427
606
1731
6006
5663
1255
8656
6713
1644
6966
8662
1506
5708
407
6289
4116
4564
1218
530
2782
467
112
9291
75
5296
7762
876
9275
2477
684
9899
3922
9129
1436
1669
4898
5268
6489
1844
3764
950
2146
2454
5227
1354
2654
5789
3084
5504
3897
3700
916
5293
5812
8420
7689
2085
9101
9439
2618
6974
8640
10
3578
2275
7708
3889
553
9933
5766
1583
7565
4407
7638
8831
1295
8064
3862
1803
1143
4157
5177
3436
7993
3753
8829
8671
4054
7616
5026
1201
4844
6297
6026
3061
3192
5151
805
6246
46
483
8249
9548
7555
5144
1854
7054
123
4884
8378
6912
8148
3171
33
479
1947
1084
9581
1192
8362
5083
9742
7847
1917
6245
4403
5889
3154
7126
6024
1455
8734
710
139
1431
6853
6871
4806
367
3611
7025
3043
575
6919
9837
9468
5996
3644
4826
3978
7696
1064
6929
3156
9307
9927
7880
1706
1795
5610
1565
8382
1019
7716
6007
1788
6344
6053
8892
8252
7070
9292
6004
2253
1812
8002
5069
5647
8842
1991
1040
3575
5047
133
1998
4937
8144
541
1185
3520
4734
5088
2578
5585
3482
7015
2531
7465
3464
7095
3962
9047
4463
9304
4737
4194
1141
4327
6629
4421
9701
9045
2065
6220
8412
1272
4341
8448
8472
2028
3239
342
532
6139
3802
6154
5882
6458
7698
5651
6576
9282
3366
9340
6950
9506
3103
4450
5866
8383
727
4576
8576
4360
4757
542
2071
2884
8961
5510
9297
7310
8587
7480
2997
9136
3166
6641
1482
990
2904
4050
3121
6353
8000
7574
2537
5935
7595
4952
2589
5306
2927
8331
6017
249
7097
3796
7854
2076
9660
4438
5923
5084
581
8156
7598
1517
7551
7652
353
8306
5959
9150
1695
9767
463
8899
6087
2911
642
8217
8275
5385
2105
8038
751
5037
9544
9766
2431
9078
5238
2428
4140
8858
5183
7495
4491
3140
3138
279
4908
3066
2316
7849
8354
8392
2269
2330
3661
7769
7107
4572
3957
7830
3446
6519
3857
4540
7505
5500
808
812
7438
4070
7956
5729
8055
7781
9926
8559
8729
9703
1451
9470
4090
859
184
1929
6792
2412
2612
6325
3511
5109
5157
4218
5499
6802
6883
5874
4045
9095
2411
7906
3687
9279
678
5899
1611
3424
8791
962
3938
4815
9796
1639
2100
9232
4458
2035
6655
6956
3941
9809
2632
5591
9891
8352
9706
397
1297
4556
7182
3563
7162
7137
2281
7122
359
9942
3483
4841
4760
4168
5837
9628
5179
6314
8204
7841
1757
5364
6579
1531
9898
3435
1758
3462
3320
2987
3509
2377
1013
2015
5360
3054
5539
1832
3469
4143
9587
9681
6872
7032
9999
9677
9667
7748
7003
7077
6679
6379
6194
1694
3594
2937
1100
9692
5186
4605
4938
5332
5053
7142
1831
7311
2511
5637
6854
3342
6715
9707
7966
3843
3247
9682
8945
4545
8334
6795
9558
3654
2074
4692
6465
5223
8507
5836
9606
1406
3805
1008
6416
6371
8133
9756
6028
6922
3185
5611
9653
4870
1723
1305
9070
8871
4322
5880
5807
1598
3794
6626
68
7358
430
1148
3882
2384
6978
9851
6255
671
2254
2225
8492
8099
4207
969
8875
4112
5960
7766
3257
8226
9618
9273
6034
3218
8213
1548
1257
6065
1814
676
2597
464
910
6223
5147
7043
4736
5200
4122
9021
511
6468
9768
1687
6859
2641
5963
9934
6455
2951
4285
6774
3317
3969
1626
1308
4282
9760
1940
4951
6164
1652
1155
6816
3542
8307
3337
6373
3282
7274
8935
5283
7576
6894
6839
3112
6290
9433
7463
681
3953
9569
6820
7801
1618
5311
9951
9726
14
7567
845
2724
4429
4079
6898
2357
6358
3173
9080
2743
1299
7477
5442
1117
6676
6843
573
3094
3351
6149
6376
3754
3128
3618
9191
2769
3790
9081
3526
8818
5498
1285
9476
6482
9258
365
7805
2299
1629
3826
6375
4144
8857
9919
9311
7071
52
7489
8634
9056
7356
2623
309
7583
4546
6943
7266
2526
2026
6677
5791
4130
3660
6039
1833
3248
7531
1006
6617
7331
5815
4020
6804
3230
1178
6219
622
8463
8628
5507
4151
1370
9329
8266
9539
7782
231
8569
1503
2873
299
8224
8578
1243
7127
9800
4713
8600
7842
4861
9127
1078
8999
6992
9389
3946
830
4601
6633
9472
7087
1897
9515
8689
3524
9042
6834
2416
2749
1686
589
6511
9631
8056
4744
8190
1640
9420
108
8745
2684
8807
610
4221
5482
2079
1462
4159
5011
2336
58
8526
3530
2738
2525
2870
2031
8844
235
1577
9943
6301
1153
8119
630
9496
7627
3145
5420
6784
905
2541
1516
7170
6280
7840
6805
5711
7877
4580
9798
4013
6377
1654
7231
4371
5747
632
9036
8168
4813
1123
5175
1905
4363
4309
8151
9418
8878
8896
9779
6518
2512
8737
2364
2874
1566
9712
6809
3069
2106
2745
185
8845
4968
8016
7111
6848
7432
1188
1173
9536
2817
2401
3225
6176
5543
6800
9336
5951
3124
4925
152
1435
6559
9184
5674
9010
7165
3451
8377
669
7454
6799
5375
4996
5924
4147
2479
8789
9620
1011
3583
4530
3589
166
4565
334
800
5521
4831
5969
1987
927
5487
7439
4156
3918
3901
920
7587
1684
8632
3277
2522
1761
5603
9306
9458
5731
147
2118
6300
6841
6725
3365
4725
7855
6755
3395
6897
2672
4551
6260
2491
3999
3399
8702
7761
7521
5358
6108
928
3024
6244
6615
1504
8647
3085
286
1334
6114
9585
9186
8982
2175
5258
8716
2679
2008
2194
6754
3973
8184
6817
8951
5740
8120
1497
7241
7258
246
1962
9757
9911
3410
2681
149
5737
208
8802
2933
60
488
7508
5514
8010
2907
4599
4960
9397
9731
6537
6638
3172
9464
861
5512
4567
2170
2291
6001
1416
3362
1468
6504
9671
5752
6258
6285
4900
4863
1701
1746
9015
1097
2999
5340
564
7507
64
9575
663
1152
187
7813
4942
2288
3376
8801
4799
5066
21
426
8699
3909
3114
6602
7588
1970
2676
3327
3401
3822
7570
8359
2852
4305
6987
9462
441
7487
253
5571
7626
3196
4405
1790
3980
3431
9985
8997
716
2107
8298
8393
9510
7167
3498
2524
1890
462
8132
9930
5672
636
9893
4069
9859
4984
4183
5824
3672
1748
7234
4043
1747
