5518
3800
8122
344
1787
8188
1118
3321
3199
3069
8210
2433
4359
6526
6420
8014
7914
4138
3535
1115
9767
631
9091
9052
9017
2370
1410
7488
8942
8838
5236
3557
8522
202
2266
2106
1833
7612
7208
6363
1060
9986
3922
707
6029
3477
7716
7005
3973
8797
4136
3754
5816
1528
1015
9872
636
1160
7257
5774
8161
3683
3817
4691
267
4356
1718
4718
6570
6765
6902
7306
2833
9483
6988
8574
1526
8764
664
8424
6178
8471
9759
8000
5326
6517
5757
1053
8115
1487
1512
559
5604
6502
5233
9319
3003
3094
1649
676
9124
7641
6168
1609
5790
8343
8463
2024
446
503
6436
2696
2708
79
7522
6175
8854
2769
2306
1203
4559
5213
2072
346
3601
310
2849
4446
2970
4198
9335
6310
7915
3794
916
8370
3160
414
918
8466
8178
2500
3907
4835
3016
8226
1274
5765
5497
5019
1387
283
7880
8035
1745
4149
4635
7817
756
7374
3833
431
30
1135
4135
8823
3625
2863
6874
1823
570
235
7829
3749
8595
7508
7101
9062
8446
6763
4520
4454
6327
9120
1747
9113
417
6477
1807
7890
4203
1939
9721
4563
6987
9180
4717
5134
6229
8665
8524
8162
5466
9478
6943
8987
1707
1710
576
6479
9611
4391
6698
6553
5406
73
1543
2064
4478
7024
1766
6514
9371
5957
6272
6221
4863
5943
6781
3766
9574
9778
7448
5592
4696
2146
2967
268
5118
1355
7225
4004
5084
8887
1640
3296
1764
4443
1207
348
8989
2642
8291
5983
3470
1089
9784
2323
4354
4067
8143
989
3607
1603
889
6782
6881
1557
6649
6780
307
8768
7580
5856
5716
9727
7453
3729
6427
913
2192
8953
5753
4429
5524
9436
5781
7366
6058
1868
6533
1604
7221
4196
9964
3684
7415
1692
2585
8339
3145
3943
6141
187
5931
3343
4919
7408
3497
2246
7974
7373
8999
5617
8609
14
7226
9456
5701
2771
1695
1269
4995
5499
9309
6322
560
7398
9576
46
1858
3065
7141
6478
9162
85
295
6968
2180
3098
6508
215
6476
3517
2789
7067
9779
9786
1606
7091
5135
5694
4452
8676
9137
4548
7919
9303
270
1141
5513
6639
2334
9391
1750
5676
9009
3661
4081
6248
7434
6024
9069
1776
5809
8064
5625
5838
9263
9963
8247
5380
5722
6948
8031
9899
7445
1127
3459
4860
4996
1142
8204
3146
4108
7420
2796
2261
9761
984
4364
1129
8501
1008
2019
420
4160
7425
7726
9525
2437
7007
4965
9016
5848
9904
5350
4110
9132
5493
3930
3720
4145
5065
6474
8007
8186
1701
2753
1586
9458
6289
6421
5666
7962
4032
5927
7035
395
3247
9529
3637
89
1797
6157
5968
8485
1810
1554
3394
8182
2424
5770
1013
3653
1646
9733
400
8893
2108
7092
1932
1338
5568
6682
2236
5440
2937
1705
3161
6106
3092
8739
1366
3097
6031
7877
6775
6094
6267
7295
8412
1490
864
3323
6362
3898
9326
5936
208
1271
3594
3483
5812
6390
98
3600
3753
3011
6600
4921
7866
497
1667
4501
872
5310
9377
6269
7271
3373
9097
3664
3433
4849
143
881
6276
7126
4236
2514
7148
9310
60
1894
1996
2757
1284
9516
5671
377
9490
606
6192
9877
3195
7501
381
15
7793
9329
3238
8611
9720
8956
6562
8738
2132
7187
3877
8241
5221
8080
6607
6904
1959
9275
21
4085
4498
2123
3435
8235
4063
508
1763
679
6047
1165
7323
7761
3399
8736
7431
5541
8489
6707
3187
7710
7000
9378
6140
3478
1987
112
6794
8657
2346
6263
5586
6118
9291
8517
5367
9906
4738
9680
5
4291
8436
8325
2422
150
5270
9405
2031
4000
7485
8109
5971
8021
1668
6145
6564
6989
3006
1819
9572
4592
7634
942
1625
7473
5195
5225
8658
6843
5494
6300
1358
7593
465
9357
3291
8944
2507
4296
275
2296
723
7338
9722
1816
1432
5590
4600
793
716
7721
2551
3961
9238
688
207
5645
16
8233
3217
3510
8891
5892
6457
8980
2573
7494
513
3810
8209
3115
2664
5389
4819
1760
7332
9147
4034
3167
9106
7475
593
2085
1386
2142
3072
4806
2430
3989
2330
7482
5807
3221
2135
2017
1154
2458
3587
4780
3049
5972
7376
5686
5102
9592
1320
8001
561
7975
2038
7826
7054
6068
3829
9557
7178
7587
3108
8066
3695
5369
6963
6325
4893
1239
9159
9922
991
1200
2917
6015
7901
2599
691
9382
2738
3405
345
6579
6865
4715
4911
5799
5827
9651
848
6154
6326
1644
6964
8154
730
7106
8686
3103
1286
5077
8187
6176
1898
8056
6463
2544
6736
2117
596
3188
8558
8237
4657
8924
6814
4735
7825
5985
4134
3868
8967
4714
9121
2440
2400
7231
2237
1175
1340
7736
3890
8506
6742
8438
7182
3168
144
1830
8798
4243
3730
7307
7545
6356
1706
9686
1871
7206
3313
8715
5399
9193
156
9933
6464
4760
5500
4643
8050
2516
5776
5621
2520
772
8986
6930
2592
8573
2054
5305
5172
6196
4703
8134
6275
1634
3335
3365
943
3531
3793
8846
9843
3775
8333
3220
5921
4238
8731
7357
3493
2032
2616
2556
3368
6044
2222
3109
5843
2612
4193
8670
4894
4387
1839
899
1740
1350
1099
8392
7109
5641
178
1176
9331
3605
5551
6840
7097
6482
8695
2818
643
5557
9419
2200
801
6499
9370
2009
7995
8788
4211
1044
7229
6136
456
6719
438
8214
4593
9443
8108
5889
3733
7982
5200
5657
1070
6557
6438
3866
4609
7061
8802
7631
4937
2467
9674
7168
5206
3480
1622
6335
7607
8439
5147
6012
784
1126
1162
9416
1951
3297
7515
5226
3878
1618
5354
2089
7824
6662
9854
9935
3005
6411
3857
9125
5238
1379
4923
7068
8529
2375
126
9706
8702
3627
1919
5918
721
9965
2275
4595
6882
1291
8974
9765
9912
3149
7759
4602
2475
3620
4051
3855
5411
9395
8470
2512
430
3158
272
5263
9092
5537
5143
1317
8391
5095
2405
1542
6878
3838
3927
1749
6977
6116
8727
5986
844
129
9487
7339
4094
3692
8761
2049
7451
8087
9005
2913
5863
4684
8366
3513
732
161
2327
8570
8707
7854
5161
6655
7409
2388
9837
2879
6532
5330
929
9520
2966
582
5480
3512
1448
8653
4660
3376
1639
8864
2761
7186
8895
6708
6647
4250
152
4746
4227
4044
5425
9345
6055
1213
1347
2928
7296
8295
1869
7595
2572
9060
5988
5726
7303
4745
2666
6602
5461
8076
3965
9764
6518
6461
9426
1892
6867
4260
2553
1918
9024
8663
6889
9154
7198
9138
5159
7851
703
8593
5646
608
1081
8121
1047
775
9312
8922
7931
8083
8800
424
1122
3395
7004
2391
9717
647
9247
4194
9093
7651
9730
9871
4989
1682
186
7672
9218
82
6646
2530
3879
7469
5561
4273
7367
1888
9103
3093
2058
4187
921
5531
5132
4792
3519
7988
6412
1331
6687
6786
2657
2195
7700
5237
1793
4810
1189
2224
9768
9585
5834
9783
9898
1442
5835
5566
9966
7790
8216
1011
4130
2452
2629
2950
7571
3280
3224
7183
7069
2607
4976
5482
1794
2093
8861
3366
1576
2975
9001
7811
5516
5076
6009
5942
5503
1199
8668
9947
5020
7193
7268
6393
2984
2157
2357
3274
7556
392
5282
2887
8354
3669
4712
8543
6107
1109
4061
7370
6057
612
3667
5210
8177
9953
2285
8358
2742
7394
2881
3981
5711
6319
2579
7881
4215
8812
5596
4832
4509
8957
5654
2713
738
1549
4739
4172
4784
2925
543
1872
1587
9903
3881
1941
842
5045
7340
429
3111
3906
9945
5175
9396
3329
2208
2241
2662
7023
9621
3171
4695
2250
6725
6059
5318
873
8830
9216
8455
6495
6174
2828
5402
3040
6939
3417
7077
2576
5975
5059
5796
8394
9300
8724
2733
9867
5883
7410
9316
477
884
3281
5979
6444
4561
9635
62
3652
823
5904
194
7981
8302
2508
6074
7819
8024
2390
6245
3827
4497
5522
1159
1578
3316
1743
8806
1933
1181
138
1624
9731
9492
6297
5896
3117
6594
7628
6003
695
9735
5374
6159
442
954
4476
3885
2714
1545
6537
5533
8873
2524
6340
6277
8025
744
2282
9183
6772
3545
3858
9059
5549
3359
4325
3183
1751
6929
1416
282
4585
3756
5842
9534
9695
2431
506
8799
6534
9481
4938
2328
116
5086
3088
8372
1925
1428
8888
4221
3920
490
403
8809
5178
262
2915
409
6156
8120
8073
9143
174
2348
4230
4382
2889
8428
6558
3622
2239
6225
487
714
7569
1752
9280
6332
2154
547
9414
4767
6955
3431
8125
7657
9533
9277
5256
6416
6342
8158
3826
8067
1363
8825
8496
3703
9930
8897
1608
6403
8099
5736
7990
6994
7480
4071
550
8380
3739
868
9857
6511
2896
1388
6905
8348
1714
9998
8202
4538
549
5540
1559
9272
2262
1161
8794
4944
8507
7260
2184
3777
4435
2383
8754
2337
4252
7063
7139
101
9891
2287
5421
4551
6926
303
3889
1700
3192
9892
382
7675
7818
2736
9848
894
2554
6182
2412
6705
3166
9008
7626
2362
3570
8872
1484
2418
2874
7997
199
7267
6693
6306
9746
1229
158
5462
4311
3819
1016
4028
526
5853
4038
4430
6209
5644
9859
1108
4348
8305
4484
9875
1645
8404
4179
7033
6424
4542
9267
1844
3100
9883
269
6751
4852
7841
7423
3350
795
3250
2365
888
9076
5130
9631
1287
1061
362
3231
4523
9995
4047
9775
5470
6767
3614
3122
2471
3608
2487
7418
7575
9491
9348
8915
1808
2946
5224
2481
1004
2445
1671
5682
7165
2842
4575
1565
4682
9431
3849
726
4908
610
5636
6005
5732
6871
7752
4117
8516
6211
2945
1243
2097
6163
2746
9452
2148
3822
1632
7934
9539
8975
2569
5718
4837
4798
5131
5336
4748
6064
3908
3212
9811
7898
9098
3612
2859
859
8139
317
6645
1494
1854
8979
9140
5058
9774
3556
5905
5346
7896
2619
843
6124
437
8910
7454
9911
6434
8575
1458
6371
3147
5888
7209
343
6232
3649
7081
482
7171
8994
7813
4650
2813
3514
1082
6660
6151
55
4550
7498
422
5820
7933
8094
5929
7201
1237
8745
3651
8261
6314
597
8361
9552
4521
5795
4496
7219
969
6952
5806
8206
6920
2790
1404
5977
3043
9831
9346
2394
153
7944
5947
4558
7289
6521
4386
3956
8284
2999
5952
3912
2931
7108
4123
2857
1307
6497
9338
3583
6938
97
573
4153
6299
6934
783
6142
1125
5025
1393
6216
9967
1678
6455
7006
7741
7955
2493
8388
1289
5072
8054
585
1940
8966
3592
9068
705
7507
177
7353
5559
3453
628
8114
6921
4027
5521
6854
8400
3925
119
5750
2040
1963
8548
9646
4822
6861
2550
9937
7042
3575
770
9341
5713
1861
3414
2717
7511
6933
387
8693
4880
7525
5129
1240
3947
6217
639
3265
7637
9056
3472
5529
5868
1094
4315
5967
5648
5384
8847
3425
4740
4390
7145
5743
369
3938
8835
4997
7613
5137
1551
6281
416
1483
6101
7046
1344
4955
4578
9726
3275
867
4909
3474
5501
418
5593
4469
9939
2104
722
7055
3204
4843
1610
8763
7551
5748
9428
6803
6975
9245
2827
7460
970
505
9471
4438
6161
3328
633
4557
6563
3130
8147
7592
4486
4770
4146
9940
6569
1998
394
9897
9400
1784
9197
2638
8379
3647
8065
8618
1878
2777
7816
3317
4982
1247
2759
6851
9252
1062
372
3085
5689
4969
4927
428
4201
2468
1631
5092
3801
804
5173
462
5824
2682
9936
9383
3370
7428
6664
3348
3624
8492
4267
127
3068
6741
6132
1564
1298
5780
702
8263
3636
1068
3913
1657
1260
4341
2954
4617
7681
1117
6985
9610
26
7732
9258
2325
3469
1447
7016
1371
1453
2199
1477
4103
4968
3996
4407
8511
8981
9293
6197
9707
7794
4886
7140
9046
5223
4327
3201
9110
3994
8515
5090
1277
6613
9434
8882
4380
6037
7051
9253
857
1224
945
1215
3837
4818
8784
1731
1145
9679
6073
2492
2898
6599
535
3603
8151
6940
2922
407
8945
122
2503
8810
9657
6972
7036
3700
7021
517
5956
8765
5169
1902
7441
5528
8933
7538
6903
5021
8155
1836
7929
4285
9868
7246
9879
7266
5782
5555
8744
2654
7110
2586
222
5294
9531
3710
4866
9692
1067
2380
1720
6309
6734
9442
5704
9184
4474
8927
5638
6026
3633
1602
52
6876
8972
4694
3310
9675
837
3432
5278
4668
154
7559
9650
2196
8675
6360
7600
5512
5862
6138
2985
8048
5505
8561
7161
1373
4639
2953
4888
914
47
9241
9656
3382
5272
7175
3670
8079
80
84
76
1884
8062
2102
3380
2062
2485
6704
4328
8960
6717
8225
7331
1488
1503
3668
6321
8550
1225
5532
4658
9575
2591
7735
2765
7815
2212
1492
7072
4572
8461
9074
4859
1151
5614
2289
7979
7486
301
1685
1391
3383
6213
7160
6373
3492
5268
6413
2379
2927
6415
5109
8097
2603
2998
9340
1337
9536
9055
166
6494
9244
7541
5460
9699
8778
9495
8092
9237
5688
379
2598
1191
7093
8853
4133
2521
5297
8928
2172
2163
7621
300
8292
5935
8776
9628
7169
1408
3163
4664
6761
5108
250
4713
6601
909
4885
2335
3181
7779
1560
8328
2729
3874
4526
1362
7118
3757
411
6643
583
4381
8808
2780
9078
7502
9681
2491
3387
5680
838
2744
6083
8086
3123
6078
6097
6486
5800
9356
1864
7194
834
9151
5363
3169
3197
5437
5847
3528
9803
8578
9379
2800
4232
7318
745
6048
9805
5431
4140
8616
2715
5208
3725
9618
7913
3208
591
9235
4450
2016
7895
3441
4202
9484
8518
304
6896
2649
5015
1180
6396
8486
3148
8221
9423
4683
6370
2086
8044
5587
1400
7150
2002
4623
9006
4567
4374
448
2133
8223
5089
8234
3102
996
7233
2155
3015
7939
7711
3112
2188
3396
3588
4598
4936
10
2397
8102
1052
1242
5244
9051
2320
3083
5511
4297
9743
1607
8003
2206
8488
3616
2007
2752
4351
3369
685
9213
383
8420
9461
1698
4162
1812
5444
897
8755
9564
9410
8317
950
3033
4920
4730
8628
4858
7167
3486
6990
3218
908
8948
8637
1299
4286
476
4973
7702
3262
7853
2695
3859
3711
6519
4957
5055
6473
2263
7686
4900
4073
9873
6506
2322
8037
4003
1449
6260
8081
1953
6636
8771
3549
9325
8293
2197
4685
511
8356
8672
8278
3813
5902
3771
7138
1361
8626
5484
5113
9003
90
8232
8300
809
3067
4099
4737
7530
803
376
9949
6884
9956
9177
660
8136
6080
6572
2741
6699
4628
4874
3129
1703
2926
7731
5755
4670
815
3178
2754
6808
7767
1035
3119
9417
2640
2563
3013
2581
8112
9403
979
3404
1915
3699
520
6641
8276
1059
9446
9571
5313
9709
7230
2577
1063
1655
7235
5744
7299
4940
39
668
4368
7440
3233
8775
6375
8365
3019
7487
4395
3341
2409
2952
4190
567
266
9713
1952
2406
4256
4726
5759
220
2218
5177
8150
6769
4529
5752
7288
5126
4337
4672
6032
3008
6446
4789
9397
2340
4011
1399
3018
3095
111
6949
3654
3832
8287
7999
725
4803
9041
6112
5011
9116
6025
3760
9328
2872
402
6804
2461
9429
3239
5068
2722
5817
4255
7949
9638
6582
8091
6925
8843
4999
3602
2707
8623
4408
6913
5083
5864
3722
8680
3891
2625
6235
8926
4817
5871
2854
3991
5624
9314
9751
819
4615
2868
2299
8554
8894
6244
3887
2095
624
9472
6501
748
7984
5243
1036
5949
6818
2245
7910
9194
1075
5164
218
2882
3743
1636
8069
1198
7676
8411
629
3903
2279
2000
9499
5182
6785
9115
2372
3986
107
2767
3258
1848
3774
3505
9150
8145
4791
6171
2758
4059
9455
5295
5299
1828
1964
9989
1168
2310
5027
5148
2270
3742
4749
9317
5348
8429
1505
9095
8585
6433
4089
6678
2464
9435
3229
1107
3697
1382
2781
6407
4372
8243
9424
443
4414
4091
6608
6603
7203
1041
2864
4087
9278
6193
8943
3998
1527
7153
1091
7086
7912
5087
3924
8185
294
1316
7294
4904
2026
5393
9279
4052
9980
7277
2562
8497
4905
1357
4480
2055
1870
9668
3909
3337
8049
6049
689
5180
340
9288
263
8474
5230
1205
3580
42
8791
185
9580
2043
1413
5372
3213
2646
7416
2294
8398
4901
2183
227
6895
7744
224
1148
5950
8993
8716
2150
7305
6087
75
1433
4954
9603
6453
4447
1463
7309
1772
2609
2930
1522
1525
7496
3367
6401
341
617
7286
4677
8602
5622
1064
6348
6997
3504
6179
6391
6648
5661
3595
4868
3713
1638
3154
7044
9221
6844
998
5197
8459
1683
1782
5010
8427
2763
7985
7274
2674
5469
1143
2209
2465
6485
25
4779
763
1981
3644
71
7430
3272
8601
5880
7159
1272
4427
3852
6944
5435
8036
9927
2942
7704
3821
6432
9809
4899
3547
447
9023
3951
8596
7662
7029
4393
6783
9176
4475
7155
4293
4075
2078
9225
4442
2568
1372
6336
9172
4046
7202
891
8199
3047
4151
5285
8947
9626
9390
8837
2240
719
2462
8255
5598
3388
9049
3948
7860
7244
5728
7261
6830
5738
9334
3876
203
1991
8559
2749
6839
4970
7253
675
3207
6430
1128
7344
312
181
8563
3151
7467
3023
305
4421
4210
7969
1302
8678
910
1796
4465
7674
5583
5572
4128
4205
146
2116
8805
7584
2450
4095
886
9459
324
6274
1674
6746
7848
7717
811
9330
6369
8787
7084
8538
1548
2656
6663
3036
6612
9770
6158
8931
1834
8034
9546
1696
5895
7844
6774
2858
6043
189
148
2768
4883
7290
6850
1579
2432
7151
1293
7670
5193
2535
9605
2726
5504
8095
7884
3926
8614
3105
2850
7573
523
1663
6914
4641
6214
6147
8532
7433
9477
7389
5273
3223
7133
179
1435
602
8482
4610
9677
771
4164
5910
7222
1421
4018
2012
2291
3763
8726
5502
827
4553
762
8405
9607
1757
1936
2258
5324
7967
4645
5611
5899
2077
6296
9122
4573
2309
4332
6764
1831
4
3489
9736
2812
2912
4064
7447
5009
8060
2478
2933
9619
1867
2272
4665
9559
2066
9430
8494
6810
9934
6021
5594
1150
5887
1183
9081
4505
2819
9952
8229
2829
787
8541
9789
1778
1096
8929
3847
2119
5026
5619
5038
406
9164
2416
3259
5991
4896
4445
4604
3333
4753
9979
184
1279
8256
3407
3812
6864
8817
8619
5708
9896
320
3808
3708
2186
588
9645
5275
653
3585
6127
125
8520
6745
3581
9987
1238
3634
9604
5705
4953
1983
6180
794
9957
2869
7788
1593
8384
919
4581
5793
6450
5094
1544
4092
3020
2393
7548
2511
6028
4777
8649
871
8251
2374
6114
515
9087
192
4941
9506
4030
3552
2826
357
8359
5014
6338
9845
902
4269
8499
8252
3056
8752
6208
7772
5536
9465
1716
9075
5595
6418
7906
284
9772
7499
314
93
198
3314
9598
3070
7020
7734
4946
2564
6253
7275
5189
308
7245
9226
3340
432
2791
5078
3051
128
8059
1202
2473
9479
5116
2894
8374
9641
2675
5218
1637
4576
9659
4020
4346
3194
8970
1074
1334
439
3724
3438
6740
4680
4339
8041
4796
435
2338
905
4922
7248
5647
1729
6688
4422
386
6917
3236
8913
7181
4295
4079
555
7100
5693
6753
985
3041
7125
7228
9623
6723
1396
8850
4533
2958
7112
7709
1138
4361
5582
9642
9705
7542
9214
569
8129
5229
2472
2187
792
2837
6615
9894
8063
1037
2907
9595
9925
3940
3875
4895
2144
248
1722
1817
4090
4910
6177
8082
4483
9133
1020
3892
8582
4842
7214
5075
1221
6490
4258
1961
4763
3193
9359
7088
1083
1177
2444
760
6845
5519
5373
7992
8452
3781
7045
1837
4769
5785
2305
6777
8318
5400
5036
7753
1462
3089
4666
4661
1123
6617
4525
7870
9747
5426
6979
5974
9473
9201
8480
930
9355
9715
1429
1572
1539
7497
9127
5476
4121
9336
2488
4275
5166
105
2427
5235
2378
9007
4800
2242
9588
6621
8124
3776
2972
9895
3434
1103
5438
5253
3004
5560
8918
807
4856
354
1348
3983
961
4350
6376
7770
8786
234
2545
6018
4106
4532
9053
3963
802
1147
6614
6409
3290
2160
4697
8526
4467
8190
2301
4804
2278
3397
3598
4624
2247
840
9343
9865
4323
642
390
2770
3410
5939
9497
2685
1146
907
7116
8458
9941
2495
7572
1765
5576
7921
9683
9718
698
3471
1314
172
17
6831
5567
297
4218
8337
8671
1431
64
8661
2292
7948
5209
982
6575
6622
475
4093
1451
6709
8803
8908
4037
6879
1051
5831
2151
4814
6661
3062
4239
2783
469
8562
4035
6282
5898
2570
1791
3418
242
486
4544
31
5219
9015
1520
3787
6448
9145
8211
1633
5120
6387
3820
667
6870
9202
644
7597
9826
1261
3457
35
4906
3599
9669
9031
6061
6951
5992
8577
3719
4892
460
1756
4582
4188
6683
9550
8279
627
5375
5257
2367
5307
9503
3162
948
928
9466
1771
820
7862
6883
1468
9112
9583
8995
9570
776
9519
8528
4629
9725
1268
3619
5926
7625
1489
6242
5261
5724
3131
563
6186
4851
6635
2846
291
6117
3298
9389
4370
9830
7435
6288
5152
4025
4301
521
8666
9388
5117
3494
9672
3374
5526
3444
1381
7872
5190
2737
8179
5695
681
5634
7322
468
9950
8588
3495
6546
947
9750
2441
8027
1974
704
7552
9880
5005
7645
841
9187
752
9273
797
4935
7786
3021
1596
7381
1825
2264
4318
6317
1019
1984
949
609
4766
3682
6206
2453
5962
9066
3481
9881
972
4366
2276
5222
9026
1591
525
3773
8930
5664
7002
279
7540
7594
4289
228
1312
9844
3360
4065
7312
572
5509
620
4023
9983
7601
4244
9788
3232
5214
9796
4248
7722
3632
391
2701
2015
3937
3835
925
3157
56
2971
452
7018
9211
796
2732
6042
9270
5357
5338
1043
9354
8691
6022
9636
4002
5451
806
2042
7239
5174
4952
1986
9077
1614
8227
8539
3723
3582
6414
5954
5316
2021
9886
8773
3933
5712
200
115
5492
4674
3509
6162
206
9212
4879
9353
8990
8070
2371
7252
2900
3693
7797
1783
9502
29
6096
7532
5091
4280
2426
1950
5857
8101
4375
3074
2650
3302
4732
1944
8341
5054
6828
472
4015
3870
9814
9320
3113
5970
6820
3463
3339
2234
8955
2037
5317
3002
7184
6507
1880
2059
3687
7479
1303
7989
8647
2596
5103
2283
863
6812
7801
5760
1232
9756
1584
558
4401
5697
2725
4890
8747
5599
3491
2415
455
724
1979
3127
7719
1970
3064
920
1038
5788
3527
8074
8323
3325
963
2339
7776
8902
5196
1739
2560
7056
9521
7705
8410
5996
6404
531
33
7393
5042
2890
37
5144
9602
8571
2821
7478
9969
7333
5749
2613
7265
7455
4850
7326
6462
1017
1227
4321
4340
7156
3502
3351
436
3177
9118
5609
2352
9732
3096
2303
8834
2248
5690
7806
7144
7747
9271
4534
4608
672
9670
5309
3567
5124
1376
845
24
7531
8368
2528
9082
8240
8140
213
7713
5241
1536
2515
6807
7950
5234
3086
7385
2170
4444
1346
2082
332
9498
4778
9509
3609
5000
5478
1973
1365
553
8193
8269
3392
1132
3788
9141
6512
9694
9302
8814
2147
6853
5721
4876
1339
7422
3150
4795
1066
8594
1571
3090
673
9828
412
5919
6762
2848
9437
9528
8920
9295
5632
7337
9633
4284
5547
5813
5093
8373
5687
9507
3543
9223
557
938
9315
514
9807
3919
2962
2216
5352
51
7756
2961
9587
5449
7028
1809
1994
5242
5358
1699
5334
6378
5149
7518
2860
5340
1962
3063
3398
4620
1930
7792
8643
8371
5187
3860
6826
1296
1086
8514
7377
6467
3696
2454
4723
7414
4195
6869
4082
9365
5269
5981
9523
8576
2249
4805
3843
5508
4933
6361
3240
3210
9944
3176
2906
6004
7362
2084
7758
7885
8937
7566
6308
1642
4827
5818
9347
5575
580
6574
2358
8012
1208
3534
8217
5450
211
5620
7957
7850
6353
2873
1688
6556
6915
4686
4168
2459
6466
7251
7001
1304
3795
3953
5320
1258
2778
5155
9480
7172
170
1493
2213
4272
5057
7043
7544
3447
1619
7471
544
4898
2582
322
4329
5696
8708
9693
6222
4033
5600
9812
7871
6697
9376
2578
3273
3950
885
463
5692
7565
2884
4539
106
4493
5989
7660
3180
5171
6733
8881
655
4902
9532
5473
8692
2923
7583
7240
1027
1440
3322
7654
5655
579
2645
862
7157
5995
7392
8831
7785
4249
6126
3252
6417
3982
8198
1498
4925
8395
7579
6128
7242
8682
2376
1430
7897
1620
4915
7083
9257
5434
4594
4449
1469
1746
4569
3618
8879
22
8104
2244
410
649
6720
7009
8605
9558
3010
5851
5930
2589
5080
3762
654
8964
7189
1266
9527
5976
9294
4547
9606
5909
1929
3203
7701
3331
7047
6323
1648
3980
7456
7925
2120
8164
371
9876
195
4844
4549
6441
1481
9255
2678
6351
7954
7154
6384
992
3139
9753
5920
9586
1573
7783
3243
7320
4115
7025
7951
7795
1417
9813
1568
8181
7452
8163
7427
7368
6747
4702
7680
822
7327
5432
6320
9399
6888
1328
4231
3135
9305
711
7557
8757
4652
6924
9648
2293
7576
6374
8351
9323
6863
951
8597
8423
5199
7369
3572
1890
9392
650
7864
5791
678
8925
4100
3132
3597
1170
4586
7905
8450
6970
8043
6041
6160
2201
5248
2692
4413
856
6311
7361
964
729
3897
4699
2700
5829
4349
6020
1055
3030
3778
6496
3371
8991
5353
1643
4144
4104
9748
971
7743
8699
1079
5306
3864
103
2968
255
9776
3342
4257
7836
5100
1259
759
1561
9010
4774
8655
6237
1090
3577
7926
955
599
4741
3679
6805
8306
9393
3028
7762
8009
2386
9186
7987
7048
2164
9887
1306
6672
1496
4764
489
7937
5392
9200
883
3914
6961
5495
3934
3842
6019
892
3205
333
7763
4517
8729
2175
1567
5607
214
3718
9582
5601
6592
3590
7514
8589
4606
5446
3809
7718
9174
5122
274
1840
1308
4468
88
1799
4823
5539
7804
7301
1744
3992
8553
3256
1193
8985
9361
2600
696
5342
4008
6014
9614
8419
1616
5515
3251
904
8386
1515
1901
6696
8454
6821
4426
740
9900
5849
2647
524
5900
9105
4648
1818
5870
5491
2259
7396
896
7085
6131
8321
2344
5941
717
4156
1471
1976
4245
9697
5365
8487
5232
2509
9171
1982
5741
1333
706
9612
6357
8704
8774
7080
8973
1583
9615
6166
1467
7513
4839
3246
9938
1427
3014
6270
2001
2243
8889
8892
8248
9057
1626
4199
7345
8919
4265
6072
551
205
7476
5901
2131
6849
694
605
8032
7846
7272
5459
5685
8624
2834
4524
4831
6689
1409
9815
619
3533
1761
1521
7529
7129
6667
7438
6842
4945
6718
1971
2198
7329
7611
773
9369
5984
4679
1072
5457
684
2329
6110
2229
2204
5717
3959
3814
9622
5162
4338
858
9840
6451
8685
6730
2321
4579
5359
4930
4167
566
7938
6328
3716
3615
7270
9364
9545
4007
5553
5850
4360
6728
7655
8711
9018
6230
9333
4990
6065
8281
5488
3952
9179
10000
652
5203
433
9073
5630
3484
2617
6062
5804
7459
2940
8878
2706
9182
3225
9901
7911
1255
3752
5826
7179
7342
6542
9919
590
23
8584
4580
1570
8644
7432
4383
2935
5022
2425
3017
3918
8058
3785
3516
4621
8236
2014
5797
552
912
3059
8911
8085
1748
9885
3292
9704
1735
6573
7678
1594
3446
9594
8580
6469
4751
6460
3593
6226
8984
8345
5287
3660
9833
3283
3883
9584
451
1741
5207
1106
4010
2341
8303
7136
6986
6668
9792
9439
2704
135
8667
2238
8876
4423
9914
183
6862
311
318
6115
625
3128
1853
2203
1184
6877
9924
9054
8556
1206
5364
2557
3025
9758
4724
3932
5301
1914
2443
8885
1065
8196
9850
7237
3381
1922
4171
8567
2139
6712
6188
7207
2710
4788
6458
3134
1026
3621
2118
8381
3831
2421
2134
6658
8304
6628
7663
1076
8090
6596
8453
9504
2207
7484
978
3798
8212
9802
2888
4453
2944
5673
7444
6657
2223
1353
3803
4084
697
8469
8313
6052
2785
4441
8477
3745
829
4857
1285
6671
1874
5836
7493
1978
6183
3038
865
6857
2618
6149
2115
1629
2921
1541
5584
3640
4733
6402
2523
2326
3443
9412
750
4975
6394
1256
8940
5588
3427
1958
6935
1676
8242
8531
8842
1555
4433
3780
4708
9130
9673
9422
9853
3569
9658
8905
3905
1524
3189
3172
9577
6027
8641
1736
3357
6350
6959
9027
2899
2988
2177
4266
6207
5419
3872
5447
1389
8046
1300
7217
9038
4987
1282
7308
8322
2861
59
1197
4216
1876
9249
8824
3579
5151
5194
1
8841
2901
6847
2214
1058
8462
3818
6103
1441
2105
9117
6315
5097
7481
674
91
3586
2670
2555
8100
7578
2892
9790
9542
4076
1412
3379
1538
8275
4314
8793
1611
2797
2356
1048
2517
4637
736
8839
607
3330
1968
9820
700
832
7888
5608
8845
4132
7249
4951
4183
1928
5866
6586
2822
6194
3499
1507
5302
4972
9096
3496
7751
6779
987
9206
3332
2100
366
9978
2045
6611
3717
7549
8903
4307
7191
8316
7839
8245
2253
4157
4508
5228
9806
350
785
2125
9268
7706
3663
3792
6135
927
3344
8521
6098
4455
236
5047
349
9190
7078
2182
1803
1912
6111
5397
6675
4500
7013
8149
2959
2764
449
8138
7122
501
9827
3638
4790
2851
2364
9013
6771
6644
6770
3968
2407
4942
2417
8866
1977
9170
7920
9916
3338
1866
1219
1893
3768
3101
9032
2313
5104
5917
8153
4552
6666
6334
4918
5247
7509
1174
9752
6727
2677
9033
5982
1802
8244
7930
1073
9617
4499
8416
2540
77
3320
8656
7588
830
6329
2494
434
2003
2098
8230
9040
8498
4114
6560
9441
9385
8273
3861
6544
5344
1697
5165
1211
666
8743
8006
1280
4543
3312
3175
478
2705
1111
780
2171
7282
5339
7347
8018
5773
5683
5032
4278
4460
7520
2281
1847
7907
5948
9599
423
8782
9165
6318
9849
8055
7503
4891
6377
6527
6139
459
7861
9126
2129
6228
2456
9460
3270
6366
5615
1069
3896
3390
6757
8758
5487
9398
7011
7547
6190
3524
5157
6894
3899
3674
1715
7669
8688
2885
3402
565
4625
8172
4743
5762
7837
833
8542
3732
3530
6980
1969
8146
2624
5723
6191
651
4261
8396
7574
271
7387
1989
4352
3301
5185
953
1230
9861
1689
1131
1681
2948
7623
3736
5016
542
2659
4234
9661
9530
8700
7703
4174
95
9799
9296
9640
618
1479
6088
9432
4506
9167
8165
3735
2525
6089
9485
9652
1329
3153
2429
4771
4673
6541
5938
3851
7636
1806
6737
2795
2087
3347
365
2363
1965
7768
5071
6581
9744
946
9219
939
2152
5403
4292
7725
7436
408
6050
5331
4768
7624
7684
1009
6732
637
7034
6673
7190
3714
9836
9030
1095
57
774
4217
7094
8722
8527
6540
5198
6856
6123
779
7
5679
5756
6084
1534
3702
5017
5439
1779
7526
8011
5312
1002
5111
3834
6492
3264
9819
8171
1395
7932
9996
1367
8484
5329
7589
8026
19
7049
3946
4013
7644
2168
5303
1580
1422
9284
7391
3677
5893
8579
2938
2189
4669
2069
9192
289
45
854
4170
151
6790
4797
3715
5249
9701
7561
6144
5860
5448
7754
6855
5544
6827
2605
2845
9729
9248
2955
6703
2740
5276
1335
2939
6054
3406
9816
4056
648
5891
8444
9043
6491
9567
1820
7504
3449
3440
3680
3576
5928
8941
6134
4208
645
5631
4268
9146
3125
8732
1397
4254
9089
8051
1023
3026
7382
4343
9913
3260
8613
7354
8447
6200
2389
1670
5034
1635
699
901
8607
3268
601
3416
7707
2482
3079
7694
7620
1276
9394
3000
8
6002
8490
2690
2527
4125
8552
5763
8587
3921
7424
6386
5048
3900
2130
5832
4530
470
5656
2149
7778
6525
8723
5404
3830
9917
3476
2111
3294
2254
8468
3529
4463
7536
8445
5039
8856
2257
977
5424
2804
4373
8709
3613
8875
169
8681
5973
791
223
7865
7805
6447
4833
1385
4083
1114
6481
2875
9079
9463
2660
2173
4330
6695
3985
4701
9311
817
7986
2446
1955
4283
993
4088
4096
2483
9402
1680
3164
5347
6835
9823
9742
9766
7973
6339
2772
7152
1859
8648
5574
1185
5903
2434
1192
9204
9224
1354
6264
6776
8047
3936
4603
6305
8397
2877
9246
1948
9685
8170
3279
7164
7419
8457
9741
92
8884
5471
8604
4707
6355
9322
6677
8513
7649
2438
147
8319
2883
4097
1916
347
9734
3863
5023
5296
7690
9289
1436
8860
6714
7627
6429
1407
6619
5088
3282
321
2273
5914
4642
5289
8923
7535
8222
2750
2333
7263
6379
6578
5082
2561
4357
481
329
9339
8783
1113
8213
7558
2801
5043
461
5333
1218
7404
5830
6093
4448
2566
2137
2809
1558
3289
9660
5412
7787
1887
5046
6
661
7883
6588
6010
2787
5388
1857
3245
630
9090
3740
8285
9108
5377
7200
2979
9489
1954
6513
6748
2396
9254
4513
8767
1896
3755
1531
3426
3126
835
534
5067
781
1504
1190
6966
6016
3007
5127
6906
3559
2060
9908
5642
5475
3526
3520
4787
5098
7259
2029
363
4031
6984
7814
9662
7039
997
5737
2637
4247
4994
2533
1768
6262
5507
3075
6796
8363
8473
3174
2387
6091
4596
1281
41
5008
9740
1860
2615
2538
8737
8422
9890
9643
5877
7205
2611
800
4492
4409
5908
4376
5486
6947
54
4875
9869
6927
8603
1324
5562
4152
3853
8833
2974
8377
3058
5675
8061
1774
2047
9589
1245
2300
7120
7720
2788
7287
1605
8342
8465
875
737
2342
2836
7830
3099
1589
450
3377
4986
8075
753
3741
7977
2308
5308
4271
4971
9451
9231
6922
2028
9841
5571
9655
663
6125
6036
8169
9260
7889
4488
3269
4736
9415
5879
5033
5525
8880
7845
5691
4177
9304
9474
355
9239
6799
4535
7215
6749
6593
662
8249
8621
7820
5429
1842
6437
2734
519
4163
6798
4141
4159
1730
6286
9975
3960
9217
7745
6484
5628
2831
9042
7458
4001
6426
1164
6627
6295
6953
9128
3456
2347
3080
9817
5564
2277
727
7349
1660
2414
9653
7927
4310
1380
1140
2480
1030
7749
3421
8781
2336
5886
8434
7341
1424
3931
578
4365
1693
2159
9548
6538
3308
2136
7798
2559
2756
3277
8950
3737
1943
966
123
142
6530
2679
4961
8280
5251
5410
2608
8131
994
9630
8606
4692
2033
4166
7849
4518
9762
2497
4207
4209
495
7618
3977
3999
5001
836
2594
9409
9283
6256
8344
253
5049
2498
2110
595
8167
3750
5192
7379
2893
4418
1949
7316
3783
8785
3206
9362
3198
8636
8645
751
5874
5581
1439
5953
5413
5443
491
4646
1855
2324
1000
155
2505
7027
6220
1253
1630
7619
640
7003
9199
5163
6983
8569
7279
4966
8822
957
3841
7781
9161
5315
4173
8308
4176
1275
3698
2689
6681
7442
8816
8677
9821
8502
2138
5300
5304
1425
4656
9540
2404
326
8720
4828
8912
2996
8537
1092
614
1832
9724
1553
2162
5733
3106
6555
4326
5418
5115
4934
2997
9449
4040
2628
3362
1456
8258
5993
5535
2408
4331
4786
5637
2053
3825
7014
2960
1690
5271
1024
533
309
2536
2083
9515
212
5156
2866
2571
1374
3541
1753
852
6665
2735
3024
9215
246
2165
3057
6543
5966
6618
5669
3967
2158
1341
8296
814
9404
735
8166
1368
9384
6337
159
6809
1575
2748
6529
8733
9794
8610
7040
8509
5520
2847
5969
7162
1612
4926
940
1533
562
7978
3185
3287
3923
9763
5878
7256
6626
3288
7893
1056
9044
3578
4929
1598
2302
8228
9061
4223
2914
7437
8282
5934
6164
1547
8141
3042
7292
6624
4825
8965
8320
7928
5217
4363
9627
2856
6817
8741
1798
6266
3465
221
5351
8045
1972
2112
2548
3894
7519
5894
622
5274
9175
3734
7603
1157
5640
4556
615
6739
5454
2793
6654
6449
453
9337
8635
7276
9839
1762
6071
6969
8642
2349
9067
4545
8250
3385
1434
739
8443
1116
7940
9266
140
1990
4312
8113
2593
4504
6287
8353
9166
8762
3978
3257
2876
8352
8870
8899
7698
5188
2852
6829
8387
3767
9981
6313
4019
7483
3854
2745
6099
7643
1087
7673
2094
167
6825
4155
8156
5840
790
5391
2030
8231
613
5542
9276
6038
4161
4009
6824
5761
4282
5110
6623
3054
3124
2486
6231
4943
4169
302
2496
2792
6659
8476
4049
2811
4471
9971
6606
117
758
7699
3200
895
965
5227
7117
4317
2947
6670
6108
1420
6431
7822
4815
4583
1801
509
4334
3061
5262
367
7359
2113
5720
7012
5293
7847
3790
3942
1532
7210
9703
8111
7642
4222
2784
4655
8403
2353
8811
1934
4821
5490
2817
1734
7960
2542
7402
1166
6040
500
2680
5810
5530
5453
2004
7604
2604
3143
4287
7073
4470
9544
2626
9632
3152
7615
2307
3573
6816
7166
8119
1780
9754
2693
3261
5751
6768
229
4403
8998
1278
2122
5052
4204
6076
5681
7639
3142
8631
6399
6976
3525
4566
7104
8294
7196
9951
9251
3690
516
4150
2219
5062
8877
5784
87
2447
4200
7521
5328
1196
8659
3255
9745
3804
6630
9153
4482
2973
9011
5031
2395
9818
6493
709
9406
7243
556
4846
7638
136
3409
5106
7899
8451
8219
7177
1322
6343
2442
2994
592
493
160
1530
6398
252
4473
3709
5150
6711
9387
5662
7546
2235
4731
9787
5170
8961
2910
4412
3121
1267
6470
7994
9374
2018
5481
9781
7808
1966
8796
3979
2295
1597
7197
6205
9307
2694
5573
816
1349
8475
690
1403
5445
5538
1709
4345
7821
2476
3
4634
5872
6167
9637
404
1042
1913
2052
4928
2588
3824
839
981
9285
2652
4632
1318
9229
9025
5828
1669
3630
6257
8713
8393
6503
7775
2091
1326
4259
587
5146
4439
813
1210
986
8612
5240
7800
3789
3053
6223
5255
1927
1694
6795
6086
7838
8651
3378
180
869
3676
3532
7386
5670
8315
7247
1257
114
8364
9988
2977
6676
9139
6271
2255
8174
9676
747
6056
6465
8127
6928
9178
9797
5378
2575
7401
3571
6616
8168
6006
7682
8346
8504
2369
8184
8357
1466
2332
7727
3452
4917
5101
1149
226
2455
8430
4964
4425
5618
5764
4306
3759
3022
3884
9433
4607
8971
457
5597
8851
5534
2401
6694
40
1351
4882
3311
8479
8077
917
5808
7887
5371
1767
359
9918
9565
4772
6017
3209
7661
1704
7490
5677
952
4147
6236
6679
5070
4855
8512
2941
9719
7802
338
1897
4405
4175
6743
7439
2034
1588
7399
7991
2011
3144
5204
7965
3479
923
3186
8355
6204
2665
6489
3987
5007
9856
975
8748
6079
1711
3304
2010
2070
2457
2805
7114
7204
7096
6899
8730
4782
9616
1661
8696
7812
7591
3957
466
7658
7757
8052
2063
5915
713
8132
8901
6576
1418
5865
2908
1446
9832
3276
810
7755
3403
9099
4404
2076
3487
2697
4619
6731
3747
2314
5719
8679
2121
3746
4916
8440
4213
3769
7685
2061
5179
6583
6090
5468
5714
2035
9259
7771
1231
9185
2413
5064
9556
1134
7032
9427
5778
7586
5463
2712
7304
7577
3473
4775
1535
2936
1662
5395
8790
2891
7688
906
2723
8078
8334
1101
1437
4761
6960
2490
7238
782
1323
163
626
6942
1105
6554
8535
4750
2687
6238
374
9265
6568
9366
9893
7827
9123
5610
8770
2233
9230
5128
7015
3482
241
2081
6240
5867
4560
1519
8772
5231
1875
6218
9351
3475
1651
4118
4026
1675
1879
2728
9862
9961
8591
8890
9111
2623
4591
3082
8040
7383
1452
4956
4333
8299
6806
6013
3944
934
4077
4853
4274
2995
6846
6958
9148
5079
2584
9191
5040
8148
4980
5884
4847
3562
6290
9714
1905
3604
2274
426
7158
4614
240
2428
290
1856
7180
3506
9855
3538
4074
8608
8456
1899
7324
7961
7429
3554
4316
9496
3811
5416
7262
9864
741
3566
9072
1623
3964
8789
3305
5145
7874
9135
6459
3430
1552
8858
8572
6528
8449
3558
6595
2786
3764
5474
9514
5803
7087
958
1813
9342
8946
4417
2267
6051
1773
9298
7697
9264
9236
1310
2023
2079
3001
5579
7923
3675
5427
7555
6957
5018
5514
8687
9207
7590
6392
2013
4124
6312
3336
3971
2956
6033
995
421
2474
2317
3451
9851
1139
8969
2606
299
8557
786
7667
3539
4948
1364
173
70
9888
7300
6443
464
2776
5327
6345
4126
7491
1885
9301
7831
6610
132
1246
237
733
3353
2436
141
7355
9445
9256
7407
6931
9991
9102
8962
120
3685
219
1727
2304
6007
7463
5183
8298
9682
6956
6172
9373
7750
5125
259
2202
2565
139
6428
5802
6435
2088
1907
3448
974
3364
8137
1826
36
8544
3450
7993
5558
3984
4564
6113
5823
4698
4773
6860
4727
6480
264
1384
6638
541
9665
145
8883
7810
5379
8311
2661
3182
5479
3263
6333
1883
1313
4178
2969
9581
7562
176
2092
846
1788
6549
1325
4809
1370
8329
6531
6823
9687
3159
2022
3319
8194
5627
1992
9712
4298
571
2051
7405
1415
7537
3400
7953
4742
6133
2501
4510
9696
6346
7170
7076
9866
4309
8534
4587
4355
9561
2832
3751
8976
8426
1566
9800
6349
3190
5252
5578
1217
9021
7406
4762
1628
8301
4131
2633
7121
680
3949
1383
8819
2350
5472
6858
2288
3542
6102
2537
6793
7935
8795
7857
4406
4824
5390
1931
7065
4111
8821
1265
7739
4398
9088
458
3563
5266
3179
9282
9107
7656
130
9440
5543
2331
7280
8740
937
1414
427
328
2251
7192
1654
4241
7113
4122
2056
5099
5385
356
8759
7283
1789
3315
3646
7764
3462
4528
3917
3902
5041
956
935
2518
621
4671
6891
8117
4459
1426
5458
244
1995
5925
5861
2814
4630
7062
5623
5063
5056
4039
1182
2041
7964
2298
5907
7143
388
4862
1921
9195
256
1476
5652
8283
425
5933
7646
3211
9367
2634
8019
5663
5556
7137
7746
8116
9566
6886
3242
6900
4820
9287
3271
3445
6866
5215
2929
4379
715
1173
6510
3727
4931
5216
9547
9791
4042
9999
2479
5684
855
9551
3671
5658
1732
1104
6400
3488
1295
2718
3052
3856
6046
6565
828
5498
5960
6690
4913
507
6535
43
7791
2862
8107
1724
8375
4678
4537
3886
4070
6505
7364
7124
528
3845
9842
9608
6247
5845
7038
4116
5283
9475
109
4490
6898
8349
4143
1577
8053
4263
1805
3867
4129
8110
2398
4495
2402
2166
1738
7403
3235
2630
1188
7916
3611
1666
3349
4574
6755
8417
4991
1029
5051
3413
5506
9234
9173
6946
2103
5381
9992
8777
6440
5035
6875
7281
3044
8646
6410
4776
1480
8906
7784
3420
9782
9203
2724
7693
3253
3712
9063
2668
1945
4807
2911
3498
3648
3039
2377
8414
9955
5323
2178
9411
306
4420
5433
1935
7956
2210
8959
4358
1906
7875
1179
5405
6974
9198
6011
757
8175
4688
3802
7567
5978
3784
7146
2005
5280
3848
385
5746
798
9689
6034
1226
7582
8016
7075
941
9100
8988
6472
6224
2816
3485
337
8005
2529
104
7127
6023
8820
2651
4264
926
5029
8332
1923
1518
3116
5356
2965
4068
890
2265
7264
4277
9909
7053
8253
6680
3442
3761
2583
734
933
5603
4755
6991
298
3266
9418
6605
6551
3901
8886
8289
1156
8010
1523
5105
9313
8215
5477
5527
6811
9242
4394
9071
6523
7107
4246
4985
3721
8523
9205
6388
7730
9793
5945
530
2191
5668
399
1712
5643
8071
4565
731
6364
4303
6802
8549
4512
1582
887
1775
3037
370
4514
4237
5265
7863
6750
677
27
4451
2871
9620
893
7135
2840
9716
7742
1093
6173
5700
3503
4191
3706
8900
1234
3078
9512
5767
7868
5616
1144
9094
9163
5186
8068
440
8898
273
7030
1814
5286
2993
6706
7909
7774
7980
2943
1506
1119
5254
8982
2057
2982
8907
8360
9808
718
9444
8015
7057
878
5961
4728
8312
3828
5833
5940
4181
5141
6285
2824
3954
231
874
1997
4988
5037
6982
8324
8896
7397
5649
4962
13
9601
8028
9109
5881
9760
656
8753
4428
1137
9591
8004
7371
1007
3704
2345
9538
8844
4752
2074
3244
8435
8267
1120
8780
3173
9613
4647
9639
7608
5869
3391
6550
1988
850
1938
4385
5455
7325
4224
3428
6284
6148
1406
4700
2360
4599
6219
2181
8310
1228
8144
1330
6045
6547
9968
2549
4369
9954
7968
9413
5754
6536
3846
1903
1034
5212
4840
7922
767
3643
4711
8433
3691
8133
1220
3701
8600
9048
3584
74
3688
8840
8592
7334
6060
6701
4462
498
6634
4706
4618
8766
7315
6316
9467
7738
2688
2420
5408
8191
6859
4555
8259
9286
3976
7052
9884
2067
6923
5987
3114
9749
5769
1078
2221
5650
9035
682
2825
4419
7652
8239
5489
6873
5612
6892
7867
7258
3046
336
4812
3782
9907
766
7606
1759
2543
586
5184
2807
6837
1005
4045
9083
8200
4613
1022
2351
8694
8813
8669
6633
3623
9274
6368
7082
2841
6797
9691
3731
6910
9196
5452
5923
3871
7119
5442
4705
9227
9579
7777
9882
2477
2185
4932
8038
1342
7131
9946
6738
3904
3873
7213
808
2716
3141
8710
9454
9447
216
5727
9448
134
8583
1786
5997
1045
296
6331
9554
53
6566
9522
1212
3501
7512
2987
8983
4489
7412
8493
4536
9425
4974
2779
4342
1273
6405
3045
4281
1569
4240
3836
1497
2897
5341
7842
2532
3606
8701
1001
7285
2865
9860
9982
4681
5205
4214
72
9014
623
7163
2227
5386
5779
8307
6250
512
6301
9878
7534
1852
2641
8620
2983
3508
1737
7449
6721
8590
6234
9050
7064
2978
9470
4022
7500
5066
7650
4396
4494
4228
7050
4389
3966
7346
7477
4235
4884
8734
1758
1967
2451
3423
2280
4570
4867
1465
6454
4531
4967
1581
2546
4477
3295
49
9549
6901
7807
5734
5202
1283
8750
5464
2096
9002
3363
9537
9308
4636
9698
1294
1721
3327
3191
1423
7232
5958
2366
1850
9352
6422
743
1158
6759
4005
8389
6153
876
1343
6294
5916
8415
3389
9457
1926
8020
4220
4290
9825
1006
1882
8418
9070
5349
2519
6597
8904
1895
1947
4663
4801
518
7708
3666
3060
3386
5277
4072
5332
1550
9210
8260
3797
238
4464
3401
1719
7465
4078
8936
5873
1835
3823
4907
911
8540
1250
8525
4043
2895
6722
8992
280
419
6656
1088
4189
7411
2799
5854
1585
3424
2228
5153
454
799
6008
4716
8546
8314
2574
2194
2410
6304
4522
2140
9962
3770
2020
7426
9910
6255
4690
6539
4415
8327
8481
4107
6085
2802
9597
8828
6330
1195
5074
1112
5844
8862
2256
7616
7375
1297
6669
9500
6347
2835
7599
7227
6591
7554
2774
5002
247
1169
1725
6516
2844
9942
4411
288
8952
8565
7664
6691
1822
8431
4101
3589
4335
8105
2539
1315
8533
6716
8350
9928
8203
2316
8848
8832
3226
6215
2703
5250
7099
3945
5653
193
1085
4182
728
3738
4305
5548
2504
9297
7585
3941
5394
7799
2751
4754
8442
8274
1375
5211
5639
330
375
4021
7653
2924
9508
9372
3138
1321
6760
5398
3564
3515
2399
4300
5245
7115
4562
3355
5814
5267
8224
9045
245
7714
68
4633
4546
2101
5665
9737
8503
415
2902
8029
2448
1262
18
9149
2602
6385
5739
7966
5366
8023
5635
9644
5176
6408
5715
483
1517
4424
2260
1600
6278
7142
9368
499
3460
9134
2766
5990
3137
3880
3791
3974
2215
3228
1460
6067
7945
157
4744
4870
38
4102
1244
2190
6836
6268
2986
5858
2886
6632
9829
6571
4554
2036
7902
313
6907
3437
6838
3468
1444
4897
6075
2068
2918
4180
4710
8792
3694
3665
3916
4605
8598
6686
7060
973
9358
6030
7365
8385
1459
8126
2311
7390
6567
877
323
7400
7134
568
9654
6524
3726
6965
9290
2312
9569
1499
6383
2006
6184
2794
4017
7022
8703
4978
6642
3307
1264
2631
2109
6729
5201
1121
2747
2411
9804
4813
9493
638
6559
5436
6620
3596
5060
5633
4611
2271
1288
4416
445
9974
1012
3458
7972
9663
7760
4262
903
6261
131
2587
8369
4229
4113
5758
6637
3910
546
474
1100
9678
5114
9381
6475
8510
7605
4747
1942
7632
7070
5768
7855
5821
1656
6893
6773
3639
754
1841
3032
4392
8721
9469
6692
4838
1621
7074
8277
1301
65
9702
504
8130
5456
175
6452
1821
7970
9261
6201
4006
7095
2880
3626
9948
63
1369
2669
3758
7533
3650
4402
1025
7291
1472
7917
8096
6520
2220
959
693
1811
9486
5496
5822
2903
6152
7840
4981
5792
6598
4014
3215
4148
209
4503
11
4659
3048
9795
1726
9243
4783
7635
5783
6684
7384
7372
4950
8238
7220
5030
7443
1590
9360
9624
6890
1155
8152
8690
7103
7724
2124
4347
5139
1153
1733
3629
293
683
9034
3027
7959
7630
4872
335
7843
7395
6580
1028
3939
9921
540
3411
1529
2510
339
7740
8932
1672
9064
257
4758
2731
2355
6788
4781
4458
4871
4481
6119
2720
3815
6302
5846
4457
2632
1021
8330
6273
7833
3850
2916
4568
8650
7609
7218
9028
2499
8566
2439
7858
1595
2920
6700
2782
6212
980
6187
7446
3591
7185
6936
6365
4924
162
8615
1311
1838
1394
604
3358
1540
1319
9671
485
8039
5121
6210
2798
4400
4344
2808
789
1924
5319
8220
3345
6909
9386
8197
6813
6195
7903
536
6122
7284
6590
4939
575
1461
5876
3659
1223
8867
1516
7617
190
6561
2739
9420
3544
611
8340
5085
7310
7629
6758
1152
1378
749
9926
9846
5158
6265
7466
191
3507
2648
1057
1003
188
8627
9738
6852
7550
4626
8564
5069
2373
1537
2567
9600
4485
6468
210
8855
9188
8634
7780
8909
4062
554
6380
7079
2141
6471
8160
2470
4627
4251
8297
6815
201
3888
2963
5292
5284
4881
217
5924
2949
4802
69
3155
364
8472
687
8629
2071
564
3324
7563
3029
2230
1309
2686
7041
8093
932
1795
121
9985
3267
2232
100
83
1502
4142
4719
8266
7474
6752
1999
7188
900
9518
8997
3840
6202
3911
8652
1742
6937
3635
8804
9157
2161
6035
4577
6872
2027
3610
6372
1917
1845
1851
5885
1249
9931
5044
8508
3990
3641
5994
1920
2730
2008
1755
936
7293
6120
1792
197
5376
1873
6483
8103
1473
2193
6834
6552
3631
9306
9513
196
2522
7769
6652
8963
3865
4440
8684
2231
769
9453
7570
7952
4864
353
9104
4377
4799
8921
6233
3361
67
777
8257
1402
1214
8746
4597
9232
225
7314
9228
3219
510
7176
4487
3084
9578
9464
7689
6577
6754
7128
2635
1332
3249
8581
9822
3681
1843
2502
9086
1686
4304
3202
9666
6199
8683
983
6121
3254
3031
659
7413
7748
4080
7679
8201
9777
137
7715
641
8625
6129
7647
149
4127
1827
6998
233
8409
765
2392
3104
2878
6395
4861
8042
2290
778
5965
3672
2167
4388
6744
6868
5852
1474
7505
2810
5659
853
8958
3772
2658
9929
1781
9101
3678
2126
4757
6227
5422
4709
657
1510
8425
768
1292
2284
6609
6063
7147
9438
861
249
3839
5729
3422
5839
9269
5805
7958
3230
5360
1360
545
3375
5552
6800
4675
9990
1046
8338
2691
8954
8262
5951
4184
2672
1511
4362
6841
6165
86
5335
9590
164
9785
8030
6001
2806
3436
4466
824
8536
5731
2169
9511
6251
7878
7789
3354
6515
8399
6082
2580
1071
742
5932
7058
1102
2489
2381
4765
2460
2614
3935
20
7506
7273
8664
632
4253
2449
4722
8290
5024
2174
6971
9728
7468
1702
2644
1691
7828
8859
2991
6918
5702
342
9568
4192
1562
7876
2075
4219
5483
8725
8407
9757
7666
8978
7879
5264
1097
2595
5678
3285
8402
9349
113
9321
480
2361
281
9158
755
8673
9798
1627
5414
5370
7090
2838
9593
1204
4984
7089
7388
9596
1222
8072
3071
1617
7417
1178
4845
5815
4279
7581
7302
4653
1050
3334
4693
1033
8632
5959
5136
1305
360
7450
2699
8286
171
968
5591
61
4759
6069
118
866
5740
761
405
2065
9773
8719
924
4041
851
94
6279
8849
6109
4119
5361
5766
3136
9863
243
7803
1546
1186
1077
7350
7037
8868
6397
3352
6724
8829
2655
7834
5706
9482
7516
9000
6912
3467
133
7319
7321
1891
2205
6941
7942
5955
1187
9723
8326
5465
396
6500
5311
9080
6358
6674
7297
393
6487
5420
8545
7495
5801
7622
4397
669
6973
9156
6993
7241
6185
1708
2513
2382
1664
7311
4472
8568
9976
3993
7026
6545
616
4527
5546
6631
5321
9344
3293
4165
5259
3303
5667
327
368
4725
9401
7254
6344
7352
4302
6442
2639
6962
9155
9380
2755
4436
8246
7066
2114
9408
7236
1248
3969
5747
479
6198
6954
7633
9058
287
7356
5565
5142
7336
3975
818
413
5937
4185
831
7900
2107
8002
4353
5004
6150
7132
6726
7328
5786
5912
8183
9977
2663
4456
6713
4638
4640
3184
5859
6629
8347
2127
1270
3372
9625
1356
1485
9168
3429
4721
5167
879
1443
8874
522
9555
5629
8706
7470
2867
1790
8639
1886
8464
7677
6978
9835
7941
5837
9932
9019
6625
6640
8714
9858
8654
8008
3120
1684
8871
6425
5053
7211
2698
4461
4057
5220
8779
5963
8467
9769
5160
8530
1495
5467
292
9634
8751
6604
7216
1804
358
7130
6104
8698
3110
7947
8939
9220
9020
7924
1482
2992
8742
9905
4977
8098
1130
6352
9065
1653
1080
8735
3284
825
6243
3806
4378
581
1659
2976
7528
4889
3415
8869
7173
8331
5368
6784
6919
5707
3050
380
9708
1470
527
1975
6945
5239
278
5133
2671
3574
4299
110
1865
6130
1405
5428
826
4276
1236
3196
2268
4431
5742
1032
7668
5279
8448
4432
7199
444
8495
6039
8173
2621
3326
788
6354
7008
9350
7380
6967
7733
389
9169
9959
5013
4651
9690
9299
6298
5811
2683
315
5735
3816
6509
9324
1877
5554
5703
8555
7729
66
4137
4794
5396
441
6801
7723
4540
9535
6585
2359
603
3915
9824
1390
1556
5191
3799
2653
8128
5589
3786
7891
4060
3748
5314
658
2855
532
4729
4949
7269
7936
4873
5946
2176
8749
6522
915
7098
8288
9870
4829
1201
6702
9022
8336
4410
8674
4324
6995
584
4993
646
9462
882
7102
6715
1508
577
3214
8362
397
9667
5345
8218
7462
7996
5569
9647
3248
4066
9958
9318
5777
1601
168
9517
6077
1910
3555
8935
3384
6381
352
5337
4676
1172
1251
4811
6999
7671
9494
2128
9755
5775
3655
9233
8057
3076
2989
9739
671
4384
8180
2622
4212
9505
5626
3454
2048
805
9144
251
8089
3464
5819
319
6504
4233
6095
5699
1491
7174
3662
3779
1450
5119
3521
1909
8491
2044
7640
9526
4516
8815
58
5897
7873
5911
4826
6848
2025
8270
8413
7489
1377
1486
9994
8106
9222
334
3551
1110
5570
537
5423
9524
1171
1785
4687
3997
1345
7869
7524
5325
6181
8996
4734
1728
7224
8718
6291
1233
1679
8662
8717
9943
3962
1352
9902
7602
3656
1509
7553
4947
7335
5061
7963
2541
9047
8432
5355
3673
6254
1438
467
3928
6239
1754
28
4515
5577
5913
922
1054
3642
2702
9838
9688
5096
7892
7111
7852
3540
1445
2721
8697
3439
6653
5154
5401
8712
9209
6382
5073
7149
3765
2384
4058
8264
4322
4631
9136
2904
1040
764
7313
8441
4186
5825
5343
2099
4644
7017
4139
9915
4320
7348
2909
2531
5745
9629
8968
2636
5771
316
9476
7737
2727
4541
8914
9852
1957
325
1641
5168
1980
6992
6792
3744
3055
812
2823
3222
5290
3140
5485
5613
182
2252
4069
847
9801
5710
1252
3869
8622
1599
1359
2435
5138
6292
594
7904
1454
3278
712
4963
2627
1194
9421
2667
4367
494
849
8208
4793
870
7687
4050
5890
5787
5660
5430
9262
3412
3617
8376
2853
2681
4983
9972
1613
285
7659
5523
3300
2469
988
821
7351
8406
9834
3807
8977
4654
3077
373
2368
1658
8705
4720
2743
3066
1392
44
3686
4992
9997
3133
8483
6710
7195
4590
4225
1478
5291
5003
2269
4667
1960
2643
3728
8519
1163
4979
7983
8827
6897
7859
6092
9562
539
7766
1592
1336
6419
2820
7835
3012
3561
8826
8118
589
3408
944
7598
8390
5964
2558
5730
4877
7712
1455
5081
4704
2673
2039
2803
6651
6258
7886
5563
8863
5674
5517
9450
7010
1018
9281
2843
3657
8801
5698
6170
4479
3862
5550
1615
286
8195
3091
1908
8478
6439
1457
6908
6445
9993
7105
7696
9543
6367
4960
7298
7943
670
5288
9142
7250
3234
4958
962
2297
239
8421
5409
258
7648
4242
3523
6887
2719
2153
1723
3518
6787
9771
2385
9012
9664
8617
7908
529
1829
3500
6406
710
6981
2830
9973
5107
8505
6155
1647
3536
2145
3548
4437
634
4507
5944
7894
5980
5362
6105
600
4887
3286
4270
8852
5580
2315
7317
5510
2964
1209
1652
3972
6950
1574
1937
4816
5672
9609
3658
9332
8205
3227
5798
4055
665
484
2506
1327
8586
9501
9114
9250
2179
5322
3455
8084
7234
5875
7472
4105
34
2143
1904
4584
8836
2957
3490
7832
32
6137
5181
7360
2484
4120
3893
960
9960
7343
8818
5281
4612
6885
4914
9560
7539
4319
3419
12
7665
7560
8951
1985
3346
708
6341
384
1216
1014
5012
4836
5407
2711
8547
2590
7510
6822
6246
8689
9363
8157
6203
720
165
378
2463
2419
8437
8500
3895
3073
8728
3553
232
4649
3461
265
6911
6587
3796
538
999
8033
4086
1846
7856
3170
3356
9563
2620
8268
3955
6293
2597
5794
6996
96
8265
6359
3156
4226
4519
9684
7796
3537
6589
2423
1098
5855
1650
1777
1862
8017
331
3107
701
9874
3118
1419
976
7492
6307
4036
4313
6252
7212
1241
5258
4511
9160
4903
7568
5789
1881
7695
746
2934
6249
1401
5545
6456
2990
3299
2090
6259
3970
1911
8378
5772
351
9189
1713
7358
8088
6685
3035
7464
1501
8135
2762
1673
1665
3628
9037
6423
3034
6932
1500
7773
276
2981
8254
8271
8408
277
5298
1769
7614
1411
1464
3087
967
2775
5417
473
9
7457
9240
2343
7123
2211
8638
2932
7882
7031
2
2403
3882
8660
9923
4012
8189
9084
9488
4206
4112
6189
7363
50
1513
1815
5605
7523
3995
6100
9208
4869
5906
7517
4865
7809
8159
6766
4878
4571
1084
4616
4016
8176
4294
7918
1956
3929
2815
7378
2046
9039
9889
8865
7823
7543
7019
3081
1136
2773
8640
7998
2676
2839
9119
2610
4048
3309
8934
502
598
9085
48
7421
1290
8857
860
8382
4098
9984
8551
8949
4288
3216
6146
7946
5841
3165
9780
2760
9510
5123
3237
6833
230
4491
7596
5585
124
2684
1010
1717
5651
2073
5725
398
2601
5415
6143
6488
1039
6389
8760
6066
4841
1475
5606
401
4959
7683
496
1687
2951
6735
254
5999
5709
8807
99
4399
8630
361
3306
3511
8367
8769
4197
8916
4053
692
2552
635
6081
2905
2466
8633
102
5602
6070
2318
6650
6053
1167
931
4154
7971
1398
6241
4336
7223
1770
8401
7691
9710
8599
8383
5140
8123
1254
6303
686
4588
9573
4854
4834
4848
7728
9970
3522
8192
6498
9700
990
1824
1235
2980
3565
7278
6916
81
6819
2156
4830
3689
471
8207
5006
8335
8560
7330
3318
2217
2319
7461
9327
880
260
4029
9152
9004
4589
1677
9553
6756
2226
1889
6584
204
4024
6791
1849
9810
4109
2547
9468
6789
6548
7564
1863
7059
7610
8142
9131
6832
8460
9036
2919
3705
2870
9920
3241
3009
9649
5382
4371
5882
9181
7255
5246
1124
6000
4158
3546
8938
4054
3805
9029
8013
5028
6778
574
4601
3958
548
5441
2354
1946
9375
3393
9711
3550
5387
6324
7692
3645
9407
5260
4308
1800
1049
7782
1993
4785
4689
898
5050
8272
8309
4502
3568
7527
4998
8917
3707
2080
5112
3466
5383
488
1900
3988
492
1031
9541
6169
1514
78
6283
2225
3560
5998
6880
2286
4808
1563
8756
2050
108
9292
4434
4756
7765
9847
6280
5922
2709
1133
8022
2526
7071
1263
7976
9129
2534
4662
3844
4912
261
4622
